[2025-02-04T09:00:02.616+0000] {processor.py:186} INFO - Started process (PID=22498) to work on /home/airflow/.local/lib/python3.12/site-packages/airflow/example_dags/example_branch_operator.py
[2025-02-04T09:00:02.616+0000] {processor.py:914} INFO - Processing file /home/airflow/.local/lib/python3.12/site-packages/airflow/example_dags/example_branch_operator.py for tasks to queue
[2025-02-04T09:00:02.618+0000] {logging_mixin.py:190} INFO - [2025-02-04T09:00:02.617+0000] {dagbag.py:588} INFO - Filling up the DagBag from /home/airflow/.local/lib/python3.12/site-packages/airflow/example_dags/example_branch_operator.py
[2025-02-04T09:00:02.630+0000] {processor.py:925} INFO - DAG(s) 'example_branch_operator' retrieved from /home/airflow/.local/lib/python3.12/site-packages/airflow/example_dags/example_branch_operator.py
[2025-02-04T09:00:02.651+0000] {logging_mixin.py:190} INFO - [2025-02-04T09:00:02.651+0000] {dag.py:3239} INFO - Sync 1 DAGs
[2025-02-04T09:00:02.671+0000] {logging_mixin.py:190} INFO - [2025-02-04T09:00:02.671+0000] {dag.py:4180} INFO - Setting next_dagrun for example_branch_operator to 2025-02-03 00:00:00+00:00, run_after=2025-02-04 00:00:00+00:00
[2025-02-04T09:00:02.684+0000] {processor.py:208} INFO - Processing /home/airflow/.local/lib/python3.12/site-packages/airflow/example_dags/example_branch_operator.py took 0.072 seconds
[2025-02-04T09:00:32.765+0000] {processor.py:186} INFO - Started process (PID=22562) to work on /home/airflow/.local/lib/python3.12/site-packages/airflow/example_dags/example_branch_operator.py
[2025-02-04T09:00:32.766+0000] {processor.py:914} INFO - Processing file /home/airflow/.local/lib/python3.12/site-packages/airflow/example_dags/example_branch_operator.py for tasks to queue
[2025-02-04T09:00:32.768+0000] {logging_mixin.py:190} INFO - [2025-02-04T09:00:32.767+0000] {dagbag.py:588} INFO - Filling up the DagBag from /home/airflow/.local/lib/python3.12/site-packages/airflow/example_dags/example_branch_operator.py
[2025-02-04T09:00:32.779+0000] {processor.py:925} INFO - DAG(s) 'example_branch_operator' retrieved from /home/airflow/.local/lib/python3.12/site-packages/airflow/example_dags/example_branch_operator.py
[2025-02-04T09:00:32.796+0000] {logging_mixin.py:190} INFO - [2025-02-04T09:00:32.796+0000] {dag.py:3239} INFO - Sync 1 DAGs
[2025-02-04T09:00:32.812+0000] {logging_mixin.py:190} INFO - [2025-02-04T09:00:32.811+0000] {dag.py:4180} INFO - Setting next_dagrun for example_branch_operator to 2025-02-03 00:00:00+00:00, run_after=2025-02-04 00:00:00+00:00
[2025-02-04T09:00:32.823+0000] {processor.py:208} INFO - Processing /home/airflow/.local/lib/python3.12/site-packages/airflow/example_dags/example_branch_operator.py took 0.061 seconds
[2025-02-04T09:01:02.868+0000] {processor.py:186} INFO - Started process (PID=22626) to work on /home/airflow/.local/lib/python3.12/site-packages/airflow/example_dags/example_branch_operator.py
[2025-02-04T09:01:02.869+0000] {processor.py:914} INFO - Processing file /home/airflow/.local/lib/python3.12/site-packages/airflow/example_dags/example_branch_operator.py for tasks to queue
[2025-02-04T09:01:02.870+0000] {logging_mixin.py:190} INFO - [2025-02-04T09:01:02.870+0000] {dagbag.py:588} INFO - Filling up the DagBag from /home/airflow/.local/lib/python3.12/site-packages/airflow/example_dags/example_branch_operator.py
[2025-02-04T09:01:02.881+0000] {processor.py:925} INFO - DAG(s) 'example_branch_operator' retrieved from /home/airflow/.local/lib/python3.12/site-packages/airflow/example_dags/example_branch_operator.py
[2025-02-04T09:01:02.900+0000] {logging_mixin.py:190} INFO - [2025-02-04T09:01:02.900+0000] {dag.py:3239} INFO - Sync 1 DAGs
[2025-02-04T09:01:02.915+0000] {logging_mixin.py:190} INFO - [2025-02-04T09:01:02.915+0000] {dag.py:4180} INFO - Setting next_dagrun for example_branch_operator to 2025-02-03 00:00:00+00:00, run_after=2025-02-04 00:00:00+00:00
[2025-02-04T09:01:02.927+0000] {processor.py:208} INFO - Processing /home/airflow/.local/lib/python3.12/site-packages/airflow/example_dags/example_branch_operator.py took 0.063 seconds
[2025-02-04T09:01:33.454+0000] {processor.py:186} INFO - Started process (PID=22696) to work on /home/airflow/.local/lib/python3.12/site-packages/airflow/example_dags/example_branch_operator.py
[2025-02-04T09:01:33.456+0000] {processor.py:914} INFO - Processing file /home/airflow/.local/lib/python3.12/site-packages/airflow/example_dags/example_branch_operator.py for tasks to queue
[2025-02-04T09:01:33.457+0000] {logging_mixin.py:190} INFO - [2025-02-04T09:01:33.457+0000] {dagbag.py:588} INFO - Filling up the DagBag from /home/airflow/.local/lib/python3.12/site-packages/airflow/example_dags/example_branch_operator.py
[2025-02-04T09:01:33.468+0000] {processor.py:925} INFO - DAG(s) 'example_branch_operator' retrieved from /home/airflow/.local/lib/python3.12/site-packages/airflow/example_dags/example_branch_operator.py
[2025-02-04T09:01:33.485+0000] {logging_mixin.py:190} INFO - [2025-02-04T09:01:33.484+0000] {dag.py:3239} INFO - Sync 1 DAGs
[2025-02-04T09:01:33.499+0000] {logging_mixin.py:190} INFO - [2025-02-04T09:01:33.499+0000] {dag.py:4180} INFO - Setting next_dagrun for example_branch_operator to 2025-02-03 00:00:00+00:00, run_after=2025-02-04 00:00:00+00:00
[2025-02-04T09:01:33.510+0000] {processor.py:208} INFO - Processing /home/airflow/.local/lib/python3.12/site-packages/airflow/example_dags/example_branch_operator.py took 0.059 seconds
[2025-02-04T09:02:03.624+0000] {processor.py:186} INFO - Started process (PID=22760) to work on /home/airflow/.local/lib/python3.12/site-packages/airflow/example_dags/example_branch_operator.py
[2025-02-04T09:02:03.624+0000] {processor.py:914} INFO - Processing file /home/airflow/.local/lib/python3.12/site-packages/airflow/example_dags/example_branch_operator.py for tasks to queue
[2025-02-04T09:02:03.626+0000] {logging_mixin.py:190} INFO - [2025-02-04T09:02:03.626+0000] {dagbag.py:588} INFO - Filling up the DagBag from /home/airflow/.local/lib/python3.12/site-packages/airflow/example_dags/example_branch_operator.py
[2025-02-04T09:02:03.637+0000] {processor.py:925} INFO - DAG(s) 'example_branch_operator' retrieved from /home/airflow/.local/lib/python3.12/site-packages/airflow/example_dags/example_branch_operator.py
[2025-02-04T09:02:03.654+0000] {logging_mixin.py:190} INFO - [2025-02-04T09:02:03.654+0000] {dag.py:3239} INFO - Sync 1 DAGs
[2025-02-04T09:02:03.670+0000] {logging_mixin.py:190} INFO - [2025-02-04T09:02:03.669+0000] {dag.py:4180} INFO - Setting next_dagrun for example_branch_operator to 2025-02-03 00:00:00+00:00, run_after=2025-02-04 00:00:00+00:00
[2025-02-04T09:02:03.681+0000] {processor.py:208} INFO - Processing /home/airflow/.local/lib/python3.12/site-packages/airflow/example_dags/example_branch_operator.py took 0.061 seconds
[2025-02-04T09:02:33.772+0000] {processor.py:186} INFO - Started process (PID=22824) to work on /home/airflow/.local/lib/python3.12/site-packages/airflow/example_dags/example_branch_operator.py
[2025-02-04T09:02:33.774+0000] {processor.py:914} INFO - Processing file /home/airflow/.local/lib/python3.12/site-packages/airflow/example_dags/example_branch_operator.py for tasks to queue
[2025-02-04T09:02:33.775+0000] {logging_mixin.py:190} INFO - [2025-02-04T09:02:33.775+0000] {dagbag.py:588} INFO - Filling up the DagBag from /home/airflow/.local/lib/python3.12/site-packages/airflow/example_dags/example_branch_operator.py
[2025-02-04T09:02:33.786+0000] {processor.py:925} INFO - DAG(s) 'example_branch_operator' retrieved from /home/airflow/.local/lib/python3.12/site-packages/airflow/example_dags/example_branch_operator.py
[2025-02-04T09:02:33.802+0000] {logging_mixin.py:190} INFO - [2025-02-04T09:02:33.802+0000] {dag.py:3239} INFO - Sync 1 DAGs
[2025-02-04T09:02:33.817+0000] {logging_mixin.py:190} INFO - [2025-02-04T09:02:33.817+0000] {dag.py:4180} INFO - Setting next_dagrun for example_branch_operator to 2025-02-03 00:00:00+00:00, run_after=2025-02-04 00:00:00+00:00
[2025-02-04T09:02:33.827+0000] {processor.py:208} INFO - Processing /home/airflow/.local/lib/python3.12/site-packages/airflow/example_dags/example_branch_operator.py took 0.058 seconds
