[2025-02-04T09:00:00.070+0000] {processor.py:186} INFO - Started process (PID=22486) to work on /home/airflow/.local/lib/python3.12/site-packages/airflow/example_dags/example_params_ui_tutorial.py
[2025-02-04T09:00:00.070+0000] {processor.py:914} INFO - Processing file /home/airflow/.local/lib/python3.12/site-packages/airflow/example_dags/example_params_ui_tutorial.py for tasks to queue
[2025-02-04T09:00:00.072+0000] {logging_mixin.py:190} INFO - [2025-02-04T09:00:00.072+0000] {dagbag.py:588} INFO - Filling up the DagBag from /home/airflow/.local/lib/python3.12/site-packages/airflow/example_dags/example_params_ui_tutorial.py
[2025-02-04T09:00:00.078+0000] {processor.py:925} INFO - DAG(s) 'example_params_ui_tutorial' retrieved from /home/airflow/.local/lib/python3.12/site-packages/airflow/example_dags/example_params_ui_tutorial.py
[2025-02-04T09:00:00.117+0000] {logging_mixin.py:190} INFO - [2025-02-04T09:00:00.117+0000] {dag.py:3239} INFO - Sync 1 DAGs
[2025-02-04T09:00:00.127+0000] {logging_mixin.py:190} INFO - [2025-02-04T09:00:00.126+0000] {dag.py:4180} INFO - Setting next_dagrun for example_params_ui_tutorial to None, run_after=None
[2025-02-04T09:00:00.139+0000] {processor.py:208} INFO - Processing /home/airflow/.local/lib/python3.12/site-packages/airflow/example_dags/example_params_ui_tutorial.py took 0.074 seconds
[2025-02-04T09:00:30.307+0000] {processor.py:186} INFO - Started process (PID=22550) to work on /home/airflow/.local/lib/python3.12/site-packages/airflow/example_dags/example_params_ui_tutorial.py
[2025-02-04T09:00:30.309+0000] {processor.py:914} INFO - Processing file /home/airflow/.local/lib/python3.12/site-packages/airflow/example_dags/example_params_ui_tutorial.py for tasks to queue
[2025-02-04T09:00:30.310+0000] {logging_mixin.py:190} INFO - [2025-02-04T09:00:30.310+0000] {dagbag.py:588} INFO - Filling up the DagBag from /home/airflow/.local/lib/python3.12/site-packages/airflow/example_dags/example_params_ui_tutorial.py
[2025-02-04T09:00:30.316+0000] {processor.py:925} INFO - DAG(s) 'example_params_ui_tutorial' retrieved from /home/airflow/.local/lib/python3.12/site-packages/airflow/example_dags/example_params_ui_tutorial.py
[2025-02-04T09:00:30.343+0000] {logging_mixin.py:190} INFO - [2025-02-04T09:00:30.343+0000] {dag.py:3239} INFO - Sync 1 DAGs
[2025-02-04T09:00:30.352+0000] {logging_mixin.py:190} INFO - [2025-02-04T09:00:30.352+0000] {dag.py:4180} INFO - Setting next_dagrun for example_params_ui_tutorial to None, run_after=None
[2025-02-04T09:00:30.363+0000] {processor.py:208} INFO - Processing /home/airflow/.local/lib/python3.12/site-packages/airflow/example_dags/example_params_ui_tutorial.py took 0.059 seconds
[2025-02-04T09:01:00.408+0000] {processor.py:186} INFO - Started process (PID=22614) to work on /home/airflow/.local/lib/python3.12/site-packages/airflow/example_dags/example_params_ui_tutorial.py
[2025-02-04T09:01:00.409+0000] {processor.py:914} INFO - Processing file /home/airflow/.local/lib/python3.12/site-packages/airflow/example_dags/example_params_ui_tutorial.py for tasks to queue
[2025-02-04T09:01:00.410+0000] {logging_mixin.py:190} INFO - [2025-02-04T09:01:00.410+0000] {dagbag.py:588} INFO - Filling up the DagBag from /home/airflow/.local/lib/python3.12/site-packages/airflow/example_dags/example_params_ui_tutorial.py
[2025-02-04T09:01:00.417+0000] {processor.py:925} INFO - DAG(s) 'example_params_ui_tutorial' retrieved from /home/airflow/.local/lib/python3.12/site-packages/airflow/example_dags/example_params_ui_tutorial.py
[2025-02-04T09:01:00.444+0000] {logging_mixin.py:190} INFO - [2025-02-04T09:01:00.444+0000] {dag.py:3239} INFO - Sync 1 DAGs
[2025-02-04T09:01:00.453+0000] {logging_mixin.py:190} INFO - [2025-02-04T09:01:00.452+0000] {dag.py:4180} INFO - Setting next_dagrun for example_params_ui_tutorial to None, run_after=None
[2025-02-04T09:01:00.465+0000] {processor.py:208} INFO - Processing /home/airflow/.local/lib/python3.12/site-packages/airflow/example_dags/example_params_ui_tutorial.py took 0.061 seconds
[2025-02-04T09:01:31.048+0000] {processor.py:186} INFO - Started process (PID=22678) to work on /home/airflow/.local/lib/python3.12/site-packages/airflow/example_dags/example_params_ui_tutorial.py
[2025-02-04T09:01:31.049+0000] {processor.py:914} INFO - Processing file /home/airflow/.local/lib/python3.12/site-packages/airflow/example_dags/example_params_ui_tutorial.py for tasks to queue
[2025-02-04T09:01:31.051+0000] {logging_mixin.py:190} INFO - [2025-02-04T09:01:31.051+0000] {dagbag.py:588} INFO - Filling up the DagBag from /home/airflow/.local/lib/python3.12/site-packages/airflow/example_dags/example_params_ui_tutorial.py
[2025-02-04T09:01:31.057+0000] {processor.py:925} INFO - DAG(s) 'example_params_ui_tutorial' retrieved from /home/airflow/.local/lib/python3.12/site-packages/airflow/example_dags/example_params_ui_tutorial.py
[2025-02-04T09:01:31.087+0000] {logging_mixin.py:190} INFO - [2025-02-04T09:01:31.087+0000] {dag.py:3239} INFO - Sync 1 DAGs
[2025-02-04T09:01:31.095+0000] {logging_mixin.py:190} INFO - [2025-02-04T09:01:31.095+0000] {dag.py:4180} INFO - Setting next_dagrun for example_params_ui_tutorial to None, run_after=None
[2025-02-04T09:01:31.106+0000] {processor.py:208} INFO - Processing /home/airflow/.local/lib/python3.12/site-packages/airflow/example_dags/example_params_ui_tutorial.py took 0.061 seconds
[2025-02-04T09:02:01.226+0000] {processor.py:186} INFO - Started process (PID=22742) to work on /home/airflow/.local/lib/python3.12/site-packages/airflow/example_dags/example_params_ui_tutorial.py
[2025-02-04T09:02:01.227+0000] {processor.py:914} INFO - Processing file /home/airflow/.local/lib/python3.12/site-packages/airflow/example_dags/example_params_ui_tutorial.py for tasks to queue
[2025-02-04T09:02:01.229+0000] {logging_mixin.py:190} INFO - [2025-02-04T09:02:01.229+0000] {dagbag.py:588} INFO - Filling up the DagBag from /home/airflow/.local/lib/python3.12/site-packages/airflow/example_dags/example_params_ui_tutorial.py
[2025-02-04T09:02:01.235+0000] {processor.py:925} INFO - DAG(s) 'example_params_ui_tutorial' retrieved from /home/airflow/.local/lib/python3.12/site-packages/airflow/example_dags/example_params_ui_tutorial.py
[2025-02-04T09:02:01.262+0000] {logging_mixin.py:190} INFO - [2025-02-04T09:02:01.262+0000] {dag.py:3239} INFO - Sync 1 DAGs
[2025-02-04T09:02:01.270+0000] {logging_mixin.py:190} INFO - [2025-02-04T09:02:01.270+0000] {dag.py:4180} INFO - Setting next_dagrun for example_params_ui_tutorial to None, run_after=None
[2025-02-04T09:02:01.281+0000] {processor.py:208} INFO - Processing /home/airflow/.local/lib/python3.12/site-packages/airflow/example_dags/example_params_ui_tutorial.py took 0.059 seconds
[2025-02-04T09:02:31.314+0000] {processor.py:186} INFO - Started process (PID=22806) to work on /home/airflow/.local/lib/python3.12/site-packages/airflow/example_dags/example_params_ui_tutorial.py
[2025-02-04T09:02:31.315+0000] {processor.py:914} INFO - Processing file /home/airflow/.local/lib/python3.12/site-packages/airflow/example_dags/example_params_ui_tutorial.py for tasks to queue
[2025-02-04T09:02:31.317+0000] {logging_mixin.py:190} INFO - [2025-02-04T09:02:31.316+0000] {dagbag.py:588} INFO - Filling up the DagBag from /home/airflow/.local/lib/python3.12/site-packages/airflow/example_dags/example_params_ui_tutorial.py
[2025-02-04T09:02:31.322+0000] {processor.py:925} INFO - DAG(s) 'example_params_ui_tutorial' retrieved from /home/airflow/.local/lib/python3.12/site-packages/airflow/example_dags/example_params_ui_tutorial.py
[2025-02-04T09:02:31.349+0000] {logging_mixin.py:190} INFO - [2025-02-04T09:02:31.349+0000] {dag.py:3239} INFO - Sync 1 DAGs
[2025-02-04T09:02:31.358+0000] {logging_mixin.py:190} INFO - [2025-02-04T09:02:31.358+0000] {dag.py:4180} INFO - Setting next_dagrun for example_params_ui_tutorial to None, run_after=None
[2025-02-04T09:02:31.368+0000] {processor.py:208} INFO - Processing /home/airflow/.local/lib/python3.12/site-packages/airflow/example_dags/example_params_ui_tutorial.py took 0.058 seconds
