[2025-02-04T09:00:00.160+0000] {processor.py:186} INFO - Started process (PID=22488) to work on /home/airflow/.local/lib/python3.12/site-packages/airflow/example_dags/example_task_group.py
[2025-02-04T09:00:00.160+0000] {processor.py:914} INFO - Processing file /home/airflow/.local/lib/python3.12/site-packages/airflow/example_dags/example_task_group.py for tasks to queue
[2025-02-04T09:00:00.162+0000] {logging_mixin.py:190} INFO - [2025-02-04T09:00:00.162+0000] {dagbag.py:588} INFO - Filling up the DagBag from /home/airflow/.local/lib/python3.12/site-packages/airflow/example_dags/example_task_group.py
[2025-02-04T09:00:00.168+0000] {processor.py:925} INFO - DAG(s) 'example_task_group' retrieved from /home/airflow/.local/lib/python3.12/site-packages/airflow/example_dags/example_task_group.py
[2025-02-04T09:00:00.181+0000] {logging_mixin.py:190} INFO - [2025-02-04T09:00:00.181+0000] {dag.py:3239} INFO - Sync 1 DAGs
[2025-02-04T09:00:00.190+0000] {logging_mixin.py:190} INFO - [2025-02-04T09:00:00.190+0000] {dag.py:4180} INFO - Setting next_dagrun for example_task_group to None, run_after=None
[2025-02-04T09:00:00.203+0000] {processor.py:208} INFO - Processing /home/airflow/.local/lib/python3.12/site-packages/airflow/example_dags/example_task_group.py took 0.049 seconds
[2025-02-04T09:00:30.379+0000] {processor.py:186} INFO - Started process (PID=22552) to work on /home/airflow/.local/lib/python3.12/site-packages/airflow/example_dags/example_task_group.py
[2025-02-04T09:00:30.380+0000] {processor.py:914} INFO - Processing file /home/airflow/.local/lib/python3.12/site-packages/airflow/example_dags/example_task_group.py for tasks to queue
[2025-02-04T09:00:30.381+0000] {logging_mixin.py:190} INFO - [2025-02-04T09:00:30.381+0000] {dagbag.py:588} INFO - Filling up the DagBag from /home/airflow/.local/lib/python3.12/site-packages/airflow/example_dags/example_task_group.py
[2025-02-04T09:00:30.387+0000] {processor.py:925} INFO - DAG(s) 'example_task_group' retrieved from /home/airflow/.local/lib/python3.12/site-packages/airflow/example_dags/example_task_group.py
[2025-02-04T09:00:30.400+0000] {logging_mixin.py:190} INFO - [2025-02-04T09:00:30.399+0000] {dag.py:3239} INFO - Sync 1 DAGs
[2025-02-04T09:00:30.408+0000] {logging_mixin.py:190} INFO - [2025-02-04T09:00:30.408+0000] {dag.py:4180} INFO - Setting next_dagrun for example_task_group to None, run_after=None
[2025-02-04T09:00:30.420+0000] {processor.py:208} INFO - Processing /home/airflow/.local/lib/python3.12/site-packages/airflow/example_dags/example_task_group.py took 0.045 seconds
[2025-02-04T09:01:00.485+0000] {processor.py:186} INFO - Started process (PID=22616) to work on /home/airflow/.local/lib/python3.12/site-packages/airflow/example_dags/example_task_group.py
[2025-02-04T09:01:00.486+0000] {processor.py:914} INFO - Processing file /home/airflow/.local/lib/python3.12/site-packages/airflow/example_dags/example_task_group.py for tasks to queue
[2025-02-04T09:01:00.487+0000] {logging_mixin.py:190} INFO - [2025-02-04T09:01:00.487+0000] {dagbag.py:588} INFO - Filling up the DagBag from /home/airflow/.local/lib/python3.12/site-packages/airflow/example_dags/example_task_group.py
[2025-02-04T09:01:00.492+0000] {processor.py:925} INFO - DAG(s) 'example_task_group' retrieved from /home/airflow/.local/lib/python3.12/site-packages/airflow/example_dags/example_task_group.py
[2025-02-04T09:01:00.505+0000] {logging_mixin.py:190} INFO - [2025-02-04T09:01:00.505+0000] {dag.py:3239} INFO - Sync 1 DAGs
[2025-02-04T09:01:00.514+0000] {logging_mixin.py:190} INFO - [2025-02-04T09:01:00.514+0000] {dag.py:4180} INFO - Setting next_dagrun for example_task_group to None, run_after=None
[2025-02-04T09:01:00.526+0000] {processor.py:208} INFO - Processing /home/airflow/.local/lib/python3.12/site-packages/airflow/example_dags/example_task_group.py took 0.045 seconds
[2025-02-04T09:01:31.123+0000] {processor.py:186} INFO - Started process (PID=22680) to work on /home/airflow/.local/lib/python3.12/site-packages/airflow/example_dags/example_task_group.py
[2025-02-04T09:01:31.124+0000] {processor.py:914} INFO - Processing file /home/airflow/.local/lib/python3.12/site-packages/airflow/example_dags/example_task_group.py for tasks to queue
[2025-02-04T09:01:31.126+0000] {logging_mixin.py:190} INFO - [2025-02-04T09:01:31.126+0000] {dagbag.py:588} INFO - Filling up the DagBag from /home/airflow/.local/lib/python3.12/site-packages/airflow/example_dags/example_task_group.py
[2025-02-04T09:01:31.131+0000] {processor.py:925} INFO - DAG(s) 'example_task_group' retrieved from /home/airflow/.local/lib/python3.12/site-packages/airflow/example_dags/example_task_group.py
[2025-02-04T09:01:31.147+0000] {logging_mixin.py:190} INFO - [2025-02-04T09:01:31.147+0000] {dag.py:3239} INFO - Sync 1 DAGs
[2025-02-04T09:01:31.156+0000] {logging_mixin.py:190} INFO - [2025-02-04T09:01:31.156+0000] {dag.py:4180} INFO - Setting next_dagrun for example_task_group to None, run_after=None
[2025-02-04T09:01:31.171+0000] {processor.py:208} INFO - Processing /home/airflow/.local/lib/python3.12/site-packages/airflow/example_dags/example_task_group.py took 0.051 seconds
[2025-02-04T09:02:01.298+0000] {processor.py:186} INFO - Started process (PID=22744) to work on /home/airflow/.local/lib/python3.12/site-packages/airflow/example_dags/example_task_group.py
[2025-02-04T09:02:01.299+0000] {processor.py:914} INFO - Processing file /home/airflow/.local/lib/python3.12/site-packages/airflow/example_dags/example_task_group.py for tasks to queue
[2025-02-04T09:02:01.300+0000] {logging_mixin.py:190} INFO - [2025-02-04T09:02:01.300+0000] {dagbag.py:588} INFO - Filling up the DagBag from /home/airflow/.local/lib/python3.12/site-packages/airflow/example_dags/example_task_group.py
[2025-02-04T09:02:01.306+0000] {processor.py:925} INFO - DAG(s) 'example_task_group' retrieved from /home/airflow/.local/lib/python3.12/site-packages/airflow/example_dags/example_task_group.py
[2025-02-04T09:02:01.318+0000] {logging_mixin.py:190} INFO - [2025-02-04T09:02:01.318+0000] {dag.py:3239} INFO - Sync 1 DAGs
[2025-02-04T09:02:01.326+0000] {logging_mixin.py:190} INFO - [2025-02-04T09:02:01.326+0000] {dag.py:4180} INFO - Setting next_dagrun for example_task_group to None, run_after=None
[2025-02-04T09:02:01.337+0000] {processor.py:208} INFO - Processing /home/airflow/.local/lib/python3.12/site-packages/airflow/example_dags/example_task_group.py took 0.042 seconds
[2025-02-04T09:02:31.383+0000] {processor.py:186} INFO - Started process (PID=22808) to work on /home/airflow/.local/lib/python3.12/site-packages/airflow/example_dags/example_task_group.py
[2025-02-04T09:02:31.384+0000] {processor.py:914} INFO - Processing file /home/airflow/.local/lib/python3.12/site-packages/airflow/example_dags/example_task_group.py for tasks to queue
[2025-02-04T09:02:31.385+0000] {logging_mixin.py:190} INFO - [2025-02-04T09:02:31.385+0000] {dagbag.py:588} INFO - Filling up the DagBag from /home/airflow/.local/lib/python3.12/site-packages/airflow/example_dags/example_task_group.py
[2025-02-04T09:02:31.391+0000] {processor.py:925} INFO - DAG(s) 'example_task_group' retrieved from /home/airflow/.local/lib/python3.12/site-packages/airflow/example_dags/example_task_group.py
[2025-02-04T09:02:31.403+0000] {logging_mixin.py:190} INFO - [2025-02-04T09:02:31.403+0000] {dag.py:3239} INFO - Sync 1 DAGs
[2025-02-04T09:02:31.411+0000] {logging_mixin.py:190} INFO - [2025-02-04T09:02:31.411+0000] {dag.py:4180} INFO - Setting next_dagrun for example_task_group to None, run_after=None
[2025-02-04T09:02:31.422+0000] {processor.py:208} INFO - Processing /home/airflow/.local/lib/python3.12/site-packages/airflow/example_dags/example_task_group.py took 0.042 seconds
[2025-02-04T09:03:01.622+0000] {processor.py:186} INFO - Started process (PID=22872) to work on /home/airflow/.local/lib/python3.12/site-packages/airflow/example_dags/example_task_group.py
[2025-02-04T09:03:01.623+0000] {processor.py:914} INFO - Processing file /home/airflow/.local/lib/python3.12/site-packages/airflow/example_dags/example_task_group.py for tasks to queue
[2025-02-04T09:03:01.624+0000] {logging_mixin.py:190} INFO - [2025-02-04T09:03:01.624+0000] {dagbag.py:588} INFO - Filling up the DagBag from /home/airflow/.local/lib/python3.12/site-packages/airflow/example_dags/example_task_group.py
[2025-02-04T09:03:01.630+0000] {processor.py:925} INFO - DAG(s) 'example_task_group' retrieved from /home/airflow/.local/lib/python3.12/site-packages/airflow/example_dags/example_task_group.py
[2025-02-04T09:03:01.643+0000] {logging_mixin.py:190} INFO - [2025-02-04T09:03:01.642+0000] {dag.py:3239} INFO - Sync 1 DAGs
[2025-02-04T09:03:01.652+0000] {logging_mixin.py:190} INFO - [2025-02-04T09:03:01.651+0000] {dag.py:4180} INFO - Setting next_dagrun for example_task_group to None, run_after=None
[2025-02-04T09:03:01.665+0000] {processor.py:208} INFO - Processing /home/airflow/.local/lib/python3.12/site-packages/airflow/example_dags/example_task_group.py took 0.047 seconds
