[2025-02-04T09:00:02.515+0000] {processor.py:186} INFO - Started process (PID=22496) to work on /home/airflow/.local/lib/python3.12/site-packages/airflow/example_dags/example_params_trigger_ui.py
[2025-02-04T09:00:02.516+0000] {processor.py:914} INFO - Processing file /home/airflow/.local/lib/python3.12/site-packages/airflow/example_dags/example_params_trigger_ui.py for tasks to queue
[2025-02-04T09:00:02.517+0000] {logging_mixin.py:190} INFO - [2025-02-04T09:00:02.517+0000] {dagbag.py:588} INFO - Filling up the DagBag from /home/airflow/.local/lib/python3.12/site-packages/airflow/example_dags/example_params_trigger_ui.py
[2025-02-04T09:00:02.525+0000] {processor.py:925} INFO - DAG(s) 'example_params_trigger_ui' retrieved from /home/airflow/.local/lib/python3.12/site-packages/airflow/example_dags/example_params_trigger_ui.py
[2025-02-04T09:00:02.564+0000] {logging_mixin.py:190} INFO - [2025-02-04T09:00:02.563+0000] {dag.py:3239} INFO - Sync 1 DAGs
[2025-02-04T09:00:02.577+0000] {logging_mixin.py:190} INFO - [2025-02-04T09:00:02.577+0000] {dag.py:4180} INFO - Setting next_dagrun for example_params_trigger_ui to None, run_after=None
[2025-02-04T09:00:02.592+0000] {processor.py:208} INFO - Processing /home/airflow/.local/lib/python3.12/site-packages/airflow/example_dags/example_params_trigger_ui.py took 0.080 seconds
[2025-02-04T09:00:32.684+0000] {processor.py:186} INFO - Started process (PID=22560) to work on /home/airflow/.local/lib/python3.12/site-packages/airflow/example_dags/example_params_trigger_ui.py
[2025-02-04T09:00:32.685+0000] {processor.py:914} INFO - Processing file /home/airflow/.local/lib/python3.12/site-packages/airflow/example_dags/example_params_trigger_ui.py for tasks to queue
[2025-02-04T09:00:32.687+0000] {logging_mixin.py:190} INFO - [2025-02-04T09:00:32.686+0000] {dagbag.py:588} INFO - Filling up the DagBag from /home/airflow/.local/lib/python3.12/site-packages/airflow/example_dags/example_params_trigger_ui.py
[2025-02-04T09:00:32.694+0000] {processor.py:925} INFO - DAG(s) 'example_params_trigger_ui' retrieved from /home/airflow/.local/lib/python3.12/site-packages/airflow/example_dags/example_params_trigger_ui.py
[2025-02-04T09:00:32.722+0000] {logging_mixin.py:190} INFO - [2025-02-04T09:00:32.721+0000] {dag.py:3239} INFO - Sync 1 DAGs
[2025-02-04T09:00:32.731+0000] {logging_mixin.py:190} INFO - [2025-02-04T09:00:32.731+0000] {dag.py:4180} INFO - Setting next_dagrun for example_params_trigger_ui to None, run_after=None
[2025-02-04T09:00:32.744+0000] {processor.py:208} INFO - Processing /home/airflow/.local/lib/python3.12/site-packages/airflow/example_dags/example_params_trigger_ui.py took 0.063 seconds
[2025-02-04T09:01:02.792+0000] {processor.py:186} INFO - Started process (PID=22624) to work on /home/airflow/.local/lib/python3.12/site-packages/airflow/example_dags/example_params_trigger_ui.py
[2025-02-04T09:01:02.792+0000] {processor.py:914} INFO - Processing file /home/airflow/.local/lib/python3.12/site-packages/airflow/example_dags/example_params_trigger_ui.py for tasks to queue
[2025-02-04T09:01:02.794+0000] {logging_mixin.py:190} INFO - [2025-02-04T09:01:02.793+0000] {dagbag.py:588} INFO - Filling up the DagBag from /home/airflow/.local/lib/python3.12/site-packages/airflow/example_dags/example_params_trigger_ui.py
[2025-02-04T09:01:02.801+0000] {processor.py:925} INFO - DAG(s) 'example_params_trigger_ui' retrieved from /home/airflow/.local/lib/python3.12/site-packages/airflow/example_dags/example_params_trigger_ui.py
[2025-02-04T09:01:02.828+0000] {logging_mixin.py:190} INFO - [2025-02-04T09:01:02.827+0000] {dag.py:3239} INFO - Sync 1 DAGs
[2025-02-04T09:01:02.836+0000] {logging_mixin.py:190} INFO - [2025-02-04T09:01:02.836+0000] {dag.py:4180} INFO - Setting next_dagrun for example_params_trigger_ui to None, run_after=None
[2025-02-04T09:01:02.847+0000] {processor.py:208} INFO - Processing /home/airflow/.local/lib/python3.12/site-packages/airflow/example_dags/example_params_trigger_ui.py took 0.059 seconds
[2025-02-04T09:01:33.380+0000] {processor.py:186} INFO - Started process (PID=22694) to work on /home/airflow/.local/lib/python3.12/site-packages/airflow/example_dags/example_params_trigger_ui.py
[2025-02-04T09:01:33.381+0000] {processor.py:914} INFO - Processing file /home/airflow/.local/lib/python3.12/site-packages/airflow/example_dags/example_params_trigger_ui.py for tasks to queue
[2025-02-04T09:01:33.382+0000] {logging_mixin.py:190} INFO - [2025-02-04T09:01:33.382+0000] {dagbag.py:588} INFO - Filling up the DagBag from /home/airflow/.local/lib/python3.12/site-packages/airflow/example_dags/example_params_trigger_ui.py
[2025-02-04T09:01:33.390+0000] {processor.py:925} INFO - DAG(s) 'example_params_trigger_ui' retrieved from /home/airflow/.local/lib/python3.12/site-packages/airflow/example_dags/example_params_trigger_ui.py
[2025-02-04T09:01:33.415+0000] {logging_mixin.py:190} INFO - [2025-02-04T09:01:33.415+0000] {dag.py:3239} INFO - Sync 1 DAGs
[2025-02-04T09:01:33.424+0000] {logging_mixin.py:190} INFO - [2025-02-04T09:01:33.424+0000] {dag.py:4180} INFO - Setting next_dagrun for example_params_trigger_ui to None, run_after=None
[2025-02-04T09:01:33.435+0000] {processor.py:208} INFO - Processing /home/airflow/.local/lib/python3.12/site-packages/airflow/example_dags/example_params_trigger_ui.py took 0.060 seconds
[2025-02-04T09:02:03.546+0000] {processor.py:186} INFO - Started process (PID=22758) to work on /home/airflow/.local/lib/python3.12/site-packages/airflow/example_dags/example_params_trigger_ui.py
[2025-02-04T09:02:03.547+0000] {processor.py:914} INFO - Processing file /home/airflow/.local/lib/python3.12/site-packages/airflow/example_dags/example_params_trigger_ui.py for tasks to queue
[2025-02-04T09:02:03.549+0000] {logging_mixin.py:190} INFO - [2025-02-04T09:02:03.548+0000] {dagbag.py:588} INFO - Filling up the DagBag from /home/airflow/.local/lib/python3.12/site-packages/airflow/example_dags/example_params_trigger_ui.py
[2025-02-04T09:02:03.555+0000] {processor.py:925} INFO - DAG(s) 'example_params_trigger_ui' retrieved from /home/airflow/.local/lib/python3.12/site-packages/airflow/example_dags/example_params_trigger_ui.py
[2025-02-04T09:02:03.583+0000] {logging_mixin.py:190} INFO - [2025-02-04T09:02:03.582+0000] {dag.py:3239} INFO - Sync 1 DAGs
[2025-02-04T09:02:03.592+0000] {logging_mixin.py:190} INFO - [2025-02-04T09:02:03.592+0000] {dag.py:4180} INFO - Setting next_dagrun for example_params_trigger_ui to None, run_after=None
[2025-02-04T09:02:03.603+0000] {processor.py:208} INFO - Processing /home/airflow/.local/lib/python3.12/site-packages/airflow/example_dags/example_params_trigger_ui.py took 0.061 seconds
