[2025-02-04T09:00:02.431+0000] {processor.py:186} INFO - Started process (PID=22494) to work on /home/airflow/.local/lib/python3.12/site-packages/airflow/example_dags/example_skip_dag.py
[2025-02-04T09:00:02.432+0000] {processor.py:914} INFO - Processing file /home/airflow/.local/lib/python3.12/site-packages/airflow/example_dags/example_skip_dag.py for tasks to queue
[2025-02-04T09:00:02.433+0000] {logging_mixin.py:190} INFO - [2025-02-04T09:00:02.433+0000] {dagbag.py:588} INFO - Filling up the DagBag from /home/airflow/.local/lib/python3.12/site-packages/airflow/example_dags/example_skip_dag.py
[2025-02-04T09:00:02.438+0000] {processor.py:925} INFO - DAG(s) 'example_skip_dag' retrieved from /home/airflow/.local/lib/python3.12/site-packages/airflow/example_dags/example_skip_dag.py
[2025-02-04T09:00:02.451+0000] {logging_mixin.py:190} INFO - [2025-02-04T09:00:02.451+0000] {dag.py:3239} INFO - Sync 1 DAGs
[2025-02-04T09:00:02.466+0000] {logging_mixin.py:190} INFO - [2025-02-04T09:00:02.466+0000] {dag.py:4180} INFO - Setting next_dagrun for example_skip_dag to 2025-02-03 00:00:00+00:00, run_after=2025-02-04 00:00:00+00:00
[2025-02-04T09:00:02.482+0000] {processor.py:208} INFO - Processing /home/airflow/.local/lib/python3.12/site-packages/airflow/example_dags/example_skip_dag.py took 0.054 seconds
[2025-02-04T09:00:32.613+0000] {processor.py:186} INFO - Started process (PID=22558) to work on /home/airflow/.local/lib/python3.12/site-packages/airflow/example_dags/example_skip_dag.py
[2025-02-04T09:00:32.614+0000] {processor.py:914} INFO - Processing file /home/airflow/.local/lib/python3.12/site-packages/airflow/example_dags/example_skip_dag.py for tasks to queue
[2025-02-04T09:00:32.616+0000] {logging_mixin.py:190} INFO - [2025-02-04T09:00:32.616+0000] {dagbag.py:588} INFO - Filling up the DagBag from /home/airflow/.local/lib/python3.12/site-packages/airflow/example_dags/example_skip_dag.py
[2025-02-04T09:00:32.621+0000] {processor.py:925} INFO - DAG(s) 'example_skip_dag' retrieved from /home/airflow/.local/lib/python3.12/site-packages/airflow/example_dags/example_skip_dag.py
[2025-02-04T09:00:32.634+0000] {logging_mixin.py:190} INFO - [2025-02-04T09:00:32.634+0000] {dag.py:3239} INFO - Sync 1 DAGs
[2025-02-04T09:00:32.650+0000] {logging_mixin.py:190} INFO - [2025-02-04T09:00:32.650+0000] {dag.py:4180} INFO - Setting next_dagrun for example_skip_dag to 2025-02-03 00:00:00+00:00, run_after=2025-02-04 00:00:00+00:00
[2025-02-04T09:00:32.663+0000] {processor.py:208} INFO - Processing /home/airflow/.local/lib/python3.12/site-packages/airflow/example_dags/example_skip_dag.py took 0.053 seconds
[2025-02-04T09:01:02.728+0000] {processor.py:186} INFO - Started process (PID=22622) to work on /home/airflow/.local/lib/python3.12/site-packages/airflow/example_dags/example_skip_dag.py
[2025-02-04T09:01:02.729+0000] {processor.py:914} INFO - Processing file /home/airflow/.local/lib/python3.12/site-packages/airflow/example_dags/example_skip_dag.py for tasks to queue
[2025-02-04T09:01:02.730+0000] {logging_mixin.py:190} INFO - [2025-02-04T09:01:02.730+0000] {dagbag.py:588} INFO - Filling up the DagBag from /home/airflow/.local/lib/python3.12/site-packages/airflow/example_dags/example_skip_dag.py
[2025-02-04T09:01:02.735+0000] {processor.py:925} INFO - DAG(s) 'example_skip_dag' retrieved from /home/airflow/.local/lib/python3.12/site-packages/airflow/example_dags/example_skip_dag.py
[2025-02-04T09:01:02.748+0000] {logging_mixin.py:190} INFO - [2025-02-04T09:01:02.747+0000] {dag.py:3239} INFO - Sync 1 DAGs
[2025-02-04T09:01:02.761+0000] {logging_mixin.py:190} INFO - [2025-02-04T09:01:02.761+0000] {dag.py:4180} INFO - Setting next_dagrun for example_skip_dag to 2025-02-03 00:00:00+00:00, run_after=2025-02-04 00:00:00+00:00
[2025-02-04T09:01:02.771+0000] {processor.py:208} INFO - Processing /home/airflow/.local/lib/python3.12/site-packages/airflow/example_dags/example_skip_dag.py took 0.047 seconds
[2025-02-04T09:01:33.315+0000] {processor.py:186} INFO - Started process (PID=22692) to work on /home/airflow/.local/lib/python3.12/site-packages/airflow/example_dags/example_skip_dag.py
[2025-02-04T09:01:33.315+0000] {processor.py:914} INFO - Processing file /home/airflow/.local/lib/python3.12/site-packages/airflow/example_dags/example_skip_dag.py for tasks to queue
[2025-02-04T09:01:33.317+0000] {logging_mixin.py:190} INFO - [2025-02-04T09:01:33.316+0000] {dagbag.py:588} INFO - Filling up the DagBag from /home/airflow/.local/lib/python3.12/site-packages/airflow/example_dags/example_skip_dag.py
[2025-02-04T09:01:33.322+0000] {processor.py:925} INFO - DAG(s) 'example_skip_dag' retrieved from /home/airflow/.local/lib/python3.12/site-packages/airflow/example_dags/example_skip_dag.py
[2025-02-04T09:01:33.334+0000] {logging_mixin.py:190} INFO - [2025-02-04T09:01:33.334+0000] {dag.py:3239} INFO - Sync 1 DAGs
[2025-02-04T09:01:33.349+0000] {logging_mixin.py:190} INFO - [2025-02-04T09:01:33.348+0000] {dag.py:4180} INFO - Setting next_dagrun for example_skip_dag to 2025-02-03 00:00:00+00:00, run_after=2025-02-04 00:00:00+00:00
[2025-02-04T09:01:33.360+0000] {processor.py:208} INFO - Processing /home/airflow/.local/lib/python3.12/site-packages/airflow/example_dags/example_skip_dag.py took 0.049 seconds
[2025-02-04T09:02:03.481+0000] {processor.py:186} INFO - Started process (PID=22756) to work on /home/airflow/.local/lib/python3.12/site-packages/airflow/example_dags/example_skip_dag.py
[2025-02-04T09:02:03.482+0000] {processor.py:914} INFO - Processing file /home/airflow/.local/lib/python3.12/site-packages/airflow/example_dags/example_skip_dag.py for tasks to queue
[2025-02-04T09:02:03.484+0000] {logging_mixin.py:190} INFO - [2025-02-04T09:02:03.483+0000] {dagbag.py:588} INFO - Filling up the DagBag from /home/airflow/.local/lib/python3.12/site-packages/airflow/example_dags/example_skip_dag.py
[2025-02-04T09:02:03.489+0000] {processor.py:925} INFO - DAG(s) 'example_skip_dag' retrieved from /home/airflow/.local/lib/python3.12/site-packages/airflow/example_dags/example_skip_dag.py
[2025-02-04T09:02:03.501+0000] {logging_mixin.py:190} INFO - [2025-02-04T09:02:03.501+0000] {dag.py:3239} INFO - Sync 1 DAGs
[2025-02-04T09:02:03.515+0000] {logging_mixin.py:190} INFO - [2025-02-04T09:02:03.515+0000] {dag.py:4180} INFO - Setting next_dagrun for example_skip_dag to 2025-02-03 00:00:00+00:00, run_after=2025-02-04 00:00:00+00:00
[2025-02-04T09:02:03.525+0000] {processor.py:208} INFO - Processing /home/airflow/.local/lib/python3.12/site-packages/airflow/example_dags/example_skip_dag.py took 0.048 seconds
[2025-02-04T09:02:33.624+0000] {processor.py:186} INFO - Started process (PID=22820) to work on /home/airflow/.local/lib/python3.12/site-packages/airflow/example_dags/example_skip_dag.py
[2025-02-04T09:02:33.625+0000] {processor.py:914} INFO - Processing file /home/airflow/.local/lib/python3.12/site-packages/airflow/example_dags/example_skip_dag.py for tasks to queue
[2025-02-04T09:02:33.627+0000] {logging_mixin.py:190} INFO - [2025-02-04T09:02:33.627+0000] {dagbag.py:588} INFO - Filling up the DagBag from /home/airflow/.local/lib/python3.12/site-packages/airflow/example_dags/example_skip_dag.py
[2025-02-04T09:02:33.633+0000] {processor.py:925} INFO - DAG(s) 'example_skip_dag' retrieved from /home/airflow/.local/lib/python3.12/site-packages/airflow/example_dags/example_skip_dag.py
[2025-02-04T09:02:33.647+0000] {logging_mixin.py:190} INFO - [2025-02-04T09:02:33.647+0000] {dag.py:3239} INFO - Sync 1 DAGs
[2025-02-04T09:02:33.662+0000] {logging_mixin.py:190} INFO - [2025-02-04T09:02:33.662+0000] {dag.py:4180} INFO - Setting next_dagrun for example_skip_dag to 2025-02-03 00:00:00+00:00, run_after=2025-02-04 00:00:00+00:00
[2025-02-04T09:02:33.673+0000] {processor.py:208} INFO - Processing /home/airflow/.local/lib/python3.12/site-packages/airflow/example_dags/example_skip_dag.py took 0.053 seconds
