[2025-02-04T08:59:59.044+0000] {processor.py:186} INFO - Started process (PID=22485) to work on /home/airflow/.local/lib/python3.12/site-packages/airflow/example_dags/example_setup_teardown_taskflow.py
[2025-02-04T08:59:59.044+0000] {processor.py:914} INFO - Processing file /home/airflow/.local/lib/python3.12/site-packages/airflow/example_dags/example_setup_teardown_taskflow.py for tasks to queue
[2025-02-04T08:59:59.046+0000] {logging_mixin.py:190} INFO - [2025-02-04T08:59:59.046+0000] {dagbag.py:588} INFO - Filling up the DagBag from /home/airflow/.local/lib/python3.12/site-packages/airflow/example_dags/example_setup_teardown_taskflow.py
[2025-02-04T08:59:59.053+0000] {processor.py:925} INFO - DAG(s) 'example_setup_teardown_taskflow' retrieved from /home/airflow/.local/lib/python3.12/site-packages/airflow/example_dags/example_setup_teardown_taskflow.py
[2025-02-04T08:59:59.065+0000] {logging_mixin.py:190} INFO - [2025-02-04T08:59:59.065+0000] {dag.py:3239} INFO - Sync 1 DAGs
[2025-02-04T08:59:59.074+0000] {logging_mixin.py:190} INFO - [2025-02-04T08:59:59.074+0000] {dag.py:4180} INFO - Setting next_dagrun for example_setup_teardown_taskflow to None, run_after=None
[2025-02-04T08:59:59.086+0000] {processor.py:208} INFO - Processing /home/airflow/.local/lib/python3.12/site-packages/airflow/example_dags/example_setup_teardown_taskflow.py took 0.046 seconds
[2025-02-04T09:00:29.283+0000] {processor.py:186} INFO - Started process (PID=22549) to work on /home/airflow/.local/lib/python3.12/site-packages/airflow/example_dags/example_setup_teardown_taskflow.py
[2025-02-04T09:00:29.284+0000] {processor.py:914} INFO - Processing file /home/airflow/.local/lib/python3.12/site-packages/airflow/example_dags/example_setup_teardown_taskflow.py for tasks to queue
[2025-02-04T09:00:29.286+0000] {logging_mixin.py:190} INFO - [2025-02-04T09:00:29.285+0000] {dagbag.py:588} INFO - Filling up the DagBag from /home/airflow/.local/lib/python3.12/site-packages/airflow/example_dags/example_setup_teardown_taskflow.py
[2025-02-04T09:00:29.292+0000] {processor.py:925} INFO - DAG(s) 'example_setup_teardown_taskflow' retrieved from /home/airflow/.local/lib/python3.12/site-packages/airflow/example_dags/example_setup_teardown_taskflow.py
[2025-02-04T09:00:29.304+0000] {logging_mixin.py:190} INFO - [2025-02-04T09:00:29.304+0000] {dag.py:3239} INFO - Sync 1 DAGs
[2025-02-04T09:00:29.314+0000] {logging_mixin.py:190} INFO - [2025-02-04T09:00:29.314+0000] {dag.py:4180} INFO - Setting next_dagrun for example_setup_teardown_taskflow to None, run_after=None
[2025-02-04T09:00:29.326+0000] {processor.py:208} INFO - Processing /home/airflow/.local/lib/python3.12/site-packages/airflow/example_dags/example_setup_teardown_taskflow.py took 0.046 seconds
[2025-02-04T09:00:59.379+0000] {processor.py:186} INFO - Started process (PID=22613) to work on /home/airflow/.local/lib/python3.12/site-packages/airflow/example_dags/example_setup_teardown_taskflow.py
[2025-02-04T09:00:59.380+0000] {processor.py:914} INFO - Processing file /home/airflow/.local/lib/python3.12/site-packages/airflow/example_dags/example_setup_teardown_taskflow.py for tasks to queue
[2025-02-04T09:00:59.381+0000] {logging_mixin.py:190} INFO - [2025-02-04T09:00:59.381+0000] {dagbag.py:588} INFO - Filling up the DagBag from /home/airflow/.local/lib/python3.12/site-packages/airflow/example_dags/example_setup_teardown_taskflow.py
[2025-02-04T09:00:59.388+0000] {processor.py:925} INFO - DAG(s) 'example_setup_teardown_taskflow' retrieved from /home/airflow/.local/lib/python3.12/site-packages/airflow/example_dags/example_setup_teardown_taskflow.py
[2025-02-04T09:00:59.401+0000] {logging_mixin.py:190} INFO - [2025-02-04T09:00:59.401+0000] {dag.py:3239} INFO - Sync 1 DAGs
[2025-02-04T09:00:59.410+0000] {logging_mixin.py:190} INFO - [2025-02-04T09:00:59.410+0000] {dag.py:4180} INFO - Setting next_dagrun for example_setup_teardown_taskflow to None, run_after=None
[2025-02-04T09:00:59.420+0000] {processor.py:208} INFO - Processing /home/airflow/.local/lib/python3.12/site-packages/airflow/example_dags/example_setup_teardown_taskflow.py took 0.045 seconds
[2025-02-04T09:01:30.026+0000] {processor.py:186} INFO - Started process (PID=22677) to work on /home/airflow/.local/lib/python3.12/site-packages/airflow/example_dags/example_setup_teardown_taskflow.py
[2025-02-04T09:01:30.027+0000] {processor.py:914} INFO - Processing file /home/airflow/.local/lib/python3.12/site-packages/airflow/example_dags/example_setup_teardown_taskflow.py for tasks to queue
[2025-02-04T09:01:30.028+0000] {logging_mixin.py:190} INFO - [2025-02-04T09:01:30.028+0000] {dagbag.py:588} INFO - Filling up the DagBag from /home/airflow/.local/lib/python3.12/site-packages/airflow/example_dags/example_setup_teardown_taskflow.py
[2025-02-04T09:01:30.035+0000] {processor.py:925} INFO - DAG(s) 'example_setup_teardown_taskflow' retrieved from /home/airflow/.local/lib/python3.12/site-packages/airflow/example_dags/example_setup_teardown_taskflow.py
[2025-02-04T09:01:30.047+0000] {logging_mixin.py:190} INFO - [2025-02-04T09:01:30.047+0000] {dag.py:3239} INFO - Sync 1 DAGs
[2025-02-04T09:01:30.055+0000] {logging_mixin.py:190} INFO - [2025-02-04T09:01:30.055+0000] {dag.py:4180} INFO - Setting next_dagrun for example_setup_teardown_taskflow to None, run_after=None
[2025-02-04T09:01:30.064+0000] {processor.py:208} INFO - Processing /home/airflow/.local/lib/python3.12/site-packages/airflow/example_dags/example_setup_teardown_taskflow.py took 0.042 seconds
[2025-02-04T09:02:00.199+0000] {processor.py:186} INFO - Started process (PID=22741) to work on /home/airflow/.local/lib/python3.12/site-packages/airflow/example_dags/example_setup_teardown_taskflow.py
[2025-02-04T09:02:00.202+0000] {processor.py:914} INFO - Processing file /home/airflow/.local/lib/python3.12/site-packages/airflow/example_dags/example_setup_teardown_taskflow.py for tasks to queue
[2025-02-04T09:02:00.204+0000] {logging_mixin.py:190} INFO - [2025-02-04T09:02:00.203+0000] {dagbag.py:588} INFO - Filling up the DagBag from /home/airflow/.local/lib/python3.12/site-packages/airflow/example_dags/example_setup_teardown_taskflow.py
[2025-02-04T09:02:00.211+0000] {processor.py:925} INFO - DAG(s) 'example_setup_teardown_taskflow' retrieved from /home/airflow/.local/lib/python3.12/site-packages/airflow/example_dags/example_setup_teardown_taskflow.py
[2025-02-04T09:02:00.223+0000] {logging_mixin.py:190} INFO - [2025-02-04T09:02:00.223+0000] {dag.py:3239} INFO - Sync 1 DAGs
[2025-02-04T09:02:00.231+0000] {logging_mixin.py:190} INFO - [2025-02-04T09:02:00.231+0000] {dag.py:4180} INFO - Setting next_dagrun for example_setup_teardown_taskflow to None, run_after=None
[2025-02-04T09:02:00.241+0000] {processor.py:208} INFO - Processing /home/airflow/.local/lib/python3.12/site-packages/airflow/example_dags/example_setup_teardown_taskflow.py took 0.047 seconds
[2025-02-04T09:02:30.289+0000] {processor.py:186} INFO - Started process (PID=22805) to work on /home/airflow/.local/lib/python3.12/site-packages/airflow/example_dags/example_setup_teardown_taskflow.py
[2025-02-04T09:02:30.290+0000] {processor.py:914} INFO - Processing file /home/airflow/.local/lib/python3.12/site-packages/airflow/example_dags/example_setup_teardown_taskflow.py for tasks to queue
[2025-02-04T09:02:30.291+0000] {logging_mixin.py:190} INFO - [2025-02-04T09:02:30.291+0000] {dagbag.py:588} INFO - Filling up the DagBag from /home/airflow/.local/lib/python3.12/site-packages/airflow/example_dags/example_setup_teardown_taskflow.py
[2025-02-04T09:02:30.297+0000] {processor.py:925} INFO - DAG(s) 'example_setup_teardown_taskflow' retrieved from /home/airflow/.local/lib/python3.12/site-packages/airflow/example_dags/example_setup_teardown_taskflow.py
[2025-02-04T09:02:30.310+0000] {logging_mixin.py:190} INFO - [2025-02-04T09:02:30.310+0000] {dag.py:3239} INFO - Sync 1 DAGs
[2025-02-04T09:02:30.319+0000] {logging_mixin.py:190} INFO - [2025-02-04T09:02:30.319+0000] {dag.py:4180} INFO - Setting next_dagrun for example_setup_teardown_taskflow to None, run_after=None
[2025-02-04T09:02:30.329+0000] {processor.py:208} INFO - Processing /home/airflow/.local/lib/python3.12/site-packages/airflow/example_dags/example_setup_teardown_taskflow.py took 0.044 seconds
