[2025-02-04T09:00:03.771+0000] {processor.py:186} INFO - Started process (PID=22507) to work on /home/airflow/.local/lib/python3.12/site-packages/airflow/example_dags/example_short_circuit_operator.py
[2025-02-04T09:00:03.771+0000] {processor.py:914} INFO - Processing file /home/airflow/.local/lib/python3.12/site-packages/airflow/example_dags/example_short_circuit_operator.py for tasks to queue
[2025-02-04T09:00:03.773+0000] {logging_mixin.py:190} INFO - [2025-02-04T09:00:03.772+0000] {dagbag.py:588} INFO - Filling up the DagBag from /home/airflow/.local/lib/python3.12/site-packages/airflow/example_dags/example_short_circuit_operator.py
[2025-02-04T09:00:03.778+0000] {processor.py:925} INFO - DAG(s) 'example_short_circuit_operator' retrieved from /home/airflow/.local/lib/python3.12/site-packages/airflow/example_dags/example_short_circuit_operator.py
[2025-02-04T09:00:03.792+0000] {logging_mixin.py:190} INFO - [2025-02-04T09:00:03.792+0000] {dag.py:3239} INFO - Sync 1 DAGs
[2025-02-04T09:00:03.801+0000] {logging_mixin.py:190} INFO - [2025-02-04T09:00:03.801+0000] {dag.py:4180} INFO - Setting next_dagrun for example_short_circuit_operator to None, run_after=None
[2025-02-04T09:00:03.813+0000] {processor.py:208} INFO - Processing /home/airflow/.local/lib/python3.12/site-packages/airflow/example_dags/example_short_circuit_operator.py took 0.047 seconds
[2025-02-04T09:00:33.865+0000] {processor.py:186} INFO - Started process (PID=22571) to work on /home/airflow/.local/lib/python3.12/site-packages/airflow/example_dags/example_short_circuit_operator.py
[2025-02-04T09:00:33.866+0000] {processor.py:914} INFO - Processing file /home/airflow/.local/lib/python3.12/site-packages/airflow/example_dags/example_short_circuit_operator.py for tasks to queue
[2025-02-04T09:00:33.868+0000] {logging_mixin.py:190} INFO - [2025-02-04T09:00:33.868+0000] {dagbag.py:588} INFO - Filling up the DagBag from /home/airflow/.local/lib/python3.12/site-packages/airflow/example_dags/example_short_circuit_operator.py
[2025-02-04T09:00:33.873+0000] {processor.py:925} INFO - DAG(s) 'example_short_circuit_operator' retrieved from /home/airflow/.local/lib/python3.12/site-packages/airflow/example_dags/example_short_circuit_operator.py
[2025-02-04T09:00:33.887+0000] {logging_mixin.py:190} INFO - [2025-02-04T09:00:33.887+0000] {dag.py:3239} INFO - Sync 1 DAGs
[2025-02-04T09:00:33.897+0000] {logging_mixin.py:190} INFO - [2025-02-04T09:00:33.897+0000] {dag.py:4180} INFO - Setting next_dagrun for example_short_circuit_operator to None, run_after=None
[2025-02-04T09:00:33.909+0000] {processor.py:208} INFO - Processing /home/airflow/.local/lib/python3.12/site-packages/airflow/example_dags/example_short_circuit_operator.py took 0.047 seconds
[2025-02-04T09:01:03.979+0000] {processor.py:186} INFO - Started process (PID=22635) to work on /home/airflow/.local/lib/python3.12/site-packages/airflow/example_dags/example_short_circuit_operator.py
[2025-02-04T09:01:03.980+0000] {processor.py:914} INFO - Processing file /home/airflow/.local/lib/python3.12/site-packages/airflow/example_dags/example_short_circuit_operator.py for tasks to queue
[2025-02-04T09:01:03.982+0000] {logging_mixin.py:190} INFO - [2025-02-04T09:01:03.981+0000] {dagbag.py:588} INFO - Filling up the DagBag from /home/airflow/.local/lib/python3.12/site-packages/airflow/example_dags/example_short_circuit_operator.py
[2025-02-04T09:01:03.987+0000] {processor.py:925} INFO - DAG(s) 'example_short_circuit_operator' retrieved from /home/airflow/.local/lib/python3.12/site-packages/airflow/example_dags/example_short_circuit_operator.py
[2025-02-04T09:01:04.001+0000] {logging_mixin.py:190} INFO - [2025-02-04T09:01:04.000+0000] {dag.py:3239} INFO - Sync 1 DAGs
[2025-02-04T09:01:04.009+0000] {logging_mixin.py:190} INFO - [2025-02-04T09:01:04.009+0000] {dag.py:4180} INFO - Setting next_dagrun for example_short_circuit_operator to None, run_after=None
[2025-02-04T09:01:04.020+0000] {processor.py:208} INFO - Processing /home/airflow/.local/lib/python3.12/site-packages/airflow/example_dags/example_short_circuit_operator.py took 0.044 seconds
[2025-02-04T09:01:34.550+0000] {processor.py:186} INFO - Started process (PID=22699) to work on /home/airflow/.local/lib/python3.12/site-packages/airflow/example_dags/example_short_circuit_operator.py
[2025-02-04T09:01:34.551+0000] {processor.py:914} INFO - Processing file /home/airflow/.local/lib/python3.12/site-packages/airflow/example_dags/example_short_circuit_operator.py for tasks to queue
[2025-02-04T09:01:34.552+0000] {logging_mixin.py:190} INFO - [2025-02-04T09:01:34.552+0000] {dagbag.py:588} INFO - Filling up the DagBag from /home/airflow/.local/lib/python3.12/site-packages/airflow/example_dags/example_short_circuit_operator.py
[2025-02-04T09:01:34.558+0000] {processor.py:925} INFO - DAG(s) 'example_short_circuit_operator' retrieved from /home/airflow/.local/lib/python3.12/site-packages/airflow/example_dags/example_short_circuit_operator.py
[2025-02-04T09:01:34.571+0000] {logging_mixin.py:190} INFO - [2025-02-04T09:01:34.571+0000] {dag.py:3239} INFO - Sync 1 DAGs
[2025-02-04T09:01:34.580+0000] {logging_mixin.py:190} INFO - [2025-02-04T09:01:34.579+0000] {dag.py:4180} INFO - Setting next_dagrun for example_short_circuit_operator to None, run_after=None
[2025-02-04T09:01:34.591+0000] {processor.py:208} INFO - Processing /home/airflow/.local/lib/python3.12/site-packages/airflow/example_dags/example_short_circuit_operator.py took 0.045 seconds
[2025-02-04T09:02:04.729+0000] {processor.py:186} INFO - Started process (PID=22763) to work on /home/airflow/.local/lib/python3.12/site-packages/airflow/example_dags/example_short_circuit_operator.py
[2025-02-04T09:02:04.742+0000] {processor.py:914} INFO - Processing file /home/airflow/.local/lib/python3.12/site-packages/airflow/example_dags/example_short_circuit_operator.py for tasks to queue
[2025-02-04T09:02:04.744+0000] {logging_mixin.py:190} INFO - [2025-02-04T09:02:04.743+0000] {dagbag.py:588} INFO - Filling up the DagBag from /home/airflow/.local/lib/python3.12/site-packages/airflow/example_dags/example_short_circuit_operator.py
[2025-02-04T09:02:04.749+0000] {processor.py:925} INFO - DAG(s) 'example_short_circuit_operator' retrieved from /home/airflow/.local/lib/python3.12/site-packages/airflow/example_dags/example_short_circuit_operator.py
[2025-02-04T09:02:04.762+0000] {logging_mixin.py:190} INFO - [2025-02-04T09:02:04.762+0000] {dag.py:3239} INFO - Sync 1 DAGs
[2025-02-04T09:02:04.771+0000] {logging_mixin.py:190} INFO - [2025-02-04T09:02:04.770+0000] {dag.py:4180} INFO - Setting next_dagrun for example_short_circuit_operator to None, run_after=None
[2025-02-04T09:02:04.781+0000] {processor.py:208} INFO - Processing /home/airflow/.local/lib/python3.12/site-packages/airflow/example_dags/example_short_circuit_operator.py took 0.056 seconds
