[2025-02-04T09:00:02.329+0000] {processor.py:186} INFO - Started process (PID=22492) to work on /home/airflow/.local/lib/python3.12/site-packages/airflow/example_dags/example_workday_timetable.py
[2025-02-04T09:00:02.330+0000] {processor.py:914} INFO - Processing file /home/airflow/.local/lib/python3.12/site-packages/airflow/example_dags/example_workday_timetable.py for tasks to queue
[2025-02-04T09:00:02.332+0000] {logging_mixin.py:190} INFO - [2025-02-04T09:00:02.331+0000] {dagbag.py:588} INFO - Filling up the DagBag from /home/airflow/.local/lib/python3.12/site-packages/airflow/example_dags/example_workday_timetable.py
[2025-02-04T09:00:02.336+0000] {processor.py:925} INFO - DAG(s) 'example_workday_timetable' retrieved from /home/airflow/.local/lib/python3.12/site-packages/airflow/example_dags/example_workday_timetable.py
[2025-02-04T09:00:02.351+0000] {logging_mixin.py:190} INFO - [2025-02-04T09:00:02.351+0000] {dag.py:3239} INFO - Sync 1 DAGs
[2025-02-04T09:00:02.401+0000] {logging_mixin.py:190} INFO - [2025-02-04T09:00:02.401+0000] {dag.py:4180} INFO - Setting next_dagrun for example_workday_timetable to 2021-01-04 00:00:00+00:00, run_after=2021-01-05 00:00:00+00:00
[2025-02-04T09:00:02.414+0000] {processor.py:208} INFO - Processing /home/airflow/.local/lib/python3.12/site-packages/airflow/example_dags/example_workday_timetable.py took 0.089 seconds
[2025-02-04T09:00:32.524+0000] {processor.py:186} INFO - Started process (PID=22556) to work on /home/airflow/.local/lib/python3.12/site-packages/airflow/example_dags/example_workday_timetable.py
[2025-02-04T09:00:32.525+0000] {processor.py:914} INFO - Processing file /home/airflow/.local/lib/python3.12/site-packages/airflow/example_dags/example_workday_timetable.py for tasks to queue
[2025-02-04T09:00:32.526+0000] {logging_mixin.py:190} INFO - [2025-02-04T09:00:32.526+0000] {dagbag.py:588} INFO - Filling up the DagBag from /home/airflow/.local/lib/python3.12/site-packages/airflow/example_dags/example_workday_timetable.py
[2025-02-04T09:00:32.530+0000] {processor.py:925} INFO - DAG(s) 'example_workday_timetable' retrieved from /home/airflow/.local/lib/python3.12/site-packages/airflow/example_dags/example_workday_timetable.py
[2025-02-04T09:00:32.542+0000] {logging_mixin.py:190} INFO - [2025-02-04T09:00:32.542+0000] {dag.py:3239} INFO - Sync 1 DAGs
[2025-02-04T09:00:32.581+0000] {logging_mixin.py:190} INFO - [2025-02-04T09:00:32.581+0000] {dag.py:4180} INFO - Setting next_dagrun for example_workday_timetable to 2021-01-04 00:00:00+00:00, run_after=2021-01-05 00:00:00+00:00
[2025-02-04T09:00:32.592+0000] {processor.py:208} INFO - Processing /home/airflow/.local/lib/python3.12/site-packages/airflow/example_dags/example_workday_timetable.py took 0.072 seconds
[2025-02-04T09:01:02.617+0000] {processor.py:186} INFO - Started process (PID=22620) to work on /home/airflow/.local/lib/python3.12/site-packages/airflow/example_dags/example_workday_timetable.py
[2025-02-04T09:01:02.617+0000] {processor.py:914} INFO - Processing file /home/airflow/.local/lib/python3.12/site-packages/airflow/example_dags/example_workday_timetable.py for tasks to queue
[2025-02-04T09:01:02.618+0000] {logging_mixin.py:190} INFO - [2025-02-04T09:01:02.618+0000] {dagbag.py:588} INFO - Filling up the DagBag from /home/airflow/.local/lib/python3.12/site-packages/airflow/example_dags/example_workday_timetable.py
[2025-02-04T09:01:02.622+0000] {processor.py:925} INFO - DAG(s) 'example_workday_timetable' retrieved from /home/airflow/.local/lib/python3.12/site-packages/airflow/example_dags/example_workday_timetable.py
[2025-02-04T09:01:02.633+0000] {logging_mixin.py:190} INFO - [2025-02-04T09:01:02.633+0000] {dag.py:3239} INFO - Sync 1 DAGs
[2025-02-04T09:01:02.672+0000] {logging_mixin.py:190} INFO - [2025-02-04T09:01:02.672+0000] {dag.py:4180} INFO - Setting next_dagrun for example_workday_timetable to 2021-01-04 00:00:00+00:00, run_after=2021-01-05 00:00:00+00:00
[2025-02-04T09:01:02.683+0000] {processor.py:208} INFO - Processing /home/airflow/.local/lib/python3.12/site-packages/airflow/example_dags/example_workday_timetable.py took 0.069 seconds
[2025-02-04T09:01:33.225+0000] {processor.py:186} INFO - Started process (PID=22690) to work on /home/airflow/.local/lib/python3.12/site-packages/airflow/example_dags/example_workday_timetable.py
[2025-02-04T09:01:33.229+0000] {processor.py:914} INFO - Processing file /home/airflow/.local/lib/python3.12/site-packages/airflow/example_dags/example_workday_timetable.py for tasks to queue
[2025-02-04T09:01:33.230+0000] {logging_mixin.py:190} INFO - [2025-02-04T09:01:33.230+0000] {dagbag.py:588} INFO - Filling up the DagBag from /home/airflow/.local/lib/python3.12/site-packages/airflow/example_dags/example_workday_timetable.py
[2025-02-04T09:01:33.234+0000] {processor.py:925} INFO - DAG(s) 'example_workday_timetable' retrieved from /home/airflow/.local/lib/python3.12/site-packages/airflow/example_dags/example_workday_timetable.py
[2025-02-04T09:01:33.245+0000] {logging_mixin.py:190} INFO - [2025-02-04T09:01:33.245+0000] {dag.py:3239} INFO - Sync 1 DAGs
[2025-02-04T09:01:33.285+0000] {logging_mixin.py:190} INFO - [2025-02-04T09:01:33.285+0000] {dag.py:4180} INFO - Setting next_dagrun for example_workday_timetable to 2021-01-04 00:00:00+00:00, run_after=2021-01-05 00:00:00+00:00
[2025-02-04T09:01:33.296+0000] {processor.py:208} INFO - Processing /home/airflow/.local/lib/python3.12/site-packages/airflow/example_dags/example_workday_timetable.py took 0.074 seconds
[2025-02-04T09:02:03.394+0000] {processor.py:186} INFO - Started process (PID=22754) to work on /home/airflow/.local/lib/python3.12/site-packages/airflow/example_dags/example_workday_timetable.py
[2025-02-04T09:02:03.395+0000] {processor.py:914} INFO - Processing file /home/airflow/.local/lib/python3.12/site-packages/airflow/example_dags/example_workday_timetable.py for tasks to queue
[2025-02-04T09:02:03.396+0000] {logging_mixin.py:190} INFO - [2025-02-04T09:02:03.396+0000] {dagbag.py:588} INFO - Filling up the DagBag from /home/airflow/.local/lib/python3.12/site-packages/airflow/example_dags/example_workday_timetable.py
[2025-02-04T09:02:03.400+0000] {processor.py:925} INFO - DAG(s) 'example_workday_timetable' retrieved from /home/airflow/.local/lib/python3.12/site-packages/airflow/example_dags/example_workday_timetable.py
[2025-02-04T09:02:03.411+0000] {logging_mixin.py:190} INFO - [2025-02-04T09:02:03.411+0000] {dag.py:3239} INFO - Sync 1 DAGs
[2025-02-04T09:02:03.449+0000] {logging_mixin.py:190} INFO - [2025-02-04T09:02:03.449+0000] {dag.py:4180} INFO - Setting next_dagrun for example_workday_timetable to 2021-01-04 00:00:00+00:00, run_after=2021-01-05 00:00:00+00:00
[2025-02-04T09:02:03.461+0000] {processor.py:208} INFO - Processing /home/airflow/.local/lib/python3.12/site-packages/airflow/example_dags/example_workday_timetable.py took 0.071 seconds
