[2025-02-04T08:59:44.287+0000] {processor.py:186} INFO - Started process (PID=22465) to work on /home/airflow/.local/lib/python3.12/site-packages/airflow/example_dags/example_bash_operator.py
[2025-02-04T08:59:44.288+0000] {processor.py:914} INFO - Processing file /home/airflow/.local/lib/python3.12/site-packages/airflow/example_dags/example_bash_operator.py for tasks to queue
[2025-02-04T08:59:44.289+0000] {logging_mixin.py:190} INFO - [2025-02-04T08:59:44.289+0000] {dagbag.py:588} INFO - Filling up the DagBag from /home/airflow/.local/lib/python3.12/site-packages/airflow/example_dags/example_bash_operator.py
[2025-02-04T08:59:44.298+0000] {processor.py:925} INFO - DAG(s) 'example_bash_operator' retrieved from /home/airflow/.local/lib/python3.12/site-packages/airflow/example_dags/example_bash_operator.py
[2025-02-04T08:59:44.314+0000] {logging_mixin.py:190} INFO - [2025-02-04T08:59:44.314+0000] {dag.py:3239} INFO - Sync 1 DAGs
[2025-02-04T08:59:44.329+0000] {logging_mixin.py:190} INFO - [2025-02-04T08:59:44.328+0000] {dag.py:4180} INFO - Setting next_dagrun for example_bash_operator to 2025-02-03 00:00:00+00:00, run_after=2025-02-04 00:00:00+00:00
[2025-02-04T08:59:44.342+0000] {processor.py:208} INFO - Processing /home/airflow/.local/lib/python3.12/site-packages/airflow/example_dags/example_bash_operator.py took 0.058 seconds
[2025-02-04T09:00:15.230+0000] {processor.py:186} INFO - Started process (PID=22529) to work on /home/airflow/.local/lib/python3.12/site-packages/airflow/example_dags/example_bash_operator.py
[2025-02-04T09:00:15.231+0000] {processor.py:914} INFO - Processing file /home/airflow/.local/lib/python3.12/site-packages/airflow/example_dags/example_bash_operator.py for tasks to queue
[2025-02-04T09:00:15.233+0000] {logging_mixin.py:190} INFO - [2025-02-04T09:00:15.232+0000] {dagbag.py:588} INFO - Filling up the DagBag from /home/airflow/.local/lib/python3.12/site-packages/airflow/example_dags/example_bash_operator.py
[2025-02-04T09:00:15.241+0000] {processor.py:925} INFO - DAG(s) 'example_bash_operator' retrieved from /home/airflow/.local/lib/python3.12/site-packages/airflow/example_dags/example_bash_operator.py
[2025-02-04T09:00:15.261+0000] {logging_mixin.py:190} INFO - [2025-02-04T09:00:15.261+0000] {dag.py:3239} INFO - Sync 1 DAGs
[2025-02-04T09:00:15.277+0000] {logging_mixin.py:190} INFO - [2025-02-04T09:00:15.277+0000] {dag.py:4180} INFO - Setting next_dagrun for example_bash_operator to 2025-02-03 00:00:00+00:00, run_after=2025-02-04 00:00:00+00:00
[2025-02-04T09:00:15.288+0000] {processor.py:208} INFO - Processing /home/airflow/.local/lib/python3.12/site-packages/airflow/example_dags/example_bash_operator.py took 0.062 seconds
[2025-02-04T09:00:46.332+0000] {processor.py:186} INFO - Started process (PID=22593) to work on /home/airflow/.local/lib/python3.12/site-packages/airflow/example_dags/example_bash_operator.py
[2025-02-04T09:00:46.333+0000] {processor.py:914} INFO - Processing file /home/airflow/.local/lib/python3.12/site-packages/airflow/example_dags/example_bash_operator.py for tasks to queue
[2025-02-04T09:00:46.334+0000] {logging_mixin.py:190} INFO - [2025-02-04T09:00:46.334+0000] {dagbag.py:588} INFO - Filling up the DagBag from /home/airflow/.local/lib/python3.12/site-packages/airflow/example_dags/example_bash_operator.py
[2025-02-04T09:00:46.343+0000] {processor.py:925} INFO - DAG(s) 'example_bash_operator' retrieved from /home/airflow/.local/lib/python3.12/site-packages/airflow/example_dags/example_bash_operator.py
[2025-02-04T09:00:46.359+0000] {logging_mixin.py:190} INFO - [2025-02-04T09:00:46.359+0000] {dag.py:3239} INFO - Sync 1 DAGs
[2025-02-04T09:00:46.374+0000] {logging_mixin.py:190} INFO - [2025-02-04T09:00:46.374+0000] {dag.py:4180} INFO - Setting next_dagrun for example_bash_operator to 2025-02-03 00:00:00+00:00, run_after=2025-02-04 00:00:00+00:00
[2025-02-04T09:00:46.386+0000] {processor.py:208} INFO - Processing /home/airflow/.local/lib/python3.12/site-packages/airflow/example_dags/example_bash_operator.py took 0.058 seconds
[2025-02-04T09:01:17.407+0000] {processor.py:186} INFO - Started process (PID=22658) to work on /home/airflow/.local/lib/python3.12/site-packages/airflow/example_dags/example_bash_operator.py
[2025-02-04T09:01:17.408+0000] {processor.py:914} INFO - Processing file /home/airflow/.local/lib/python3.12/site-packages/airflow/example_dags/example_bash_operator.py for tasks to queue
[2025-02-04T09:01:17.409+0000] {logging_mixin.py:190} INFO - [2025-02-04T09:01:17.409+0000] {dagbag.py:588} INFO - Filling up the DagBag from /home/airflow/.local/lib/python3.12/site-packages/airflow/example_dags/example_bash_operator.py
[2025-02-04T09:01:17.417+0000] {processor.py:925} INFO - DAG(s) 'example_bash_operator' retrieved from /home/airflow/.local/lib/python3.12/site-packages/airflow/example_dags/example_bash_operator.py
[2025-02-04T09:01:17.433+0000] {logging_mixin.py:190} INFO - [2025-02-04T09:01:17.432+0000] {dag.py:3239} INFO - Sync 1 DAGs
[2025-02-04T09:01:17.448+0000] {logging_mixin.py:190} INFO - [2025-02-04T09:01:17.448+0000] {dag.py:4180} INFO - Setting next_dagrun for example_bash_operator to 2025-02-03 00:00:00+00:00, run_after=2025-02-04 00:00:00+00:00
[2025-02-04T09:01:17.459+0000] {processor.py:208} INFO - Processing /home/airflow/.local/lib/python3.12/site-packages/airflow/example_dags/example_bash_operator.py took 0.056 seconds
