[2025-02-04T08:59:42.124+0000] {processor.py:186} INFO - Started process (PID=22449) to work on /home/airflow/.local/lib/python3.12/site-packages/airflow/example_dags/example_inlet_event_extra.py
[2025-02-04T08:59:42.125+0000] {processor.py:914} INFO - Processing file /home/airflow/.local/lib/python3.12/site-packages/airflow/example_dags/example_inlet_event_extra.py for tasks to queue
[2025-02-04T08:59:42.127+0000] {logging_mixin.py:190} INFO - [2025-02-04T08:59:42.127+0000] {dagbag.py:588} INFO - Filling up the DagBag from /home/airflow/.local/lib/python3.12/site-packages/airflow/example_dags/example_inlet_event_extra.py
[2025-02-04T08:59:42.376+0000] {processor.py:925} INFO - DAG(s) 'read_dataset_event', 'read_dataset_event_from_classic' retrieved from /home/airflow/.local/lib/python3.12/site-packages/airflow/example_dags/example_inlet_event_extra.py
[2025-02-04T08:59:42.391+0000] {logging_mixin.py:190} INFO - [2025-02-04T08:59:42.391+0000] {dag.py:3239} INFO - Sync 2 DAGs
[2025-02-04T08:59:42.409+0000] {logging_mixin.py:190} INFO - [2025-02-04T08:59:42.408+0000] {dag.py:4180} INFO - Setting next_dagrun for read_dataset_event to 2025-02-03 00:00:00+00:00, run_after=2025-02-04 00:00:00+00:00
[2025-02-04T08:59:42.412+0000] {logging_mixin.py:190} INFO - [2025-02-04T08:59:42.412+0000] {dag.py:4180} INFO - Setting next_dagrun for read_dataset_event_from_classic to 2025-02-03 00:00:00+00:00, run_after=2025-02-04 00:00:00+00:00
[2025-02-04T08:59:42.422+0000] {processor.py:208} INFO - Processing /home/airflow/.local/lib/python3.12/site-packages/airflow/example_dags/example_inlet_event_extra.py took 0.301 seconds
[2025-02-04T09:00:12.978+0000] {processor.py:186} INFO - Started process (PID=22513) to work on /home/airflow/.local/lib/python3.12/site-packages/airflow/example_dags/example_inlet_event_extra.py
[2025-02-04T09:00:12.978+0000] {processor.py:914} INFO - Processing file /home/airflow/.local/lib/python3.12/site-packages/airflow/example_dags/example_inlet_event_extra.py for tasks to queue
[2025-02-04T09:00:12.980+0000] {logging_mixin.py:190} INFO - [2025-02-04T09:00:12.980+0000] {dagbag.py:588} INFO - Filling up the DagBag from /home/airflow/.local/lib/python3.12/site-packages/airflow/example_dags/example_inlet_event_extra.py
[2025-02-04T09:00:13.231+0000] {processor.py:925} INFO - DAG(s) 'read_dataset_event_from_classic', 'read_dataset_event' retrieved from /home/airflow/.local/lib/python3.12/site-packages/airflow/example_dags/example_inlet_event_extra.py
[2025-02-04T09:00:13.244+0000] {logging_mixin.py:190} INFO - [2025-02-04T09:00:13.244+0000] {dag.py:3239} INFO - Sync 2 DAGs
[2025-02-04T09:00:13.263+0000] {logging_mixin.py:190} INFO - [2025-02-04T09:00:13.262+0000] {dag.py:4180} INFO - Setting next_dagrun for read_dataset_event to 2025-02-03 00:00:00+00:00, run_after=2025-02-04 00:00:00+00:00
[2025-02-04T09:00:13.266+0000] {logging_mixin.py:190} INFO - [2025-02-04T09:00:13.266+0000] {dag.py:4180} INFO - Setting next_dagrun for read_dataset_event_from_classic to 2025-02-03 00:00:00+00:00, run_after=2025-02-04 00:00:00+00:00
[2025-02-04T09:00:13.408+0000] {processor.py:208} INFO - Processing /home/airflow/.local/lib/python3.12/site-packages/airflow/example_dags/example_inlet_event_extra.py took 0.434 seconds
[2025-02-04T09:00:44.062+0000] {processor.py:186} INFO - Started process (PID=22577) to work on /home/airflow/.local/lib/python3.12/site-packages/airflow/example_dags/example_inlet_event_extra.py
[2025-02-04T09:00:44.065+0000] {processor.py:914} INFO - Processing file /home/airflow/.local/lib/python3.12/site-packages/airflow/example_dags/example_inlet_event_extra.py for tasks to queue
[2025-02-04T09:00:44.067+0000] {logging_mixin.py:190} INFO - [2025-02-04T09:00:44.067+0000] {dagbag.py:588} INFO - Filling up the DagBag from /home/airflow/.local/lib/python3.12/site-packages/airflow/example_dags/example_inlet_event_extra.py
[2025-02-04T09:00:44.321+0000] {processor.py:925} INFO - DAG(s) 'read_dataset_event', 'read_dataset_event_from_classic' retrieved from /home/airflow/.local/lib/python3.12/site-packages/airflow/example_dags/example_inlet_event_extra.py
[2025-02-04T09:00:44.334+0000] {logging_mixin.py:190} INFO - [2025-02-04T09:00:44.334+0000] {dag.py:3239} INFO - Sync 2 DAGs
[2025-02-04T09:00:44.350+0000] {logging_mixin.py:190} INFO - [2025-02-04T09:00:44.350+0000] {dag.py:4180} INFO - Setting next_dagrun for read_dataset_event to 2025-02-03 00:00:00+00:00, run_after=2025-02-04 00:00:00+00:00
[2025-02-04T09:00:44.353+0000] {logging_mixin.py:190} INFO - [2025-02-04T09:00:44.353+0000] {dag.py:4180} INFO - Setting next_dagrun for read_dataset_event_from_classic to 2025-02-03 00:00:00+00:00, run_after=2025-02-04 00:00:00+00:00
[2025-02-04T09:00:44.363+0000] {processor.py:208} INFO - Processing /home/airflow/.local/lib/python3.12/site-packages/airflow/example_dags/example_inlet_event_extra.py took 0.304 seconds
[2025-02-04T09:01:15.163+0000] {processor.py:186} INFO - Started process (PID=22641) to work on /home/airflow/.local/lib/python3.12/site-packages/airflow/example_dags/example_inlet_event_extra.py
[2025-02-04T09:01:15.166+0000] {processor.py:914} INFO - Processing file /home/airflow/.local/lib/python3.12/site-packages/airflow/example_dags/example_inlet_event_extra.py for tasks to queue
[2025-02-04T09:01:15.168+0000] {logging_mixin.py:190} INFO - [2025-02-04T09:01:15.168+0000] {dagbag.py:588} INFO - Filling up the DagBag from /home/airflow/.local/lib/python3.12/site-packages/airflow/example_dags/example_inlet_event_extra.py
[2025-02-04T09:01:15.427+0000] {processor.py:925} INFO - DAG(s) 'read_dataset_event', 'read_dataset_event_from_classic' retrieved from /home/airflow/.local/lib/python3.12/site-packages/airflow/example_dags/example_inlet_event_extra.py
[2025-02-04T09:01:15.441+0000] {logging_mixin.py:190} INFO - [2025-02-04T09:01:15.441+0000] {dag.py:3239} INFO - Sync 2 DAGs
[2025-02-04T09:01:15.458+0000] {logging_mixin.py:190} INFO - [2025-02-04T09:01:15.457+0000] {dag.py:4180} INFO - Setting next_dagrun for read_dataset_event to 2025-02-03 00:00:00+00:00, run_after=2025-02-04 00:00:00+00:00
[2025-02-04T09:01:15.461+0000] {logging_mixin.py:190} INFO - [2025-02-04T09:01:15.461+0000] {dag.py:4180} INFO - Setting next_dagrun for read_dataset_event_from_classic to 2025-02-03 00:00:00+00:00, run_after=2025-02-04 00:00:00+00:00
[2025-02-04T09:01:15.471+0000] {processor.py:208} INFO - Processing /home/airflow/.local/lib/python3.12/site-packages/airflow/example_dags/example_inlet_event_extra.py took 0.312 seconds
