[2025-02-04T08:59:57.978+0000] {processor.py:186} INFO - Started process (PID=22484) to work on /home/airflow/.local/lib/python3.12/site-packages/airflow/example_dags/example_sla_dag.py
[2025-02-04T08:59:57.979+0000] {processor.py:914} INFO - Processing file /home/airflow/.local/lib/python3.12/site-packages/airflow/example_dags/example_sla_dag.py for tasks to queue
[2025-02-04T08:59:57.981+0000] {logging_mixin.py:190} INFO - [2025-02-04T08:59:57.981+0000] {dagbag.py:588} INFO - Filling up the DagBag from /home/airflow/.local/lib/python3.12/site-packages/airflow/example_dags/example_sla_dag.py
[2025-02-04T08:59:57.988+0000] {processor.py:925} INFO - DAG(s) 'example_sla_dag' retrieved from /home/airflow/.local/lib/python3.12/site-packages/airflow/example_dags/example_sla_dag.py
[2025-02-04T08:59:57.999+0000] {logging_mixin.py:190} INFO - [2025-02-04T08:59:57.999+0000] {dag.py:3239} INFO - Sync 1 DAGs
[2025-02-04T08:59:58.015+0000] {logging_mixin.py:190} INFO - [2025-02-04T08:59:58.015+0000] {dag.py:4180} INFO - Setting next_dagrun for example_sla_dag to 2025-02-04 08:56:00+00:00, run_after=2025-02-04 08:58:00+00:00
[2025-02-04T08:59:58.028+0000] {processor.py:208} INFO - Processing /home/airflow/.local/lib/python3.12/site-packages/airflow/example_dags/example_sla_dag.py took 0.053 seconds
[2025-02-04T09:00:28.217+0000] {processor.py:186} INFO - Started process (PID=22548) to work on /home/airflow/.local/lib/python3.12/site-packages/airflow/example_dags/example_sla_dag.py
[2025-02-04T09:00:28.218+0000] {processor.py:914} INFO - Processing file /home/airflow/.local/lib/python3.12/site-packages/airflow/example_dags/example_sla_dag.py for tasks to queue
[2025-02-04T09:00:28.219+0000] {logging_mixin.py:190} INFO - [2025-02-04T09:00:28.219+0000] {dagbag.py:588} INFO - Filling up the DagBag from /home/airflow/.local/lib/python3.12/site-packages/airflow/example_dags/example_sla_dag.py
[2025-02-04T09:00:28.226+0000] {processor.py:925} INFO - DAG(s) 'example_sla_dag' retrieved from /home/airflow/.local/lib/python3.12/site-packages/airflow/example_dags/example_sla_dag.py
[2025-02-04T09:00:28.238+0000] {logging_mixin.py:190} INFO - [2025-02-04T09:00:28.238+0000] {dag.py:3239} INFO - Sync 1 DAGs
[2025-02-04T09:00:28.255+0000] {logging_mixin.py:190} INFO - [2025-02-04T09:00:28.255+0000] {dag.py:4180} INFO - Setting next_dagrun for example_sla_dag to 2025-02-04 08:58:00+00:00, run_after=2025-02-04 09:00:00+00:00
[2025-02-04T09:00:28.268+0000] {processor.py:208} INFO - Processing /home/airflow/.local/lib/python3.12/site-packages/airflow/example_dags/example_sla_dag.py took 0.054 seconds
[2025-02-04T09:00:58.322+0000] {processor.py:186} INFO - Started process (PID=22612) to work on /home/airflow/.local/lib/python3.12/site-packages/airflow/example_dags/example_sla_dag.py
[2025-02-04T09:00:58.323+0000] {processor.py:914} INFO - Processing file /home/airflow/.local/lib/python3.12/site-packages/airflow/example_dags/example_sla_dag.py for tasks to queue
[2025-02-04T09:00:58.324+0000] {logging_mixin.py:190} INFO - [2025-02-04T09:00:58.324+0000] {dagbag.py:588} INFO - Filling up the DagBag from /home/airflow/.local/lib/python3.12/site-packages/airflow/example_dags/example_sla_dag.py
[2025-02-04T09:00:58.331+0000] {processor.py:925} INFO - DAG(s) 'example_sla_dag' retrieved from /home/airflow/.local/lib/python3.12/site-packages/airflow/example_dags/example_sla_dag.py
[2025-02-04T09:00:58.341+0000] {logging_mixin.py:190} INFO - [2025-02-04T09:00:58.341+0000] {dag.py:3239} INFO - Sync 1 DAGs
[2025-02-04T09:00:58.356+0000] {logging_mixin.py:190} INFO - [2025-02-04T09:00:58.356+0000] {dag.py:4180} INFO - Setting next_dagrun for example_sla_dag to 2025-02-04 08:58:00+00:00, run_after=2025-02-04 09:00:00+00:00
[2025-02-04T09:00:58.368+0000] {processor.py:208} INFO - Processing /home/airflow/.local/lib/python3.12/site-packages/airflow/example_dags/example_sla_dag.py took 0.049 seconds
