[2025-02-04T08:59:42.132+0000] {processor.py:186} INFO - Started process (PID=22450) to work on /home/airflow/.local/lib/python3.12/site-packages/airflow/example_dags/example_dataset_alias.py
[2025-02-04T08:59:42.132+0000] {processor.py:914} INFO - Processing file /home/airflow/.local/lib/python3.12/site-packages/airflow/example_dags/example_dataset_alias.py for tasks to queue
[2025-02-04T08:59:42.134+0000] {logging_mixin.py:190} INFO - [2025-02-04T08:59:42.134+0000] {dagbag.py:588} INFO - Filling up the DagBag from /home/airflow/.local/lib/python3.12/site-packages/airflow/example_dags/example_dataset_alias.py
[2025-02-04T08:59:42.392+0000] {processor.py:925} INFO - DAG(s) 'dataset_s3_bucket_consumer', 'dataset_s3_bucket_producer', 'dataset_alias_example_alias_producer', 'dataset_alias_example_alias_consumer' retrieved from /home/airflow/.local/lib/python3.12/site-packages/airflow/example_dags/example_dataset_alias.py
[2025-02-04T08:59:42.406+0000] {logging_mixin.py:190} INFO - [2025-02-04T08:59:42.406+0000] {dag.py:3239} INFO - Sync 4 DAGs
[2025-02-04T08:59:42.422+0000] {logging_mixin.py:190} INFO - [2025-02-04T08:59:42.422+0000] {dag.py:4180} INFO - Setting next_dagrun for dataset_alias_example_alias_consumer to None, run_after=None
[2025-02-04T08:59:42.424+0000] {logging_mixin.py:190} INFO - [2025-02-04T08:59:42.424+0000] {dag.py:4180} INFO - Setting next_dagrun for dataset_alias_example_alias_producer to None, run_after=None
[2025-02-04T08:59:42.425+0000] {logging_mixin.py:190} INFO - [2025-02-04T08:59:42.424+0000] {dag.py:4180} INFO - Setting next_dagrun for dataset_s3_bucket_consumer to None, run_after=None
[2025-02-04T08:59:42.425+0000] {logging_mixin.py:190} INFO - [2025-02-04T08:59:42.425+0000] {dag.py:4180} INFO - Setting next_dagrun for dataset_s3_bucket_producer to None, run_after=None
[2025-02-04T08:59:42.438+0000] {processor.py:208} INFO - Processing /home/airflow/.local/lib/python3.12/site-packages/airflow/example_dags/example_dataset_alias.py took 0.311 seconds
[2025-02-04T09:00:12.984+0000] {processor.py:186} INFO - Started process (PID=22514) to work on /home/airflow/.local/lib/python3.12/site-packages/airflow/example_dags/example_dataset_alias.py
[2025-02-04T09:00:12.984+0000] {processor.py:914} INFO - Processing file /home/airflow/.local/lib/python3.12/site-packages/airflow/example_dags/example_dataset_alias.py for tasks to queue
[2025-02-04T09:00:12.986+0000] {logging_mixin.py:190} INFO - [2025-02-04T09:00:12.986+0000] {dagbag.py:588} INFO - Filling up the DagBag from /home/airflow/.local/lib/python3.12/site-packages/airflow/example_dags/example_dataset_alias.py
[2025-02-04T09:00:13.264+0000] {processor.py:925} INFO - DAG(s) 'dataset_alias_example_alias_consumer', 'dataset_alias_example_alias_producer', 'dataset_s3_bucket_producer', 'dataset_s3_bucket_consumer' retrieved from /home/airflow/.local/lib/python3.12/site-packages/airflow/example_dags/example_dataset_alias.py
[2025-02-04T09:00:13.279+0000] {logging_mixin.py:190} INFO - [2025-02-04T09:00:13.278+0000] {dag.py:3239} INFO - Sync 4 DAGs
[2025-02-04T09:00:13.428+0000] {logging_mixin.py:190} INFO - [2025-02-04T09:00:13.428+0000] {dag.py:4180} INFO - Setting next_dagrun for dataset_alias_example_alias_consumer to None, run_after=None
[2025-02-04T09:00:13.430+0000] {logging_mixin.py:190} INFO - [2025-02-04T09:00:13.429+0000] {dag.py:4180} INFO - Setting next_dagrun for dataset_alias_example_alias_producer to None, run_after=None
[2025-02-04T09:00:13.430+0000] {logging_mixin.py:190} INFO - [2025-02-04T09:00:13.430+0000] {dag.py:4180} INFO - Setting next_dagrun for dataset_s3_bucket_consumer to None, run_after=None
[2025-02-04T09:00:13.431+0000] {logging_mixin.py:190} INFO - [2025-02-04T09:00:13.431+0000] {dag.py:4180} INFO - Setting next_dagrun for dataset_s3_bucket_producer to None, run_after=None
[2025-02-04T09:00:13.444+0000] {processor.py:208} INFO - Processing /home/airflow/.local/lib/python3.12/site-packages/airflow/example_dags/example_dataset_alias.py took 0.464 seconds
[2025-02-04T09:00:44.068+0000] {processor.py:186} INFO - Started process (PID=22578) to work on /home/airflow/.local/lib/python3.12/site-packages/airflow/example_dags/example_dataset_alias.py
[2025-02-04T09:00:44.069+0000] {processor.py:914} INFO - Processing file /home/airflow/.local/lib/python3.12/site-packages/airflow/example_dags/example_dataset_alias.py for tasks to queue
[2025-02-04T09:00:44.071+0000] {logging_mixin.py:190} INFO - [2025-02-04T09:00:44.070+0000] {dagbag.py:588} INFO - Filling up the DagBag from /home/airflow/.local/lib/python3.12/site-packages/airflow/example_dags/example_dataset_alias.py
[2025-02-04T09:00:44.333+0000] {processor.py:925} INFO - DAG(s) 'dataset_s3_bucket_producer', 'dataset_alias_example_alias_consumer', 'dataset_s3_bucket_consumer', 'dataset_alias_example_alias_producer' retrieved from /home/airflow/.local/lib/python3.12/site-packages/airflow/example_dags/example_dataset_alias.py
[2025-02-04T09:00:44.346+0000] {logging_mixin.py:190} INFO - [2025-02-04T09:00:44.345+0000] {dag.py:3239} INFO - Sync 4 DAGs
[2025-02-04T09:00:44.362+0000] {logging_mixin.py:190} INFO - [2025-02-04T09:00:44.362+0000] {dag.py:4180} INFO - Setting next_dagrun for dataset_alias_example_alias_consumer to None, run_after=None
[2025-02-04T09:00:44.363+0000] {logging_mixin.py:190} INFO - [2025-02-04T09:00:44.363+0000] {dag.py:4180} INFO - Setting next_dagrun for dataset_alias_example_alias_producer to None, run_after=None
[2025-02-04T09:00:44.501+0000] {logging_mixin.py:190} INFO - [2025-02-04T09:00:44.501+0000] {dag.py:4180} INFO - Setting next_dagrun for dataset_s3_bucket_consumer to None, run_after=None
[2025-02-04T09:00:44.502+0000] {logging_mixin.py:190} INFO - [2025-02-04T09:00:44.502+0000] {dag.py:4180} INFO - Setting next_dagrun for dataset_s3_bucket_producer to None, run_after=None
[2025-02-04T09:00:44.514+0000] {processor.py:208} INFO - Processing /home/airflow/.local/lib/python3.12/site-packages/airflow/example_dags/example_dataset_alias.py took 0.450 seconds
[2025-02-04T09:01:15.171+0000] {processor.py:186} INFO - Started process (PID=22642) to work on /home/airflow/.local/lib/python3.12/site-packages/airflow/example_dags/example_dataset_alias.py
[2025-02-04T09:01:15.171+0000] {processor.py:914} INFO - Processing file /home/airflow/.local/lib/python3.12/site-packages/airflow/example_dags/example_dataset_alias.py for tasks to queue
[2025-02-04T09:01:15.173+0000] {logging_mixin.py:190} INFO - [2025-02-04T09:01:15.173+0000] {dagbag.py:588} INFO - Filling up the DagBag from /home/airflow/.local/lib/python3.12/site-packages/airflow/example_dags/example_dataset_alias.py
[2025-02-04T09:01:15.436+0000] {processor.py:925} INFO - DAG(s) 'dataset_s3_bucket_consumer', 'dataset_s3_bucket_producer', 'dataset_alias_example_alias_producer', 'dataset_alias_example_alias_consumer' retrieved from /home/airflow/.local/lib/python3.12/site-packages/airflow/example_dags/example_dataset_alias.py
[2025-02-04T09:01:15.451+0000] {logging_mixin.py:190} INFO - [2025-02-04T09:01:15.450+0000] {dag.py:3239} INFO - Sync 4 DAGs
[2025-02-04T09:01:15.465+0000] {logging_mixin.py:190} INFO - [2025-02-04T09:01:15.465+0000] {dag.py:4180} INFO - Setting next_dagrun for dataset_alias_example_alias_consumer to None, run_after=None
[2025-02-04T09:01:15.467+0000] {logging_mixin.py:190} INFO - [2025-02-04T09:01:15.467+0000] {dag.py:4180} INFO - Setting next_dagrun for dataset_alias_example_alias_producer to None, run_after=None
[2025-02-04T09:01:15.467+0000] {logging_mixin.py:190} INFO - [2025-02-04T09:01:15.467+0000] {dag.py:4180} INFO - Setting next_dagrun for dataset_s3_bucket_consumer to None, run_after=None
[2025-02-04T09:01:15.468+0000] {logging_mixin.py:190} INFO - [2025-02-04T09:01:15.468+0000] {dag.py:4180} INFO - Setting next_dagrun for dataset_s3_bucket_producer to None, run_after=None
[2025-02-04T09:01:15.483+0000] {processor.py:208} INFO - Processing /home/airflow/.local/lib/python3.12/site-packages/airflow/example_dags/example_dataset_alias.py took 0.317 seconds
