[2025-02-04T08:59:42.685+0000] {processor.py:186} INFO - Started process (PID=22457) to work on /home/airflow/.local/lib/python3.12/site-packages/airflow/example_dags/example_dynamic_task_mapping.py
[2025-02-04T08:59:42.686+0000] {processor.py:914} INFO - Processing file /home/airflow/.local/lib/python3.12/site-packages/airflow/example_dags/example_dynamic_task_mapping.py for tasks to queue
[2025-02-04T08:59:42.687+0000] {logging_mixin.py:190} INFO - [2025-02-04T08:59:42.687+0000] {dagbag.py:588} INFO - Filling up the DagBag from /home/airflow/.local/lib/python3.12/site-packages/airflow/example_dags/example_dynamic_task_mapping.py
[2025-02-04T08:59:42.693+0000] {processor.py:925} INFO - DAG(s) 'example_dynamic_task_mapping' retrieved from /home/airflow/.local/lib/python3.12/site-packages/airflow/example_dags/example_dynamic_task_mapping.py
[2025-02-04T08:59:42.704+0000] {logging_mixin.py:190} INFO - [2025-02-04T08:59:42.704+0000] {dag.py:3239} INFO - Sync 1 DAGs
[2025-02-04T08:59:42.713+0000] {logging_mixin.py:190} INFO - [2025-02-04T08:59:42.713+0000] {dag.py:4180} INFO - Setting next_dagrun for example_dynamic_task_mapping to None, run_after=None
[2025-02-04T08:59:42.725+0000] {processor.py:208} INFO - Processing /home/airflow/.local/lib/python3.12/site-packages/airflow/example_dags/example_dynamic_task_mapping.py took 0.044 seconds
[2025-02-04T09:00:13.628+0000] {processor.py:186} INFO - Started process (PID=22521) to work on /home/airflow/.local/lib/python3.12/site-packages/airflow/example_dags/example_dynamic_task_mapping.py
[2025-02-04T09:00:13.629+0000] {processor.py:914} INFO - Processing file /home/airflow/.local/lib/python3.12/site-packages/airflow/example_dags/example_dynamic_task_mapping.py for tasks to queue
[2025-02-04T09:00:13.631+0000] {logging_mixin.py:190} INFO - [2025-02-04T09:00:13.631+0000] {dagbag.py:588} INFO - Filling up the DagBag from /home/airflow/.local/lib/python3.12/site-packages/airflow/example_dags/example_dynamic_task_mapping.py
[2025-02-04T09:00:13.636+0000] {processor.py:925} INFO - DAG(s) 'example_dynamic_task_mapping' retrieved from /home/airflow/.local/lib/python3.12/site-packages/airflow/example_dags/example_dynamic_task_mapping.py
[2025-02-04T09:00:13.649+0000] {logging_mixin.py:190} INFO - [2025-02-04T09:00:13.648+0000] {dag.py:3239} INFO - Sync 1 DAGs
[2025-02-04T09:00:13.657+0000] {logging_mixin.py:190} INFO - [2025-02-04T09:00:13.657+0000] {dag.py:4180} INFO - Setting next_dagrun for example_dynamic_task_mapping to None, run_after=None
[2025-02-04T09:00:13.668+0000] {processor.py:208} INFO - Processing /home/airflow/.local/lib/python3.12/site-packages/airflow/example_dags/example_dynamic_task_mapping.py took 0.044 seconds
[2025-02-04T09:00:44.648+0000] {processor.py:186} INFO - Started process (PID=22585) to work on /home/airflow/.local/lib/python3.12/site-packages/airflow/example_dags/example_dynamic_task_mapping.py
[2025-02-04T09:00:44.649+0000] {processor.py:914} INFO - Processing file /home/airflow/.local/lib/python3.12/site-packages/airflow/example_dags/example_dynamic_task_mapping.py for tasks to queue
[2025-02-04T09:00:44.650+0000] {logging_mixin.py:190} INFO - [2025-02-04T09:00:44.650+0000] {dagbag.py:588} INFO - Filling up the DagBag from /home/airflow/.local/lib/python3.12/site-packages/airflow/example_dags/example_dynamic_task_mapping.py
[2025-02-04T09:00:44.656+0000] {processor.py:925} INFO - DAG(s) 'example_dynamic_task_mapping' retrieved from /home/airflow/.local/lib/python3.12/site-packages/airflow/example_dags/example_dynamic_task_mapping.py
[2025-02-04T09:00:44.669+0000] {logging_mixin.py:190} INFO - [2025-02-04T09:00:44.668+0000] {dag.py:3239} INFO - Sync 1 DAGs
[2025-02-04T09:00:44.678+0000] {logging_mixin.py:190} INFO - [2025-02-04T09:00:44.678+0000] {dag.py:4180} INFO - Setting next_dagrun for example_dynamic_task_mapping to None, run_after=None
[2025-02-04T09:00:44.688+0000] {processor.py:208} INFO - Processing /home/airflow/.local/lib/python3.12/site-packages/airflow/example_dags/example_dynamic_task_mapping.py took 0.044 seconds
[2025-02-04T09:01:15.688+0000] {processor.py:186} INFO - Started process (PID=22649) to work on /home/airflow/.local/lib/python3.12/site-packages/airflow/example_dags/example_dynamic_task_mapping.py
[2025-02-04T09:01:15.689+0000] {processor.py:914} INFO - Processing file /home/airflow/.local/lib/python3.12/site-packages/airflow/example_dags/example_dynamic_task_mapping.py for tasks to queue
[2025-02-04T09:01:15.690+0000] {logging_mixin.py:190} INFO - [2025-02-04T09:01:15.690+0000] {dagbag.py:588} INFO - Filling up the DagBag from /home/airflow/.local/lib/python3.12/site-packages/airflow/example_dags/example_dynamic_task_mapping.py
[2025-02-04T09:01:15.695+0000] {processor.py:925} INFO - DAG(s) 'example_dynamic_task_mapping' retrieved from /home/airflow/.local/lib/python3.12/site-packages/airflow/example_dags/example_dynamic_task_mapping.py
[2025-02-04T09:01:15.706+0000] {logging_mixin.py:190} INFO - [2025-02-04T09:01:15.706+0000] {dag.py:3239} INFO - Sync 1 DAGs
[2025-02-04T09:01:15.715+0000] {logging_mixin.py:190} INFO - [2025-02-04T09:01:15.714+0000] {dag.py:4180} INFO - Setting next_dagrun for example_dynamic_task_mapping to None, run_after=None
[2025-02-04T09:01:15.725+0000] {processor.py:208} INFO - Processing /home/airflow/.local/lib/python3.12/site-packages/airflow/example_dags/example_dynamic_task_mapping.py took 0.040 seconds
[2025-02-04T09:01:46.514+0000] {processor.py:186} INFO - Started process (PID=22713) to work on /home/airflow/.local/lib/python3.12/site-packages/airflow/example_dags/example_dynamic_task_mapping.py
[2025-02-04T09:01:46.516+0000] {processor.py:914} INFO - Processing file /home/airflow/.local/lib/python3.12/site-packages/airflow/example_dags/example_dynamic_task_mapping.py for tasks to queue
[2025-02-04T09:01:46.517+0000] {logging_mixin.py:190} INFO - [2025-02-04T09:01:46.517+0000] {dagbag.py:588} INFO - Filling up the DagBag from /home/airflow/.local/lib/python3.12/site-packages/airflow/example_dags/example_dynamic_task_mapping.py
[2025-02-04T09:01:46.523+0000] {processor.py:925} INFO - DAG(s) 'example_dynamic_task_mapping' retrieved from /home/airflow/.local/lib/python3.12/site-packages/airflow/example_dags/example_dynamic_task_mapping.py
[2025-02-04T09:01:46.534+0000] {logging_mixin.py:190} INFO - [2025-02-04T09:01:46.534+0000] {dag.py:3239} INFO - Sync 1 DAGs
[2025-02-04T09:01:46.544+0000] {logging_mixin.py:190} INFO - [2025-02-04T09:01:46.544+0000] {dag.py:4180} INFO - Setting next_dagrun for example_dynamic_task_mapping to None, run_after=None
[2025-02-04T09:01:46.555+0000] {processor.py:208} INFO - Processing /home/airflow/.local/lib/python3.12/site-packages/airflow/example_dags/example_dynamic_task_mapping.py took 0.044 seconds
[2025-02-04T09:02:17.643+0000] {processor.py:186} INFO - Started process (PID=22777) to work on /home/airflow/.local/lib/python3.12/site-packages/airflow/example_dags/example_dynamic_task_mapping.py
[2025-02-04T09:02:17.644+0000] {processor.py:914} INFO - Processing file /home/airflow/.local/lib/python3.12/site-packages/airflow/example_dags/example_dynamic_task_mapping.py for tasks to queue
[2025-02-04T09:02:17.645+0000] {logging_mixin.py:190} INFO - [2025-02-04T09:02:17.645+0000] {dagbag.py:588} INFO - Filling up the DagBag from /home/airflow/.local/lib/python3.12/site-packages/airflow/example_dags/example_dynamic_task_mapping.py
[2025-02-04T09:02:17.651+0000] {processor.py:925} INFO - DAG(s) 'example_dynamic_task_mapping' retrieved from /home/airflow/.local/lib/python3.12/site-packages/airflow/example_dags/example_dynamic_task_mapping.py
[2025-02-04T09:02:17.665+0000] {logging_mixin.py:190} INFO - [2025-02-04T09:02:17.665+0000] {dag.py:3239} INFO - Sync 1 DAGs
[2025-02-04T09:02:17.677+0000] {logging_mixin.py:190} INFO - [2025-02-04T09:02:17.677+0000] {dag.py:4180} INFO - Setting next_dagrun for example_dynamic_task_mapping to None, run_after=None
[2025-02-04T09:02:17.690+0000] {processor.py:208} INFO - Processing /home/airflow/.local/lib/python3.12/site-packages/airflow/example_dags/example_dynamic_task_mapping.py took 0.051 seconds
[2025-02-04T09:02:48.768+0000] {processor.py:186} INFO - Started process (PID=22842) to work on /home/airflow/.local/lib/python3.12/site-packages/airflow/example_dags/example_dynamic_task_mapping.py
[2025-02-04T09:02:48.769+0000] {processor.py:914} INFO - Processing file /home/airflow/.local/lib/python3.12/site-packages/airflow/example_dags/example_dynamic_task_mapping.py for tasks to queue
[2025-02-04T09:02:48.771+0000] {logging_mixin.py:190} INFO - [2025-02-04T09:02:48.770+0000] {dagbag.py:588} INFO - Filling up the DagBag from /home/airflow/.local/lib/python3.12/site-packages/airflow/example_dags/example_dynamic_task_mapping.py
[2025-02-04T09:02:48.776+0000] {processor.py:925} INFO - DAG(s) 'example_dynamic_task_mapping' retrieved from /home/airflow/.local/lib/python3.12/site-packages/airflow/example_dags/example_dynamic_task_mapping.py
[2025-02-04T09:02:48.787+0000] {logging_mixin.py:190} INFO - [2025-02-04T09:02:48.787+0000] {dag.py:3239} INFO - Sync 1 DAGs
[2025-02-04T09:02:48.796+0000] {logging_mixin.py:190} INFO - [2025-02-04T09:02:48.795+0000] {dag.py:4180} INFO - Setting next_dagrun for example_dynamic_task_mapping to None, run_after=None
[2025-02-04T09:02:48.805+0000] {processor.py:208} INFO - Processing /home/airflow/.local/lib/python3.12/site-packages/airflow/example_dags/example_dynamic_task_mapping.py took 0.040 seconds
