[2025-02-04T09:00:02.508+0000] {processor.py:186} INFO - Started process (PID=22495) to work on /home/airflow/.local/lib/python3.12/site-packages/airflow/example_dags/example_kubernetes_executor.py
[2025-02-04T09:00:02.509+0000] {processor.py:914} INFO - Processing file /home/airflow/.local/lib/python3.12/site-packages/airflow/example_dags/example_kubernetes_executor.py for tasks to queue
[2025-02-04T09:00:02.510+0000] {logging_mixin.py:190} INFO - [2025-02-04T09:00:02.510+0000] {dagbag.py:588} INFO - Filling up the DagBag from /home/airflow/.local/lib/python3.12/site-packages/airflow/example_dags/example_kubernetes_executor.py
[2025-02-04T09:00:02.519+0000] {processor.py:925} INFO - DAG(s) 'example_kubernetes_executor' retrieved from /home/airflow/.local/lib/python3.12/site-packages/airflow/example_dags/example_kubernetes_executor.py
[2025-02-04T09:00:02.540+0000] {logging_mixin.py:190} INFO - [2025-02-04T09:00:02.540+0000] {dag.py:3239} INFO - Sync 1 DAGs
[2025-02-04T09:00:02.554+0000] {logging_mixin.py:190} INFO - [2025-02-04T09:00:02.553+0000] {dag.py:4180} INFO - Setting next_dagrun for example_kubernetes_executor to None, run_after=None
[2025-02-04T09:00:02.569+0000] {processor.py:208} INFO - Processing /home/airflow/.local/lib/python3.12/site-packages/airflow/example_dags/example_kubernetes_executor.py took 0.065 seconds
[2025-02-04T09:00:32.640+0000] {processor.py:186} INFO - Started process (PID=22559) to work on /home/airflow/.local/lib/python3.12/site-packages/airflow/example_dags/example_kubernetes_executor.py
[2025-02-04T09:00:32.641+0000] {processor.py:914} INFO - Processing file /home/airflow/.local/lib/python3.12/site-packages/airflow/example_dags/example_kubernetes_executor.py for tasks to queue
[2025-02-04T09:00:32.642+0000] {logging_mixin.py:190} INFO - [2025-02-04T09:00:32.642+0000] {dagbag.py:588} INFO - Filling up the DagBag from /home/airflow/.local/lib/python3.12/site-packages/airflow/example_dags/example_kubernetes_executor.py
[2025-02-04T09:00:32.652+0000] {processor.py:925} INFO - DAG(s) 'example_kubernetes_executor' retrieved from /home/airflow/.local/lib/python3.12/site-packages/airflow/example_dags/example_kubernetes_executor.py
[2025-02-04T09:00:32.669+0000] {logging_mixin.py:190} INFO - [2025-02-04T09:00:32.669+0000] {dag.py:3239} INFO - Sync 1 DAGs
[2025-02-04T09:00:32.678+0000] {logging_mixin.py:190} INFO - [2025-02-04T09:00:32.678+0000] {dag.py:4180} INFO - Setting next_dagrun for example_kubernetes_executor to None, run_after=None
[2025-02-04T09:00:32.690+0000] {processor.py:208} INFO - Processing /home/airflow/.local/lib/python3.12/site-packages/airflow/example_dags/example_kubernetes_executor.py took 0.054 seconds
[2025-02-04T09:01:02.764+0000] {processor.py:186} INFO - Started process (PID=22623) to work on /home/airflow/.local/lib/python3.12/site-packages/airflow/example_dags/example_kubernetes_executor.py
[2025-02-04T09:01:02.765+0000] {processor.py:914} INFO - Processing file /home/airflow/.local/lib/python3.12/site-packages/airflow/example_dags/example_kubernetes_executor.py for tasks to queue
[2025-02-04T09:01:02.766+0000] {logging_mixin.py:190} INFO - [2025-02-04T09:01:02.766+0000] {dagbag.py:588} INFO - Filling up the DagBag from /home/airflow/.local/lib/python3.12/site-packages/airflow/example_dags/example_kubernetes_executor.py
[2025-02-04T09:01:02.774+0000] {processor.py:925} INFO - DAG(s) 'example_kubernetes_executor' retrieved from /home/airflow/.local/lib/python3.12/site-packages/airflow/example_dags/example_kubernetes_executor.py
[2025-02-04T09:01:02.790+0000] {logging_mixin.py:190} INFO - [2025-02-04T09:01:02.790+0000] {dag.py:3239} INFO - Sync 1 DAGs
[2025-02-04T09:01:02.799+0000] {logging_mixin.py:190} INFO - [2025-02-04T09:01:02.799+0000] {dag.py:4180} INFO - Setting next_dagrun for example_kubernetes_executor to None, run_after=None
[2025-02-04T09:01:02.809+0000] {processor.py:208} INFO - Processing /home/airflow/.local/lib/python3.12/site-packages/airflow/example_dags/example_kubernetes_executor.py took 0.049 seconds
