[2025-02-04T08:59:42.536+0000] {processor.py:186} INFO - Started process (PID=22454) to work on /home/airflow/.local/lib/python3.12/site-packages/airflow/example_dags/example_sensors.py
[2025-02-04T08:59:42.536+0000] {processor.py:914} INFO - Processing file /home/airflow/.local/lib/python3.12/site-packages/airflow/example_dags/example_sensors.py for tasks to queue
[2025-02-04T08:59:42.537+0000] {logging_mixin.py:190} INFO - [2025-02-04T08:59:42.537+0000] {dagbag.py:588} INFO - Filling up the DagBag from /home/airflow/.local/lib/python3.12/site-packages/airflow/example_dags/example_sensors.py
[2025-02-04T08:59:42.545+0000] {processor.py:925} INFO - DAG(s) 'example_sensors' retrieved from /home/airflow/.local/lib/python3.12/site-packages/airflow/example_dags/example_sensors.py
[2025-02-04T08:59:42.565+0000] {logging_mixin.py:190} INFO - [2025-02-04T08:59:42.565+0000] {dag.py:3239} INFO - Sync 1 DAGs
[2025-02-04T08:59:42.577+0000] {logging_mixin.py:190} INFO - [2025-02-04T08:59:42.577+0000] {dag.py:4180} INFO - Setting next_dagrun for example_sensors to None, run_after=None
[2025-02-04T08:59:42.589+0000] {processor.py:208} INFO - Processing /home/airflow/.local/lib/python3.12/site-packages/airflow/example_dags/example_sensors.py took 0.057 seconds
[2025-02-04T09:00:13.525+0000] {processor.py:186} INFO - Started process (PID=22518) to work on /home/airflow/.local/lib/python3.12/site-packages/airflow/example_dags/example_sensors.py
[2025-02-04T09:00:13.526+0000] {processor.py:914} INFO - Processing file /home/airflow/.local/lib/python3.12/site-packages/airflow/example_dags/example_sensors.py for tasks to queue
[2025-02-04T09:00:13.527+0000] {logging_mixin.py:190} INFO - [2025-02-04T09:00:13.527+0000] {dagbag.py:588} INFO - Filling up the DagBag from /home/airflow/.local/lib/python3.12/site-packages/airflow/example_dags/example_sensors.py
[2025-02-04T09:00:13.534+0000] {processor.py:925} INFO - DAG(s) 'example_sensors' retrieved from /home/airflow/.local/lib/python3.12/site-packages/airflow/example_dags/example_sensors.py
[2025-02-04T09:00:13.549+0000] {logging_mixin.py:190} INFO - [2025-02-04T09:00:13.549+0000] {dag.py:3239} INFO - Sync 1 DAGs
[2025-02-04T09:00:13.558+0000] {logging_mixin.py:190} INFO - [2025-02-04T09:00:13.558+0000] {dag.py:4180} INFO - Setting next_dagrun for example_sensors to None, run_after=None
[2025-02-04T09:00:13.570+0000] {processor.py:208} INFO - Processing /home/airflow/.local/lib/python3.12/site-packages/airflow/example_dags/example_sensors.py took 0.048 seconds
[2025-02-04T09:00:44.538+0000] {processor.py:186} INFO - Started process (PID=22582) to work on /home/airflow/.local/lib/python3.12/site-packages/airflow/example_dags/example_sensors.py
[2025-02-04T09:00:44.539+0000] {processor.py:914} INFO - Processing file /home/airflow/.local/lib/python3.12/site-packages/airflow/example_dags/example_sensors.py for tasks to queue
[2025-02-04T09:00:44.540+0000] {logging_mixin.py:190} INFO - [2025-02-04T09:00:44.540+0000] {dagbag.py:588} INFO - Filling up the DagBag from /home/airflow/.local/lib/python3.12/site-packages/airflow/example_dags/example_sensors.py
[2025-02-04T09:00:44.547+0000] {processor.py:925} INFO - DAG(s) 'example_sensors' retrieved from /home/airflow/.local/lib/python3.12/site-packages/airflow/example_dags/example_sensors.py
[2025-02-04T09:00:44.565+0000] {logging_mixin.py:190} INFO - [2025-02-04T09:00:44.564+0000] {dag.py:3239} INFO - Sync 1 DAGs
[2025-02-04T09:00:44.574+0000] {logging_mixin.py:190} INFO - [2025-02-04T09:00:44.574+0000] {dag.py:4180} INFO - Setting next_dagrun for example_sensors to None, run_after=None
[2025-02-04T09:00:44.585+0000] {processor.py:208} INFO - Processing /home/airflow/.local/lib/python3.12/site-packages/airflow/example_dags/example_sensors.py took 0.050 seconds
[2025-02-04T09:01:15.562+0000] {processor.py:186} INFO - Started process (PID=22646) to work on /home/airflow/.local/lib/python3.12/site-packages/airflow/example_dags/example_sensors.py
[2025-02-04T09:01:15.563+0000] {processor.py:914} INFO - Processing file /home/airflow/.local/lib/python3.12/site-packages/airflow/example_dags/example_sensors.py for tasks to queue
[2025-02-04T09:01:15.564+0000] {logging_mixin.py:190} INFO - [2025-02-04T09:01:15.564+0000] {dagbag.py:588} INFO - Filling up the DagBag from /home/airflow/.local/lib/python3.12/site-packages/airflow/example_dags/example_sensors.py
[2025-02-04T09:01:15.571+0000] {processor.py:925} INFO - DAG(s) 'example_sensors' retrieved from /home/airflow/.local/lib/python3.12/site-packages/airflow/example_dags/example_sensors.py
[2025-02-04T09:01:15.586+0000] {logging_mixin.py:190} INFO - [2025-02-04T09:01:15.586+0000] {dag.py:3239} INFO - Sync 1 DAGs
[2025-02-04T09:01:15.595+0000] {logging_mixin.py:190} INFO - [2025-02-04T09:01:15.595+0000] {dag.py:4180} INFO - Setting next_dagrun for example_sensors to None, run_after=None
[2025-02-04T09:01:15.607+0000] {processor.py:208} INFO - Processing /home/airflow/.local/lib/python3.12/site-packages/airflow/example_dags/example_sensors.py took 0.048 seconds
[2025-02-04T09:01:46.398+0000] {processor.py:186} INFO - Started process (PID=22710) to work on /home/airflow/.local/lib/python3.12/site-packages/airflow/example_dags/example_sensors.py
[2025-02-04T09:01:46.399+0000] {processor.py:914} INFO - Processing file /home/airflow/.local/lib/python3.12/site-packages/airflow/example_dags/example_sensors.py for tasks to queue
[2025-02-04T09:01:46.400+0000] {logging_mixin.py:190} INFO - [2025-02-04T09:01:46.400+0000] {dagbag.py:588} INFO - Filling up the DagBag from /home/airflow/.local/lib/python3.12/site-packages/airflow/example_dags/example_sensors.py
[2025-02-04T09:01:46.408+0000] {processor.py:925} INFO - DAG(s) 'example_sensors' retrieved from /home/airflow/.local/lib/python3.12/site-packages/airflow/example_dags/example_sensors.py
[2025-02-04T09:01:46.423+0000] {logging_mixin.py:190} INFO - [2025-02-04T09:01:46.423+0000] {dag.py:3239} INFO - Sync 1 DAGs
[2025-02-04T09:01:46.433+0000] {logging_mixin.py:190} INFO - [2025-02-04T09:01:46.433+0000] {dag.py:4180} INFO - Setting next_dagrun for example_sensors to None, run_after=None
[2025-02-04T09:01:46.444+0000] {processor.py:208} INFO - Processing /home/airflow/.local/lib/python3.12/site-packages/airflow/example_dags/example_sensors.py took 0.050 seconds
[2025-02-04T09:02:17.519+0000] {processor.py:186} INFO - Started process (PID=22774) to work on /home/airflow/.local/lib/python3.12/site-packages/airflow/example_dags/example_sensors.py
[2025-02-04T09:02:17.520+0000] {processor.py:914} INFO - Processing file /home/airflow/.local/lib/python3.12/site-packages/airflow/example_dags/example_sensors.py for tasks to queue
[2025-02-04T09:02:17.521+0000] {logging_mixin.py:190} INFO - [2025-02-04T09:02:17.521+0000] {dagbag.py:588} INFO - Filling up the DagBag from /home/airflow/.local/lib/python3.12/site-packages/airflow/example_dags/example_sensors.py
[2025-02-04T09:02:17.529+0000] {processor.py:925} INFO - DAG(s) 'example_sensors' retrieved from /home/airflow/.local/lib/python3.12/site-packages/airflow/example_dags/example_sensors.py
[2025-02-04T09:02:17.546+0000] {logging_mixin.py:190} INFO - [2025-02-04T09:02:17.546+0000] {dag.py:3239} INFO - Sync 1 DAGs
[2025-02-04T09:02:17.556+0000] {logging_mixin.py:190} INFO - [2025-02-04T09:02:17.556+0000] {dag.py:4180} INFO - Setting next_dagrun for example_sensors to None, run_after=None
[2025-02-04T09:02:17.569+0000] {processor.py:208} INFO - Processing /home/airflow/.local/lib/python3.12/site-packages/airflow/example_dags/example_sensors.py took 0.054 seconds
