[2025-02-04T08:59:43.842+0000] {processor.py:186} INFO - Started process (PID=22462) to work on /home/airflow/.local/lib/python3.12/site-packages/airflow/example_dags/example_datasets.py
[2025-02-04T08:59:43.843+0000] {processor.py:914} INFO - Processing file /home/airflow/.local/lib/python3.12/site-packages/airflow/example_dags/example_datasets.py for tasks to queue
[2025-02-04T08:59:43.844+0000] {logging_mixin.py:190} INFO - [2025-02-04T08:59:43.844+0000] {dagbag.py:588} INFO - Filling up the DagBag from /home/airflow/.local/lib/python3.12/site-packages/airflow/example_dags/example_datasets.py
[2025-02-04T08:59:44.117+0000] {processor.py:925} INFO - DAG(s) 'dataset_produces_1', 'consume_1_or_both_2_and_3_with_dataset_expressions', 'consume_1_and_2_with_dataset_expressions', 'conditional_dataset_and_time_based_timetable', 'dataset_consumes_1_never_scheduled', 'dataset_consumes_1_and_2', 'consume_1_or_2_with_dataset_expressions', 'dataset_consumes_unknown_never_scheduled', 'dataset_produces_2', 'dataset_consumes_1' retrieved from /home/airflow/.local/lib/python3.12/site-packages/airflow/example_dags/example_datasets.py
[2025-02-04T08:59:44.150+0000] {logging_mixin.py:190} INFO - [2025-02-04T08:59:44.150+0000] {dag.py:3239} INFO - Sync 10 DAGs
[2025-02-04T08:59:44.169+0000] {logging_mixin.py:190} INFO - [2025-02-04T08:59:44.168+0000] {dag.py:4180} INFO - Setting next_dagrun for conditional_dataset_and_time_based_timetable to 2025-01-29 01:00:00+00:00, run_after=2025-01-29 01:00:00+00:00
[2025-02-04T08:59:44.172+0000] {logging_mixin.py:190} INFO - [2025-02-04T08:59:44.171+0000] {dag.py:4180} INFO - Setting next_dagrun for consume_1_and_2_with_dataset_expressions to None, run_after=None
[2025-02-04T08:59:44.173+0000] {logging_mixin.py:190} INFO - [2025-02-04T08:59:44.173+0000] {dag.py:4180} INFO - Setting next_dagrun for consume_1_or_2_with_dataset_expressions to None, run_after=None
[2025-02-04T08:59:44.173+0000] {logging_mixin.py:190} INFO - [2025-02-04T08:59:44.173+0000] {dag.py:4180} INFO - Setting next_dagrun for consume_1_or_both_2_and_3_with_dataset_expressions to None, run_after=None
[2025-02-04T08:59:44.174+0000] {logging_mixin.py:190} INFO - [2025-02-04T08:59:44.174+0000] {dag.py:4180} INFO - Setting next_dagrun for dataset_consumes_1 to None, run_after=None
[2025-02-04T08:59:44.175+0000] {logging_mixin.py:190} INFO - [2025-02-04T08:59:44.175+0000] {dag.py:4180} INFO - Setting next_dagrun for dataset_consumes_1_and_2 to None, run_after=None
[2025-02-04T08:59:44.176+0000] {logging_mixin.py:190} INFO - [2025-02-04T08:59:44.176+0000] {dag.py:4180} INFO - Setting next_dagrun for dataset_consumes_1_never_scheduled to None, run_after=None
[2025-02-04T08:59:44.177+0000] {logging_mixin.py:190} INFO - [2025-02-04T08:59:44.176+0000] {dag.py:4180} INFO - Setting next_dagrun for dataset_consumes_unknown_never_scheduled to None, run_after=None
[2025-02-04T08:59:44.178+0000] {logging_mixin.py:190} INFO - [2025-02-04T08:59:44.178+0000] {dag.py:4180} INFO - Setting next_dagrun for dataset_produces_1 to 2025-02-03 00:00:00+00:00, run_after=2025-02-04 00:00:00+00:00
[2025-02-04T08:59:44.179+0000] {logging_mixin.py:190} INFO - [2025-02-04T08:59:44.179+0000] {dag.py:4180} INFO - Setting next_dagrun for dataset_produces_2 to None, run_after=None
[2025-02-04T08:59:44.205+0000] {processor.py:208} INFO - Processing /home/airflow/.local/lib/python3.12/site-packages/airflow/example_dags/example_datasets.py took 0.368 seconds
[2025-02-04T09:00:14.780+0000] {processor.py:186} INFO - Started process (PID=22526) to work on /home/airflow/.local/lib/python3.12/site-packages/airflow/example_dags/example_datasets.py
[2025-02-04T09:00:14.780+0000] {processor.py:914} INFO - Processing file /home/airflow/.local/lib/python3.12/site-packages/airflow/example_dags/example_datasets.py for tasks to queue
[2025-02-04T09:00:14.782+0000] {logging_mixin.py:190} INFO - [2025-02-04T09:00:14.781+0000] {dagbag.py:588} INFO - Filling up the DagBag from /home/airflow/.local/lib/python3.12/site-packages/airflow/example_dags/example_datasets.py
[2025-02-04T09:00:15.008+0000] {processor.py:925} INFO - DAG(s) 'conditional_dataset_and_time_based_timetable', 'dataset_consumes_1', 'dataset_consumes_unknown_never_scheduled', 'dataset_consumes_1_and_2', 'dataset_produces_2', 'consume_1_and_2_with_dataset_expressions', 'consume_1_or_2_with_dataset_expressions', 'dataset_produces_1', 'dataset_consumes_1_never_scheduled', 'consume_1_or_both_2_and_3_with_dataset_expressions' retrieved from /home/airflow/.local/lib/python3.12/site-packages/airflow/example_dags/example_datasets.py
[2025-02-04T09:00:15.035+0000] {logging_mixin.py:190} INFO - [2025-02-04T09:00:15.034+0000] {dag.py:3239} INFO - Sync 10 DAGs
[2025-02-04T09:00:15.053+0000] {logging_mixin.py:190} INFO - [2025-02-04T09:00:15.052+0000] {dag.py:4180} INFO - Setting next_dagrun for conditional_dataset_and_time_based_timetable to 2025-01-29 01:00:00+00:00, run_after=2025-01-29 01:00:00+00:00
[2025-02-04T09:00:15.055+0000] {logging_mixin.py:190} INFO - [2025-02-04T09:00:15.055+0000] {dag.py:4180} INFO - Setting next_dagrun for consume_1_and_2_with_dataset_expressions to None, run_after=None
[2025-02-04T09:00:15.056+0000] {logging_mixin.py:190} INFO - [2025-02-04T09:00:15.056+0000] {dag.py:4180} INFO - Setting next_dagrun for consume_1_or_2_with_dataset_expressions to None, run_after=None
[2025-02-04T09:00:15.057+0000] {logging_mixin.py:190} INFO - [2025-02-04T09:00:15.056+0000] {dag.py:4180} INFO - Setting next_dagrun for consume_1_or_both_2_and_3_with_dataset_expressions to None, run_after=None
[2025-02-04T09:00:15.057+0000] {logging_mixin.py:190} INFO - [2025-02-04T09:00:15.057+0000] {dag.py:4180} INFO - Setting next_dagrun for dataset_consumes_1 to None, run_after=None
[2025-02-04T09:00:15.058+0000] {logging_mixin.py:190} INFO - [2025-02-04T09:00:15.058+0000] {dag.py:4180} INFO - Setting next_dagrun for dataset_consumes_1_and_2 to None, run_after=None
[2025-02-04T09:00:15.059+0000] {logging_mixin.py:190} INFO - [2025-02-04T09:00:15.058+0000] {dag.py:4180} INFO - Setting next_dagrun for dataset_consumes_1_never_scheduled to None, run_after=None
[2025-02-04T09:00:15.059+0000] {logging_mixin.py:190} INFO - [2025-02-04T09:00:15.059+0000] {dag.py:4180} INFO - Setting next_dagrun for dataset_consumes_unknown_never_scheduled to None, run_after=None
[2025-02-04T09:00:15.061+0000] {logging_mixin.py:190} INFO - [2025-02-04T09:00:15.061+0000] {dag.py:4180} INFO - Setting next_dagrun for dataset_produces_1 to 2025-02-03 00:00:00+00:00, run_after=2025-02-04 00:00:00+00:00
[2025-02-04T09:00:15.061+0000] {logging_mixin.py:190} INFO - [2025-02-04T09:00:15.061+0000] {dag.py:4180} INFO - Setting next_dagrun for dataset_produces_2 to None, run_after=None
[2025-02-04T09:00:15.084+0000] {processor.py:208} INFO - Processing /home/airflow/.local/lib/python3.12/site-packages/airflow/example_dags/example_datasets.py took 0.308 seconds
[2025-02-04T09:00:45.794+0000] {processor.py:186} INFO - Started process (PID=22590) to work on /home/airflow/.local/lib/python3.12/site-packages/airflow/example_dags/example_datasets.py
[2025-02-04T09:00:45.795+0000] {processor.py:914} INFO - Processing file /home/airflow/.local/lib/python3.12/site-packages/airflow/example_dags/example_datasets.py for tasks to queue
[2025-02-04T09:00:45.796+0000] {logging_mixin.py:190} INFO - [2025-02-04T09:00:45.796+0000] {dagbag.py:588} INFO - Filling up the DagBag from /home/airflow/.local/lib/python3.12/site-packages/airflow/example_dags/example_datasets.py
[2025-02-04T09:00:46.021+0000] {processor.py:925} INFO - DAG(s) 'consume_1_or_2_with_dataset_expressions', 'dataset_consumes_1_and_2', 'dataset_consumes_1_never_scheduled', 'dataset_produces_1', 'consume_1_and_2_with_dataset_expressions', 'dataset_consumes_1', 'dataset_consumes_unknown_never_scheduled', 'conditional_dataset_and_time_based_timetable', 'consume_1_or_both_2_and_3_with_dataset_expressions', 'dataset_produces_2' retrieved from /home/airflow/.local/lib/python3.12/site-packages/airflow/example_dags/example_datasets.py
[2025-02-04T09:00:46.046+0000] {logging_mixin.py:190} INFO - [2025-02-04T09:00:46.046+0000] {dag.py:3239} INFO - Sync 10 DAGs
[2025-02-04T09:00:46.210+0000] {logging_mixin.py:190} INFO - [2025-02-04T09:00:46.210+0000] {dag.py:4180} INFO - Setting next_dagrun for conditional_dataset_and_time_based_timetable to 2025-01-29 01:00:00+00:00, run_after=2025-01-29 01:00:00+00:00
[2025-02-04T09:00:46.214+0000] {logging_mixin.py:190} INFO - [2025-02-04T09:00:46.213+0000] {dag.py:4180} INFO - Setting next_dagrun for consume_1_and_2_with_dataset_expressions to None, run_after=None
[2025-02-04T09:00:46.215+0000] {logging_mixin.py:190} INFO - [2025-02-04T09:00:46.214+0000] {dag.py:4180} INFO - Setting next_dagrun for consume_1_or_2_with_dataset_expressions to None, run_after=None
[2025-02-04T09:00:46.216+0000] {logging_mixin.py:190} INFO - [2025-02-04T09:00:46.215+0000] {dag.py:4180} INFO - Setting next_dagrun for consume_1_or_both_2_and_3_with_dataset_expressions to None, run_after=None
[2025-02-04T09:00:46.217+0000] {logging_mixin.py:190} INFO - [2025-02-04T09:00:46.216+0000] {dag.py:4180} INFO - Setting next_dagrun for dataset_consumes_1 to None, run_after=None
[2025-02-04T09:00:46.218+0000] {logging_mixin.py:190} INFO - [2025-02-04T09:00:46.217+0000] {dag.py:4180} INFO - Setting next_dagrun for dataset_consumes_1_and_2 to None, run_after=None
[2025-02-04T09:00:46.218+0000] {logging_mixin.py:190} INFO - [2025-02-04T09:00:46.218+0000] {dag.py:4180} INFO - Setting next_dagrun for dataset_consumes_1_never_scheduled to None, run_after=None
[2025-02-04T09:00:46.219+0000] {logging_mixin.py:190} INFO - [2025-02-04T09:00:46.219+0000] {dag.py:4180} INFO - Setting next_dagrun for dataset_consumes_unknown_never_scheduled to None, run_after=None
[2025-02-04T09:00:46.222+0000] {logging_mixin.py:190} INFO - [2025-02-04T09:00:46.222+0000] {dag.py:4180} INFO - Setting next_dagrun for dataset_produces_1 to 2025-02-03 00:00:00+00:00, run_after=2025-02-04 00:00:00+00:00
[2025-02-04T09:00:46.223+0000] {logging_mixin.py:190} INFO - [2025-02-04T09:00:46.223+0000] {dag.py:4180} INFO - Setting next_dagrun for dataset_produces_2 to None, run_after=None
[2025-02-04T09:00:46.244+0000] {processor.py:208} INFO - Processing /home/airflow/.local/lib/python3.12/site-packages/airflow/example_dags/example_datasets.py took 0.453 seconds
[2025-02-04T09:01:16.921+0000] {processor.py:186} INFO - Started process (PID=22655) to work on /home/airflow/.local/lib/python3.12/site-packages/airflow/example_dags/example_datasets.py
[2025-02-04T09:01:16.922+0000] {processor.py:914} INFO - Processing file /home/airflow/.local/lib/python3.12/site-packages/airflow/example_dags/example_datasets.py for tasks to queue
[2025-02-04T09:01:16.923+0000] {logging_mixin.py:190} INFO - [2025-02-04T09:01:16.923+0000] {dagbag.py:588} INFO - Filling up the DagBag from /home/airflow/.local/lib/python3.12/site-packages/airflow/example_dags/example_datasets.py
[2025-02-04T09:01:17.169+0000] {processor.py:925} INFO - DAG(s) 'conditional_dataset_and_time_based_timetable', 'dataset_produces_1', 'dataset_consumes_1_never_scheduled', 'dataset_consumes_1', 'consume_1_and_2_with_dataset_expressions', 'dataset_produces_2', 'dataset_consumes_unknown_never_scheduled', 'dataset_consumes_1_and_2', 'consume_1_or_2_with_dataset_expressions', 'consume_1_or_both_2_and_3_with_dataset_expressions' retrieved from /home/airflow/.local/lib/python3.12/site-packages/airflow/example_dags/example_datasets.py
[2025-02-04T09:01:17.200+0000] {logging_mixin.py:190} INFO - [2025-02-04T09:01:17.199+0000] {dag.py:3239} INFO - Sync 10 DAGs
[2025-02-04T09:01:17.219+0000] {logging_mixin.py:190} INFO - [2025-02-04T09:01:17.219+0000] {dag.py:4180} INFO - Setting next_dagrun for conditional_dataset_and_time_based_timetable to 2025-01-29 01:00:00+00:00, run_after=2025-01-29 01:00:00+00:00
[2025-02-04T09:01:17.354+0000] {logging_mixin.py:190} INFO - [2025-02-04T09:01:17.354+0000] {dag.py:4180} INFO - Setting next_dagrun for consume_1_and_2_with_dataset_expressions to None, run_after=None
[2025-02-04T09:01:17.355+0000] {logging_mixin.py:190} INFO - [2025-02-04T09:01:17.355+0000] {dag.py:4180} INFO - Setting next_dagrun for consume_1_or_2_with_dataset_expressions to None, run_after=None
[2025-02-04T09:01:17.356+0000] {logging_mixin.py:190} INFO - [2025-02-04T09:01:17.356+0000] {dag.py:4180} INFO - Setting next_dagrun for consume_1_or_both_2_and_3_with_dataset_expressions to None, run_after=None
[2025-02-04T09:01:17.357+0000] {logging_mixin.py:190} INFO - [2025-02-04T09:01:17.356+0000] {dag.py:4180} INFO - Setting next_dagrun for dataset_consumes_1 to None, run_after=None
[2025-02-04T09:01:17.357+0000] {logging_mixin.py:190} INFO - [2025-02-04T09:01:17.357+0000] {dag.py:4180} INFO - Setting next_dagrun for dataset_consumes_1_and_2 to None, run_after=None
[2025-02-04T09:01:17.358+0000] {logging_mixin.py:190} INFO - [2025-02-04T09:01:17.358+0000] {dag.py:4180} INFO - Setting next_dagrun for dataset_consumes_1_never_scheduled to None, run_after=None
[2025-02-04T09:01:17.358+0000] {logging_mixin.py:190} INFO - [2025-02-04T09:01:17.358+0000] {dag.py:4180} INFO - Setting next_dagrun for dataset_consumes_unknown_never_scheduled to None, run_after=None
[2025-02-04T09:01:17.360+0000] {logging_mixin.py:190} INFO - [2025-02-04T09:01:17.360+0000] {dag.py:4180} INFO - Setting next_dagrun for dataset_produces_1 to 2025-02-03 00:00:00+00:00, run_after=2025-02-04 00:00:00+00:00
[2025-02-04T09:01:17.360+0000] {logging_mixin.py:190} INFO - [2025-02-04T09:01:17.360+0000] {dag.py:4180} INFO - Setting next_dagrun for dataset_produces_2 to None, run_after=None
[2025-02-04T09:01:17.384+0000] {processor.py:208} INFO - Processing /home/airflow/.local/lib/python3.12/site-packages/airflow/example_dags/example_datasets.py took 0.466 seconds
[2025-02-04T09:01:47.763+0000] {processor.py:186} INFO - Started process (PID=22719) to work on /home/airflow/.local/lib/python3.12/site-packages/airflow/example_dags/example_datasets.py
[2025-02-04T09:01:47.764+0000] {processor.py:914} INFO - Processing file /home/airflow/.local/lib/python3.12/site-packages/airflow/example_dags/example_datasets.py for tasks to queue
[2025-02-04T09:01:47.765+0000] {logging_mixin.py:190} INFO - [2025-02-04T09:01:47.765+0000] {dagbag.py:588} INFO - Filling up the DagBag from /home/airflow/.local/lib/python3.12/site-packages/airflow/example_dags/example_datasets.py
[2025-02-04T09:01:48.014+0000] {processor.py:925} INFO - DAG(s) 'dataset_produces_1', 'consume_1_or_2_with_dataset_expressions', 'dataset_consumes_unknown_never_scheduled', 'dataset_consumes_1_and_2', 'conditional_dataset_and_time_based_timetable', 'consume_1_and_2_with_dataset_expressions', 'dataset_consumes_1_never_scheduled', 'dataset_produces_2', 'consume_1_or_both_2_and_3_with_dataset_expressions', 'dataset_consumes_1' retrieved from /home/airflow/.local/lib/python3.12/site-packages/airflow/example_dags/example_datasets.py
[2025-02-04T09:01:48.041+0000] {logging_mixin.py:190} INFO - [2025-02-04T09:01:48.041+0000] {dag.py:3239} INFO - Sync 10 DAGs
[2025-02-04T09:01:48.060+0000] {logging_mixin.py:190} INFO - [2025-02-04T09:01:48.060+0000] {dag.py:4180} INFO - Setting next_dagrun for conditional_dataset_and_time_based_timetable to 2025-01-29 01:00:00+00:00, run_after=2025-01-29 01:00:00+00:00
[2025-02-04T09:01:48.064+0000] {logging_mixin.py:190} INFO - [2025-02-04T09:01:48.064+0000] {dag.py:4180} INFO - Setting next_dagrun for consume_1_and_2_with_dataset_expressions to None, run_after=None
[2025-02-04T09:01:48.065+0000] {logging_mixin.py:190} INFO - [2025-02-04T09:01:48.065+0000] {dag.py:4180} INFO - Setting next_dagrun for consume_1_or_2_with_dataset_expressions to None, run_after=None
[2025-02-04T09:01:48.066+0000] {logging_mixin.py:190} INFO - [2025-02-04T09:01:48.066+0000] {dag.py:4180} INFO - Setting next_dagrun for consume_1_or_both_2_and_3_with_dataset_expressions to None, run_after=None
[2025-02-04T09:01:48.067+0000] {logging_mixin.py:190} INFO - [2025-02-04T09:01:48.067+0000] {dag.py:4180} INFO - Setting next_dagrun for dataset_consumes_1 to None, run_after=None
[2025-02-04T09:01:48.067+0000] {logging_mixin.py:190} INFO - [2025-02-04T09:01:48.067+0000] {dag.py:4180} INFO - Setting next_dagrun for dataset_consumes_1_and_2 to None, run_after=None
[2025-02-04T09:01:48.068+0000] {logging_mixin.py:190} INFO - [2025-02-04T09:01:48.068+0000] {dag.py:4180} INFO - Setting next_dagrun for dataset_consumes_1_never_scheduled to None, run_after=None
[2025-02-04T09:01:48.069+0000] {logging_mixin.py:190} INFO - [2025-02-04T09:01:48.069+0000] {dag.py:4180} INFO - Setting next_dagrun for dataset_consumes_unknown_never_scheduled to None, run_after=None
[2025-02-04T09:01:48.070+0000] {logging_mixin.py:190} INFO - [2025-02-04T09:01:48.070+0000] {dag.py:4180} INFO - Setting next_dagrun for dataset_produces_1 to 2025-02-03 00:00:00+00:00, run_after=2025-02-04 00:00:00+00:00
[2025-02-04T09:01:48.071+0000] {logging_mixin.py:190} INFO - [2025-02-04T09:01:48.071+0000] {dag.py:4180} INFO - Setting next_dagrun for dataset_produces_2 to None, run_after=None
[2025-02-04T09:01:48.242+0000] {processor.py:208} INFO - Processing /home/airflow/.local/lib/python3.12/site-packages/airflow/example_dags/example_datasets.py took 0.483 seconds
[2025-02-04T09:02:18.811+0000] {processor.py:186} INFO - Started process (PID=22783) to work on /home/airflow/.local/lib/python3.12/site-packages/airflow/example_dags/example_datasets.py
[2025-02-04T09:02:18.812+0000] {processor.py:914} INFO - Processing file /home/airflow/.local/lib/python3.12/site-packages/airflow/example_dags/example_datasets.py for tasks to queue
[2025-02-04T09:02:18.813+0000] {logging_mixin.py:190} INFO - [2025-02-04T09:02:18.813+0000] {dagbag.py:588} INFO - Filling up the DagBag from /home/airflow/.local/lib/python3.12/site-packages/airflow/example_dags/example_datasets.py
[2025-02-04T09:02:19.202+0000] {processor.py:925} INFO - DAG(s) 'dataset_consumes_unknown_never_scheduled', 'dataset_produces_1', 'dataset_consumes_1_and_2', 'consume_1_and_2_with_dataset_expressions', 'consume_1_or_2_with_dataset_expressions', 'consume_1_or_both_2_and_3_with_dataset_expressions', 'dataset_consumes_1_never_scheduled', 'conditional_dataset_and_time_based_timetable', 'dataset_produces_2', 'dataset_consumes_1' retrieved from /home/airflow/.local/lib/python3.12/site-packages/airflow/example_dags/example_datasets.py
[2025-02-04T09:02:19.241+0000] {logging_mixin.py:190} INFO - [2025-02-04T09:02:19.240+0000] {dag.py:3239} INFO - Sync 10 DAGs
[2025-02-04T09:02:19.259+0000] {logging_mixin.py:190} INFO - [2025-02-04T09:02:19.259+0000] {dag.py:4180} INFO - Setting next_dagrun for conditional_dataset_and_time_based_timetable to 2025-01-29 01:00:00+00:00, run_after=2025-01-29 01:00:00+00:00
[2025-02-04T09:02:19.261+0000] {logging_mixin.py:190} INFO - [2025-02-04T09:02:19.261+0000] {dag.py:4180} INFO - Setting next_dagrun for consume_1_and_2_with_dataset_expressions to None, run_after=None
[2025-02-04T09:02:19.262+0000] {logging_mixin.py:190} INFO - [2025-02-04T09:02:19.262+0000] {dag.py:4180} INFO - Setting next_dagrun for consume_1_or_2_with_dataset_expressions to None, run_after=None
[2025-02-04T09:02:19.263+0000] {logging_mixin.py:190} INFO - [2025-02-04T09:02:19.263+0000] {dag.py:4180} INFO - Setting next_dagrun for consume_1_or_both_2_and_3_with_dataset_expressions to None, run_after=None
[2025-02-04T09:02:19.263+0000] {logging_mixin.py:190} INFO - [2025-02-04T09:02:19.263+0000] {dag.py:4180} INFO - Setting next_dagrun for dataset_consumes_1 to None, run_after=None
[2025-02-04T09:02:19.264+0000] {logging_mixin.py:190} INFO - [2025-02-04T09:02:19.264+0000] {dag.py:4180} INFO - Setting next_dagrun for dataset_consumes_1_and_2 to None, run_after=None
[2025-02-04T09:02:19.265+0000] {logging_mixin.py:190} INFO - [2025-02-04T09:02:19.265+0000] {dag.py:4180} INFO - Setting next_dagrun for dataset_consumes_1_never_scheduled to None, run_after=None
[2025-02-04T09:02:19.265+0000] {logging_mixin.py:190} INFO - [2025-02-04T09:02:19.265+0000] {dag.py:4180} INFO - Setting next_dagrun for dataset_consumes_unknown_never_scheduled to None, run_after=None
[2025-02-04T09:02:19.267+0000] {logging_mixin.py:190} INFO - [2025-02-04T09:02:19.267+0000] {dag.py:4180} INFO - Setting next_dagrun for dataset_produces_1 to 2025-02-03 00:00:00+00:00, run_after=2025-02-04 00:00:00+00:00
[2025-02-04T09:02:19.267+0000] {logging_mixin.py:190} INFO - [2025-02-04T09:02:19.267+0000] {dag.py:4180} INFO - Setting next_dagrun for dataset_produces_2 to None, run_after=None
[2025-02-04T09:02:19.287+0000] {processor.py:208} INFO - Processing /home/airflow/.local/lib/python3.12/site-packages/airflow/example_dags/example_datasets.py took 0.479 seconds
[2025-02-04T09:02:49.918+0000] {processor.py:186} INFO - Started process (PID=22847) to work on /home/airflow/.local/lib/python3.12/site-packages/airflow/example_dags/example_datasets.py
[2025-02-04T09:02:49.918+0000] {processor.py:914} INFO - Processing file /home/airflow/.local/lib/python3.12/site-packages/airflow/example_dags/example_datasets.py for tasks to queue
[2025-02-04T09:02:49.920+0000] {logging_mixin.py:190} INFO - [2025-02-04T09:02:49.919+0000] {dagbag.py:588} INFO - Filling up the DagBag from /home/airflow/.local/lib/python3.12/site-packages/airflow/example_dags/example_datasets.py
[2025-02-04T09:02:50.163+0000] {processor.py:925} INFO - DAG(s) 'dataset_consumes_unknown_never_scheduled', 'dataset_produces_2', 'consume_1_or_2_with_dataset_expressions', 'dataset_produces_1', 'consume_1_and_2_with_dataset_expressions', 'dataset_consumes_1', 'dataset_consumes_1_and_2', 'consume_1_or_both_2_and_3_with_dataset_expressions', 'conditional_dataset_and_time_based_timetable', 'dataset_consumes_1_never_scheduled' retrieved from /home/airflow/.local/lib/python3.12/site-packages/airflow/example_dags/example_datasets.py
[2025-02-04T09:02:50.324+0000] {logging_mixin.py:190} INFO - [2025-02-04T09:02:50.324+0000] {dag.py:3239} INFO - Sync 10 DAGs
[2025-02-04T09:02:50.339+0000] {logging_mixin.py:190} INFO - [2025-02-04T09:02:50.339+0000] {dag.py:4180} INFO - Setting next_dagrun for conditional_dataset_and_time_based_timetable to 2025-01-29 01:00:00+00:00, run_after=2025-01-29 01:00:00+00:00
[2025-02-04T09:02:50.341+0000] {logging_mixin.py:190} INFO - [2025-02-04T09:02:50.341+0000] {dag.py:4180} INFO - Setting next_dagrun for consume_1_and_2_with_dataset_expressions to None, run_after=None
[2025-02-04T09:02:50.342+0000] {logging_mixin.py:190} INFO - [2025-02-04T09:02:50.342+0000] {dag.py:4180} INFO - Setting next_dagrun for consume_1_or_2_with_dataset_expressions to None, run_after=None
[2025-02-04T09:02:50.343+0000] {logging_mixin.py:190} INFO - [2025-02-04T09:02:50.342+0000] {dag.py:4180} INFO - Setting next_dagrun for consume_1_or_both_2_and_3_with_dataset_expressions to None, run_after=None
[2025-02-04T09:02:50.343+0000] {logging_mixin.py:190} INFO - [2025-02-04T09:02:50.343+0000] {dag.py:4180} INFO - Setting next_dagrun for dataset_consumes_1 to None, run_after=None
[2025-02-04T09:02:50.344+0000] {logging_mixin.py:190} INFO - [2025-02-04T09:02:50.344+0000] {dag.py:4180} INFO - Setting next_dagrun for dataset_consumes_1_and_2 to None, run_after=None
[2025-02-04T09:02:50.345+0000] {logging_mixin.py:190} INFO - [2025-02-04T09:02:50.345+0000] {dag.py:4180} INFO - Setting next_dagrun for dataset_consumes_1_never_scheduled to None, run_after=None
[2025-02-04T09:02:50.345+0000] {logging_mixin.py:190} INFO - [2025-02-04T09:02:50.345+0000] {dag.py:4180} INFO - Setting next_dagrun for dataset_consumes_unknown_never_scheduled to None, run_after=None
[2025-02-04T09:02:50.347+0000] {logging_mixin.py:190} INFO - [2025-02-04T09:02:50.347+0000] {dag.py:4180} INFO - Setting next_dagrun for dataset_produces_1 to 2025-02-03 00:00:00+00:00, run_after=2025-02-04 00:00:00+00:00
[2025-02-04T09:02:50.348+0000] {logging_mixin.py:190} INFO - [2025-02-04T09:02:50.347+0000] {dag.py:4180} INFO - Setting next_dagrun for dataset_produces_2 to None, run_after=None
[2025-02-04T09:02:50.367+0000] {processor.py:208} INFO - Processing /home/airflow/.local/lib/python3.12/site-packages/airflow/example_dags/example_datasets.py took 0.454 seconds
