[2025-02-04T08:59:44.459+0000] {processor.py:186} INFO - Started process (PID=22470) to work on /home/airflow/.local/lib/python3.12/site-packages/airflow/example_dags/example_python_operator.py
[2025-02-04T08:59:44.460+0000] {processor.py:914} INFO - Processing file /home/airflow/.local/lib/python3.12/site-packages/airflow/example_dags/example_python_operator.py for tasks to queue
[2025-02-04T08:59:44.461+0000] {logging_mixin.py:190} INFO - [2025-02-04T08:59:44.461+0000] {dagbag.py:588} INFO - Filling up the DagBag from /home/airflow/.local/lib/python3.12/site-packages/airflow/example_dags/example_python_operator.py
[2025-02-04T08:59:44.469+0000] {processor.py:925} INFO - DAG(s) 'example_python_operator' retrieved from /home/airflow/.local/lib/python3.12/site-packages/airflow/example_dags/example_python_operator.py
[2025-02-04T08:59:44.482+0000] {logging_mixin.py:190} INFO - [2025-02-04T08:59:44.482+0000] {dag.py:3239} INFO - Sync 1 DAGs
[2025-02-04T08:59:44.491+0000] {logging_mixin.py:190} INFO - [2025-02-04T08:59:44.490+0000] {dag.py:4180} INFO - Setting next_dagrun for example_python_operator to None, run_after=None
[2025-02-04T08:59:44.501+0000] {processor.py:208} INFO - Processing /home/airflow/.local/lib/python3.12/site-packages/airflow/example_dags/example_python_operator.py took 0.046 seconds
[2025-02-04T09:00:15.422+0000] {processor.py:186} INFO - Started process (PID=22534) to work on /home/airflow/.local/lib/python3.12/site-packages/airflow/example_dags/example_python_operator.py
[2025-02-04T09:00:15.423+0000] {processor.py:914} INFO - Processing file /home/airflow/.local/lib/python3.12/site-packages/airflow/example_dags/example_python_operator.py for tasks to queue
[2025-02-04T09:00:15.424+0000] {logging_mixin.py:190} INFO - [2025-02-04T09:00:15.424+0000] {dagbag.py:588} INFO - Filling up the DagBag from /home/airflow/.local/lib/python3.12/site-packages/airflow/example_dags/example_python_operator.py
[2025-02-04T09:00:15.432+0000] {processor.py:925} INFO - DAG(s) 'example_python_operator' retrieved from /home/airflow/.local/lib/python3.12/site-packages/airflow/example_dags/example_python_operator.py
[2025-02-04T09:00:15.444+0000] {logging_mixin.py:190} INFO - [2025-02-04T09:00:15.444+0000] {dag.py:3239} INFO - Sync 1 DAGs
[2025-02-04T09:00:15.453+0000] {logging_mixin.py:190} INFO - [2025-02-04T09:00:15.453+0000] {dag.py:4180} INFO - Setting next_dagrun for example_python_operator to None, run_after=None
[2025-02-04T09:00:15.465+0000] {processor.py:208} INFO - Processing /home/airflow/.local/lib/python3.12/site-packages/airflow/example_dags/example_python_operator.py took 0.047 seconds
[2025-02-04T09:00:46.487+0000] {processor.py:186} INFO - Started process (PID=22598) to work on /home/airflow/.local/lib/python3.12/site-packages/airflow/example_dags/example_python_operator.py
[2025-02-04T09:00:46.488+0000] {processor.py:914} INFO - Processing file /home/airflow/.local/lib/python3.12/site-packages/airflow/example_dags/example_python_operator.py for tasks to queue
[2025-02-04T09:00:46.489+0000] {logging_mixin.py:190} INFO - [2025-02-04T09:00:46.489+0000] {dagbag.py:588} INFO - Filling up the DagBag from /home/airflow/.local/lib/python3.12/site-packages/airflow/example_dags/example_python_operator.py
[2025-02-04T09:00:46.496+0000] {processor.py:925} INFO - DAG(s) 'example_python_operator' retrieved from /home/airflow/.local/lib/python3.12/site-packages/airflow/example_dags/example_python_operator.py
[2025-02-04T09:00:46.509+0000] {logging_mixin.py:190} INFO - [2025-02-04T09:00:46.509+0000] {dag.py:3239} INFO - Sync 1 DAGs
[2025-02-04T09:00:46.518+0000] {logging_mixin.py:190} INFO - [2025-02-04T09:00:46.518+0000] {dag.py:4180} INFO - Setting next_dagrun for example_python_operator to None, run_after=None
[2025-02-04T09:00:46.530+0000] {processor.py:208} INFO - Processing /home/airflow/.local/lib/python3.12/site-packages/airflow/example_dags/example_python_operator.py took 0.046 seconds
[2025-02-04T09:01:17.587+0000] {processor.py:186} INFO - Started process (PID=22663) to work on /home/airflow/.local/lib/python3.12/site-packages/airflow/example_dags/example_python_operator.py
[2025-02-04T09:01:17.588+0000] {processor.py:914} INFO - Processing file /home/airflow/.local/lib/python3.12/site-packages/airflow/example_dags/example_python_operator.py for tasks to queue
[2025-02-04T09:01:17.590+0000] {logging_mixin.py:190} INFO - [2025-02-04T09:01:17.589+0000] {dagbag.py:588} INFO - Filling up the DagBag from /home/airflow/.local/lib/python3.12/site-packages/airflow/example_dags/example_python_operator.py
[2025-02-04T09:01:17.597+0000] {processor.py:925} INFO - DAG(s) 'example_python_operator' retrieved from /home/airflow/.local/lib/python3.12/site-packages/airflow/example_dags/example_python_operator.py
[2025-02-04T09:01:17.610+0000] {logging_mixin.py:190} INFO - [2025-02-04T09:01:17.610+0000] {dag.py:3239} INFO - Sync 1 DAGs
[2025-02-04T09:01:17.619+0000] {logging_mixin.py:190} INFO - [2025-02-04T09:01:17.618+0000] {dag.py:4180} INFO - Setting next_dagrun for example_python_operator to None, run_after=None
[2025-02-04T09:01:17.628+0000] {processor.py:208} INFO - Processing /home/airflow/.local/lib/python3.12/site-packages/airflow/example_dags/example_python_operator.py took 0.045 seconds
[2025-02-04T09:01:48.393+0000] {processor.py:186} INFO - Started process (PID=22727) to work on /home/airflow/.local/lib/python3.12/site-packages/airflow/example_dags/example_python_operator.py
[2025-02-04T09:01:48.394+0000] {processor.py:914} INFO - Processing file /home/airflow/.local/lib/python3.12/site-packages/airflow/example_dags/example_python_operator.py for tasks to queue
[2025-02-04T09:01:48.396+0000] {logging_mixin.py:190} INFO - [2025-02-04T09:01:48.396+0000] {dagbag.py:588} INFO - Filling up the DagBag from /home/airflow/.local/lib/python3.12/site-packages/airflow/example_dags/example_python_operator.py
[2025-02-04T09:01:48.404+0000] {processor.py:925} INFO - DAG(s) 'example_python_operator' retrieved from /home/airflow/.local/lib/python3.12/site-packages/airflow/example_dags/example_python_operator.py
[2025-02-04T09:01:48.418+0000] {logging_mixin.py:190} INFO - [2025-02-04T09:01:48.418+0000] {dag.py:3239} INFO - Sync 1 DAGs
[2025-02-04T09:01:48.428+0000] {logging_mixin.py:190} INFO - [2025-02-04T09:01:48.428+0000] {dag.py:4180} INFO - Setting next_dagrun for example_python_operator to None, run_after=None
[2025-02-04T09:01:48.440+0000] {processor.py:208} INFO - Processing /home/airflow/.local/lib/python3.12/site-packages/airflow/example_dags/example_python_operator.py took 0.051 seconds
[2025-02-04T09:02:19.520+0000] {processor.py:186} INFO - Started process (PID=22791) to work on /home/airflow/.local/lib/python3.12/site-packages/airflow/example_dags/example_python_operator.py
[2025-02-04T09:02:19.522+0000] {processor.py:914} INFO - Processing file /home/airflow/.local/lib/python3.12/site-packages/airflow/example_dags/example_python_operator.py for tasks to queue
[2025-02-04T09:02:19.523+0000] {logging_mixin.py:190} INFO - [2025-02-04T09:02:19.523+0000] {dagbag.py:588} INFO - Filling up the DagBag from /home/airflow/.local/lib/python3.12/site-packages/airflow/example_dags/example_python_operator.py
[2025-02-04T09:02:19.532+0000] {processor.py:925} INFO - DAG(s) 'example_python_operator' retrieved from /home/airflow/.local/lib/python3.12/site-packages/airflow/example_dags/example_python_operator.py
[2025-02-04T09:02:19.544+0000] {logging_mixin.py:190} INFO - [2025-02-04T09:02:19.544+0000] {dag.py:3239} INFO - Sync 1 DAGs
[2025-02-04T09:02:19.553+0000] {logging_mixin.py:190} INFO - [2025-02-04T09:02:19.553+0000] {dag.py:4180} INFO - Setting next_dagrun for example_python_operator to None, run_after=None
[2025-02-04T09:02:19.564+0000] {processor.py:208} INFO - Processing /home/airflow/.local/lib/python3.12/site-packages/airflow/example_dags/example_python_operator.py took 0.047 seconds
