[2025-02-04T08:59:42.745+0000] {processor.py:186} INFO - Started process (PID=22458) to work on /home/airflow/.local/lib/python3.12/site-packages/airflow/example_dags/example_nested_branch_dag.py
[2025-02-04T08:59:42.746+0000] {processor.py:914} INFO - Processing file /home/airflow/.local/lib/python3.12/site-packages/airflow/example_dags/example_nested_branch_dag.py for tasks to queue
[2025-02-04T08:59:42.747+0000] {logging_mixin.py:190} INFO - [2025-02-04T08:59:42.747+0000] {dagbag.py:588} INFO - Filling up the DagBag from /home/airflow/.local/lib/python3.12/site-packages/airflow/example_dags/example_nested_branch_dag.py
[2025-02-04T08:59:42.755+0000] {processor.py:925} INFO - DAG(s) 'example_nested_branch_dag' retrieved from /home/airflow/.local/lib/python3.12/site-packages/airflow/example_dags/example_nested_branch_dag.py
[2025-02-04T08:59:42.768+0000] {logging_mixin.py:190} INFO - [2025-02-04T08:59:42.768+0000] {dag.py:3239} INFO - Sync 1 DAGs
[2025-02-04T08:59:42.783+0000] {logging_mixin.py:190} INFO - [2025-02-04T08:59:42.783+0000] {dag.py:4180} INFO - Setting next_dagrun for example_nested_branch_dag to 2025-02-03 00:00:00+00:00, run_after=2025-02-04 00:00:00+00:00
[2025-02-04T08:59:42.794+0000] {processor.py:208} INFO - Processing /home/airflow/.local/lib/python3.12/site-packages/airflow/example_dags/example_nested_branch_dag.py took 0.053 seconds
[2025-02-04T09:00:13.653+0000] {processor.py:186} INFO - Started process (PID=22522) to work on /home/airflow/.local/lib/python3.12/site-packages/airflow/example_dags/example_nested_branch_dag.py
[2025-02-04T09:00:13.654+0000] {processor.py:914} INFO - Processing file /home/airflow/.local/lib/python3.12/site-packages/airflow/example_dags/example_nested_branch_dag.py for tasks to queue
[2025-02-04T09:00:13.655+0000] {logging_mixin.py:190} INFO - [2025-02-04T09:00:13.655+0000] {dagbag.py:588} INFO - Filling up the DagBag from /home/airflow/.local/lib/python3.12/site-packages/airflow/example_dags/example_nested_branch_dag.py
[2025-02-04T09:00:13.663+0000] {processor.py:925} INFO - DAG(s) 'example_nested_branch_dag' retrieved from /home/airflow/.local/lib/python3.12/site-packages/airflow/example_dags/example_nested_branch_dag.py
[2025-02-04T09:00:13.676+0000] {logging_mixin.py:190} INFO - [2025-02-04T09:00:13.676+0000] {dag.py:3239} INFO - Sync 1 DAGs
[2025-02-04T09:00:13.693+0000] {logging_mixin.py:190} INFO - [2025-02-04T09:00:13.692+0000] {dag.py:4180} INFO - Setting next_dagrun for example_nested_branch_dag to 2025-02-03 00:00:00+00:00, run_after=2025-02-04 00:00:00+00:00
[2025-02-04T09:00:13.704+0000] {processor.py:208} INFO - Processing /home/airflow/.local/lib/python3.12/site-packages/airflow/example_dags/example_nested_branch_dag.py took 0.054 seconds
[2025-02-04T09:00:44.672+0000] {processor.py:186} INFO - Started process (PID=22586) to work on /home/airflow/.local/lib/python3.12/site-packages/airflow/example_dags/example_nested_branch_dag.py
[2025-02-04T09:00:44.673+0000] {processor.py:914} INFO - Processing file /home/airflow/.local/lib/python3.12/site-packages/airflow/example_dags/example_nested_branch_dag.py for tasks to queue
[2025-02-04T09:00:44.675+0000] {logging_mixin.py:190} INFO - [2025-02-04T09:00:44.674+0000] {dagbag.py:588} INFO - Filling up the DagBag from /home/airflow/.local/lib/python3.12/site-packages/airflow/example_dags/example_nested_branch_dag.py
[2025-02-04T09:00:44.682+0000] {processor.py:925} INFO - DAG(s) 'example_nested_branch_dag' retrieved from /home/airflow/.local/lib/python3.12/site-packages/airflow/example_dags/example_nested_branch_dag.py
[2025-02-04T09:00:44.695+0000] {logging_mixin.py:190} INFO - [2025-02-04T09:00:44.695+0000] {dag.py:3239} INFO - Sync 1 DAGs
[2025-02-04T09:00:44.710+0000] {logging_mixin.py:190} INFO - [2025-02-04T09:00:44.710+0000] {dag.py:4180} INFO - Setting next_dagrun for example_nested_branch_dag to 2025-02-03 00:00:00+00:00, run_after=2025-02-04 00:00:00+00:00
[2025-02-04T09:00:44.720+0000] {processor.py:208} INFO - Processing /home/airflow/.local/lib/python3.12/site-packages/airflow/example_dags/example_nested_branch_dag.py took 0.052 seconds
[2025-02-04T09:01:15.742+0000] {processor.py:186} INFO - Started process (PID=22650) to work on /home/airflow/.local/lib/python3.12/site-packages/airflow/example_dags/example_nested_branch_dag.py
[2025-02-04T09:01:15.743+0000] {processor.py:914} INFO - Processing file /home/airflow/.local/lib/python3.12/site-packages/airflow/example_dags/example_nested_branch_dag.py for tasks to queue
[2025-02-04T09:01:15.744+0000] {logging_mixin.py:190} INFO - [2025-02-04T09:01:15.744+0000] {dagbag.py:588} INFO - Filling up the DagBag from /home/airflow/.local/lib/python3.12/site-packages/airflow/example_dags/example_nested_branch_dag.py
[2025-02-04T09:01:15.751+0000] {processor.py:925} INFO - DAG(s) 'example_nested_branch_dag' retrieved from /home/airflow/.local/lib/python3.12/site-packages/airflow/example_dags/example_nested_branch_dag.py
[2025-02-04T09:01:15.766+0000] {logging_mixin.py:190} INFO - [2025-02-04T09:01:15.766+0000] {dag.py:3239} INFO - Sync 1 DAGs
[2025-02-04T09:01:15.781+0000] {logging_mixin.py:190} INFO - [2025-02-04T09:01:15.781+0000] {dag.py:4180} INFO - Setting next_dagrun for example_nested_branch_dag to 2025-02-03 00:00:00+00:00, run_after=2025-02-04 00:00:00+00:00
[2025-02-04T09:01:15.792+0000] {processor.py:208} INFO - Processing /home/airflow/.local/lib/python3.12/site-packages/airflow/example_dags/example_nested_branch_dag.py took 0.054 seconds
[2025-02-04T09:01:46.533+0000] {processor.py:186} INFO - Started process (PID=22714) to work on /home/airflow/.local/lib/python3.12/site-packages/airflow/example_dags/example_nested_branch_dag.py
[2025-02-04T09:01:46.534+0000] {processor.py:914} INFO - Processing file /home/airflow/.local/lib/python3.12/site-packages/airflow/example_dags/example_nested_branch_dag.py for tasks to queue
[2025-02-04T09:01:46.535+0000] {logging_mixin.py:190} INFO - [2025-02-04T09:01:46.535+0000] {dagbag.py:588} INFO - Filling up the DagBag from /home/airflow/.local/lib/python3.12/site-packages/airflow/example_dags/example_nested_branch_dag.py
[2025-02-04T09:01:46.543+0000] {processor.py:925} INFO - DAG(s) 'example_nested_branch_dag' retrieved from /home/airflow/.local/lib/python3.12/site-packages/airflow/example_dags/example_nested_branch_dag.py
[2025-02-04T09:01:46.557+0000] {logging_mixin.py:190} INFO - [2025-02-04T09:01:46.557+0000] {dag.py:3239} INFO - Sync 1 DAGs
[2025-02-04T09:01:46.575+0000] {logging_mixin.py:190} INFO - [2025-02-04T09:01:46.575+0000] {dag.py:4180} INFO - Setting next_dagrun for example_nested_branch_dag to 2025-02-03 00:00:00+00:00, run_after=2025-02-04 00:00:00+00:00
[2025-02-04T09:01:46.589+0000] {processor.py:208} INFO - Processing /home/airflow/.local/lib/python3.12/site-packages/airflow/example_dags/example_nested_branch_dag.py took 0.060 seconds
[2025-02-04T09:02:17.662+0000] {processor.py:186} INFO - Started process (PID=22778) to work on /home/airflow/.local/lib/python3.12/site-packages/airflow/example_dags/example_nested_branch_dag.py
[2025-02-04T09:02:17.662+0000] {processor.py:914} INFO - Processing file /home/airflow/.local/lib/python3.12/site-packages/airflow/example_dags/example_nested_branch_dag.py for tasks to queue
[2025-02-04T09:02:17.664+0000] {logging_mixin.py:190} INFO - [2025-02-04T09:02:17.663+0000] {dagbag.py:588} INFO - Filling up the DagBag from /home/airflow/.local/lib/python3.12/site-packages/airflow/example_dags/example_nested_branch_dag.py
[2025-02-04T09:02:17.671+0000] {processor.py:925} INFO - DAG(s) 'example_nested_branch_dag' retrieved from /home/airflow/.local/lib/python3.12/site-packages/airflow/example_dags/example_nested_branch_dag.py
[2025-02-04T09:02:17.684+0000] {logging_mixin.py:190} INFO - [2025-02-04T09:02:17.684+0000] {dag.py:3239} INFO - Sync 1 DAGs
[2025-02-04T09:02:17.699+0000] {logging_mixin.py:190} INFO - [2025-02-04T09:02:17.699+0000] {dag.py:4180} INFO - Setting next_dagrun for example_nested_branch_dag to 2025-02-03 00:00:00+00:00, run_after=2025-02-04 00:00:00+00:00
[2025-02-04T09:02:17.712+0000] {processor.py:208} INFO - Processing /home/airflow/.local/lib/python3.12/site-packages/airflow/example_dags/example_nested_branch_dag.py took 0.055 seconds
[2025-02-04T09:02:48.790+0000] {processor.py:186} INFO - Started process (PID=22843) to work on /home/airflow/.local/lib/python3.12/site-packages/airflow/example_dags/example_nested_branch_dag.py
[2025-02-04T09:02:48.791+0000] {processor.py:914} INFO - Processing file /home/airflow/.local/lib/python3.12/site-packages/airflow/example_dags/example_nested_branch_dag.py for tasks to queue
[2025-02-04T09:02:48.792+0000] {logging_mixin.py:190} INFO - [2025-02-04T09:02:48.792+0000] {dagbag.py:588} INFO - Filling up the DagBag from /home/airflow/.local/lib/python3.12/site-packages/airflow/example_dags/example_nested_branch_dag.py
[2025-02-04T09:02:48.799+0000] {processor.py:925} INFO - DAG(s) 'example_nested_branch_dag' retrieved from /home/airflow/.local/lib/python3.12/site-packages/airflow/example_dags/example_nested_branch_dag.py
[2025-02-04T09:02:48.812+0000] {logging_mixin.py:190} INFO - [2025-02-04T09:02:48.812+0000] {dag.py:3239} INFO - Sync 1 DAGs
[2025-02-04T09:02:48.828+0000] {logging_mixin.py:190} INFO - [2025-02-04T09:02:48.828+0000] {dag.py:4180} INFO - Setting next_dagrun for example_nested_branch_dag to 2025-02-03 00:00:00+00:00, run_after=2025-02-04 00:00:00+00:00
[2025-02-04T09:02:48.838+0000] {processor.py:208} INFO - Processing /home/airflow/.local/lib/python3.12/site-packages/airflow/example_dags/example_nested_branch_dag.py took 0.051 seconds
