[2025-02-04T09:00:00.077+0000] {processor.py:186} INFO - Started process (PID=22487) to work on /home/airflow/.local/lib/python3.12/site-packages/airflow/example_dags/example_task_group_decorator.py
[2025-02-04T09:00:00.077+0000] {processor.py:914} INFO - Processing file /home/airflow/.local/lib/python3.12/site-packages/airflow/example_dags/example_task_group_decorator.py for tasks to queue
[2025-02-04T09:00:00.079+0000] {logging_mixin.py:190} INFO - [2025-02-04T09:00:00.079+0000] {dagbag.py:588} INFO - Filling up the DagBag from /home/airflow/.local/lib/python3.12/site-packages/airflow/example_dags/example_task_group_decorator.py
[2025-02-04T09:00:00.092+0000] {processor.py:925} INFO - DAG(s) 'example_task_group_decorator' retrieved from /home/airflow/.local/lib/python3.12/site-packages/airflow/example_dags/example_task_group_decorator.py
[2025-02-04T09:00:00.115+0000] {logging_mixin.py:190} INFO - [2025-02-04T09:00:00.115+0000] {dag.py:3239} INFO - Sync 1 DAGs
[2025-02-04T09:00:00.125+0000] {logging_mixin.py:190} INFO - [2025-02-04T09:00:00.125+0000] {dag.py:4180} INFO - Setting next_dagrun for example_task_group_decorator to None, run_after=None
[2025-02-04T09:00:00.139+0000] {processor.py:208} INFO - Processing /home/airflow/.local/lib/python3.12/site-packages/airflow/example_dags/example_task_group_decorator.py took 0.067 seconds
[2025-02-04T09:00:30.314+0000] {processor.py:186} INFO - Started process (PID=22551) to work on /home/airflow/.local/lib/python3.12/site-packages/airflow/example_dags/example_task_group_decorator.py
[2025-02-04T09:00:30.315+0000] {processor.py:914} INFO - Processing file /home/airflow/.local/lib/python3.12/site-packages/airflow/example_dags/example_task_group_decorator.py for tasks to queue
[2025-02-04T09:00:30.316+0000] {logging_mixin.py:190} INFO - [2025-02-04T09:00:30.316+0000] {dagbag.py:588} INFO - Filling up the DagBag from /home/airflow/.local/lib/python3.12/site-packages/airflow/example_dags/example_task_group_decorator.py
[2025-02-04T09:00:30.326+0000] {processor.py:925} INFO - DAG(s) 'example_task_group_decorator' retrieved from /home/airflow/.local/lib/python3.12/site-packages/airflow/example_dags/example_task_group_decorator.py
[2025-02-04T09:00:30.341+0000] {logging_mixin.py:190} INFO - [2025-02-04T09:00:30.340+0000] {dag.py:3239} INFO - Sync 1 DAGs
[2025-02-04T09:00:30.350+0000] {logging_mixin.py:190} INFO - [2025-02-04T09:00:30.350+0000] {dag.py:4180} INFO - Setting next_dagrun for example_task_group_decorator to None, run_after=None
[2025-02-04T09:00:30.361+0000] {processor.py:208} INFO - Processing /home/airflow/.local/lib/python3.12/site-packages/airflow/example_dags/example_task_group_decorator.py took 0.051 seconds
[2025-02-04T09:01:00.415+0000] {processor.py:186} INFO - Started process (PID=22615) to work on /home/airflow/.local/lib/python3.12/site-packages/airflow/example_dags/example_task_group_decorator.py
[2025-02-04T09:01:00.415+0000] {processor.py:914} INFO - Processing file /home/airflow/.local/lib/python3.12/site-packages/airflow/example_dags/example_task_group_decorator.py for tasks to queue
[2025-02-04T09:01:00.417+0000] {logging_mixin.py:190} INFO - [2025-02-04T09:01:00.417+0000] {dagbag.py:588} INFO - Filling up the DagBag from /home/airflow/.local/lib/python3.12/site-packages/airflow/example_dags/example_task_group_decorator.py
[2025-02-04T09:01:00.427+0000] {processor.py:925} INFO - DAG(s) 'example_task_group_decorator' retrieved from /home/airflow/.local/lib/python3.12/site-packages/airflow/example_dags/example_task_group_decorator.py
[2025-02-04T09:01:00.443+0000] {logging_mixin.py:190} INFO - [2025-02-04T09:01:00.443+0000] {dag.py:3239} INFO - Sync 1 DAGs
[2025-02-04T09:01:00.453+0000] {logging_mixin.py:190} INFO - [2025-02-04T09:01:00.452+0000] {dag.py:4180} INFO - Setting next_dagrun for example_task_group_decorator to None, run_after=None
[2025-02-04T09:01:00.466+0000] {processor.py:208} INFO - Processing /home/airflow/.local/lib/python3.12/site-packages/airflow/example_dags/example_task_group_decorator.py took 0.055 seconds
