[2025-02-04T08:59:44.430+0000] {processor.py:186} INFO - Started process (PID=22469) to work on /home/airflow/.local/lib/python3.12/site-packages/airflow/example_dags/example_display_name.py
[2025-02-04T08:59:44.430+0000] {processor.py:914} INFO - Processing file /home/airflow/.local/lib/python3.12/site-packages/airflow/example_dags/example_display_name.py for tasks to queue
[2025-02-04T08:59:44.431+0000] {logging_mixin.py:190} INFO - [2025-02-04T08:59:44.431+0000] {dagbag.py:588} INFO - Filling up the DagBag from /home/airflow/.local/lib/python3.12/site-packages/airflow/example_dags/example_display_name.py
[2025-02-04T08:59:44.436+0000] {processor.py:925} INFO - DAG(s) 'example_display_name' retrieved from /home/airflow/.local/lib/python3.12/site-packages/airflow/example_dags/example_display_name.py
[2025-02-04T08:59:44.448+0000] {logging_mixin.py:190} INFO - [2025-02-04T08:59:44.448+0000] {dag.py:3239} INFO - Sync 1 DAGs
[2025-02-04T08:59:44.457+0000] {logging_mixin.py:190} INFO - [2025-02-04T08:59:44.457+0000] {dag.py:4180} INFO - Setting next_dagrun for example_display_name to None, run_after=None
[2025-02-04T08:59:44.470+0000] {processor.py:208} INFO - Processing /home/airflow/.local/lib/python3.12/site-packages/airflow/example_dags/example_display_name.py took 0.044 seconds
[2025-02-04T09:00:15.378+0000] {processor.py:186} INFO - Started process (PID=22533) to work on /home/airflow/.local/lib/python3.12/site-packages/airflow/example_dags/example_display_name.py
[2025-02-04T09:00:15.378+0000] {processor.py:914} INFO - Processing file /home/airflow/.local/lib/python3.12/site-packages/airflow/example_dags/example_display_name.py for tasks to queue
[2025-02-04T09:00:15.380+0000] {logging_mixin.py:190} INFO - [2025-02-04T09:00:15.380+0000] {dagbag.py:588} INFO - Filling up the DagBag from /home/airflow/.local/lib/python3.12/site-packages/airflow/example_dags/example_display_name.py
[2025-02-04T09:00:15.385+0000] {processor.py:925} INFO - DAG(s) 'example_display_name' retrieved from /home/airflow/.local/lib/python3.12/site-packages/airflow/example_dags/example_display_name.py
[2025-02-04T09:00:15.398+0000] {logging_mixin.py:190} INFO - [2025-02-04T09:00:15.398+0000] {dag.py:3239} INFO - Sync 1 DAGs
[2025-02-04T09:00:15.408+0000] {logging_mixin.py:190} INFO - [2025-02-04T09:00:15.407+0000] {dag.py:4180} INFO - Setting next_dagrun for example_display_name to None, run_after=None
[2025-02-04T09:00:15.419+0000] {processor.py:208} INFO - Processing /home/airflow/.local/lib/python3.12/site-packages/airflow/example_dags/example_display_name.py took 0.046 seconds
[2025-02-04T09:00:46.466+0000] {processor.py:186} INFO - Started process (PID=22597) to work on /home/airflow/.local/lib/python3.12/site-packages/airflow/example_dags/example_display_name.py
[2025-02-04T09:00:46.467+0000] {processor.py:914} INFO - Processing file /home/airflow/.local/lib/python3.12/site-packages/airflow/example_dags/example_display_name.py for tasks to queue
[2025-02-04T09:00:46.468+0000] {logging_mixin.py:190} INFO - [2025-02-04T09:00:46.468+0000] {dagbag.py:588} INFO - Filling up the DagBag from /home/airflow/.local/lib/python3.12/site-packages/airflow/example_dags/example_display_name.py
[2025-02-04T09:00:46.473+0000] {processor.py:925} INFO - DAG(s) 'example_display_name' retrieved from /home/airflow/.local/lib/python3.12/site-packages/airflow/example_dags/example_display_name.py
[2025-02-04T09:00:46.484+0000] {logging_mixin.py:190} INFO - [2025-02-04T09:00:46.484+0000] {dag.py:3239} INFO - Sync 1 DAGs
[2025-02-04T09:00:46.493+0000] {logging_mixin.py:190} INFO - [2025-02-04T09:00:46.492+0000] {dag.py:4180} INFO - Setting next_dagrun for example_display_name to None, run_after=None
[2025-02-04T09:00:46.503+0000] {processor.py:208} INFO - Processing /home/airflow/.local/lib/python3.12/site-packages/airflow/example_dags/example_display_name.py took 0.040 seconds
[2025-02-04T09:01:17.546+0000] {processor.py:186} INFO - Started process (PID=22662) to work on /home/airflow/.local/lib/python3.12/site-packages/airflow/example_dags/example_display_name.py
[2025-02-04T09:01:17.547+0000] {processor.py:914} INFO - Processing file /home/airflow/.local/lib/python3.12/site-packages/airflow/example_dags/example_display_name.py for tasks to queue
[2025-02-04T09:01:17.548+0000] {logging_mixin.py:190} INFO - [2025-02-04T09:01:17.548+0000] {dagbag.py:588} INFO - Filling up the DagBag from /home/airflow/.local/lib/python3.12/site-packages/airflow/example_dags/example_display_name.py
[2025-02-04T09:01:17.553+0000] {processor.py:925} INFO - DAG(s) 'example_display_name' retrieved from /home/airflow/.local/lib/python3.12/site-packages/airflow/example_dags/example_display_name.py
[2025-02-04T09:01:17.567+0000] {logging_mixin.py:190} INFO - [2025-02-04T09:01:17.567+0000] {dag.py:3239} INFO - Sync 1 DAGs
[2025-02-04T09:01:17.578+0000] {logging_mixin.py:190} INFO - [2025-02-04T09:01:17.577+0000] {dag.py:4180} INFO - Setting next_dagrun for example_display_name to None, run_after=None
[2025-02-04T09:01:17.588+0000] {processor.py:208} INFO - Processing /home/airflow/.local/lib/python3.12/site-packages/airflow/example_dags/example_display_name.py took 0.046 seconds
[2025-02-04T09:01:48.347+0000] {processor.py:186} INFO - Started process (PID=22726) to work on /home/airflow/.local/lib/python3.12/site-packages/airflow/example_dags/example_display_name.py
[2025-02-04T09:01:48.348+0000] {processor.py:914} INFO - Processing file /home/airflow/.local/lib/python3.12/site-packages/airflow/example_dags/example_display_name.py for tasks to queue
[2025-02-04T09:01:48.350+0000] {logging_mixin.py:190} INFO - [2025-02-04T09:01:48.349+0000] {dagbag.py:588} INFO - Filling up the DagBag from /home/airflow/.local/lib/python3.12/site-packages/airflow/example_dags/example_display_name.py
[2025-02-04T09:01:48.355+0000] {processor.py:925} INFO - DAG(s) 'example_display_name' retrieved from /home/airflow/.local/lib/python3.12/site-packages/airflow/example_dags/example_display_name.py
[2025-02-04T09:01:48.367+0000] {logging_mixin.py:190} INFO - [2025-02-04T09:01:48.367+0000] {dag.py:3239} INFO - Sync 1 DAGs
[2025-02-04T09:01:48.378+0000] {logging_mixin.py:190} INFO - [2025-02-04T09:01:48.378+0000] {dag.py:4180} INFO - Setting next_dagrun for example_display_name to None, run_after=None
[2025-02-04T09:01:48.396+0000] {processor.py:208} INFO - Processing /home/airflow/.local/lib/python3.12/site-packages/airflow/example_dags/example_display_name.py took 0.053 seconds
[2025-02-04T09:02:19.482+0000] {processor.py:186} INFO - Started process (PID=22790) to work on /home/airflow/.local/lib/python3.12/site-packages/airflow/example_dags/example_display_name.py
[2025-02-04T09:02:19.483+0000] {processor.py:914} INFO - Processing file /home/airflow/.local/lib/python3.12/site-packages/airflow/example_dags/example_display_name.py for tasks to queue
[2025-02-04T09:02:19.484+0000] {logging_mixin.py:190} INFO - [2025-02-04T09:02:19.484+0000] {dagbag.py:588} INFO - Filling up the DagBag from /home/airflow/.local/lib/python3.12/site-packages/airflow/example_dags/example_display_name.py
[2025-02-04T09:02:19.489+0000] {processor.py:925} INFO - DAG(s) 'example_display_name' retrieved from /home/airflow/.local/lib/python3.12/site-packages/airflow/example_dags/example_display_name.py
[2025-02-04T09:02:19.500+0000] {logging_mixin.py:190} INFO - [2025-02-04T09:02:19.500+0000] {dag.py:3239} INFO - Sync 1 DAGs
[2025-02-04T09:02:19.509+0000] {logging_mixin.py:190} INFO - [2025-02-04T09:02:19.509+0000] {dag.py:4180} INFO - Setting next_dagrun for example_display_name to None, run_after=None
[2025-02-04T09:02:19.520+0000] {processor.py:208} INFO - Processing /home/airflow/.local/lib/python3.12/site-packages/airflow/example_dags/example_display_name.py took 0.042 seconds
