[2025-02-04T09:00:03.831+0000] {processor.py:186} INFO - Started process (PID=22509) to work on /home/airflow/.local/lib/python3.12/site-packages/airflow/example_dags/example_sensor_decorator.py
[2025-02-04T09:00:03.831+0000] {processor.py:914} INFO - Processing file /home/airflow/.local/lib/python3.12/site-packages/airflow/example_dags/example_sensor_decorator.py for tasks to queue
[2025-02-04T09:00:03.833+0000] {logging_mixin.py:190} INFO - [2025-02-04T09:00:03.833+0000] {dagbag.py:588} INFO - Filling up the DagBag from /home/airflow/.local/lib/python3.12/site-packages/airflow/example_dags/example_sensor_decorator.py
[2025-02-04T09:00:03.838+0000] {processor.py:925} INFO - DAG(s) 'example_sensor_decorator' retrieved from /home/airflow/.local/lib/python3.12/site-packages/airflow/example_dags/example_sensor_decorator.py
[2025-02-04T09:00:03.850+0000] {logging_mixin.py:190} INFO - [2025-02-04T09:00:03.850+0000] {dag.py:3239} INFO - Sync 1 DAGs
[2025-02-04T09:00:03.859+0000] {logging_mixin.py:190} INFO - [2025-02-04T09:00:03.859+0000] {dag.py:4180} INFO - Setting next_dagrun for example_sensor_decorator to None, run_after=None
[2025-02-04T09:00:03.874+0000] {processor.py:208} INFO - Processing /home/airflow/.local/lib/python3.12/site-packages/airflow/example_dags/example_sensor_decorator.py took 0.047 seconds
[2025-02-04T09:00:33.928+0000] {processor.py:186} INFO - Started process (PID=22573) to work on /home/airflow/.local/lib/python3.12/site-packages/airflow/example_dags/example_sensor_decorator.py
[2025-02-04T09:00:33.929+0000] {processor.py:914} INFO - Processing file /home/airflow/.local/lib/python3.12/site-packages/airflow/example_dags/example_sensor_decorator.py for tasks to queue
[2025-02-04T09:00:33.931+0000] {logging_mixin.py:190} INFO - [2025-02-04T09:00:33.930+0000] {dagbag.py:588} INFO - Filling up the DagBag from /home/airflow/.local/lib/python3.12/site-packages/airflow/example_dags/example_sensor_decorator.py
[2025-02-04T09:00:33.935+0000] {processor.py:925} INFO - DAG(s) 'example_sensor_decorator' retrieved from /home/airflow/.local/lib/python3.12/site-packages/airflow/example_dags/example_sensor_decorator.py
[2025-02-04T09:00:33.946+0000] {logging_mixin.py:190} INFO - [2025-02-04T09:00:33.946+0000] {dag.py:3239} INFO - Sync 1 DAGs
[2025-02-04T09:00:33.955+0000] {logging_mixin.py:190} INFO - [2025-02-04T09:00:33.954+0000] {dag.py:4180} INFO - Setting next_dagrun for example_sensor_decorator to None, run_after=None
[2025-02-04T09:00:33.967+0000] {processor.py:208} INFO - Processing /home/airflow/.local/lib/python3.12/site-packages/airflow/example_dags/example_sensor_decorator.py took 0.043 seconds
[2025-02-04T09:01:04.037+0000] {processor.py:186} INFO - Started process (PID=22637) to work on /home/airflow/.local/lib/python3.12/site-packages/airflow/example_dags/example_sensor_decorator.py
[2025-02-04T09:01:04.038+0000] {processor.py:914} INFO - Processing file /home/airflow/.local/lib/python3.12/site-packages/airflow/example_dags/example_sensor_decorator.py for tasks to queue
[2025-02-04T09:01:04.039+0000] {logging_mixin.py:190} INFO - [2025-02-04T09:01:04.039+0000] {dagbag.py:588} INFO - Filling up the DagBag from /home/airflow/.local/lib/python3.12/site-packages/airflow/example_dags/example_sensor_decorator.py
[2025-02-04T09:01:04.044+0000] {processor.py:925} INFO - DAG(s) 'example_sensor_decorator' retrieved from /home/airflow/.local/lib/python3.12/site-packages/airflow/example_dags/example_sensor_decorator.py
[2025-02-04T09:01:04.056+0000] {logging_mixin.py:190} INFO - [2025-02-04T09:01:04.056+0000] {dag.py:3239} INFO - Sync 1 DAGs
[2025-02-04T09:01:04.065+0000] {logging_mixin.py:190} INFO - [2025-02-04T09:01:04.065+0000] {dag.py:4180} INFO - Setting next_dagrun for example_sensor_decorator to None, run_after=None
[2025-02-04T09:01:04.076+0000] {processor.py:208} INFO - Processing /home/airflow/.local/lib/python3.12/site-packages/airflow/example_dags/example_sensor_decorator.py took 0.043 seconds
[2025-02-04T09:01:34.608+0000] {processor.py:186} INFO - Started process (PID=22701) to work on /home/airflow/.local/lib/python3.12/site-packages/airflow/example_dags/example_sensor_decorator.py
[2025-02-04T09:01:34.609+0000] {processor.py:914} INFO - Processing file /home/airflow/.local/lib/python3.12/site-packages/airflow/example_dags/example_sensor_decorator.py for tasks to queue
[2025-02-04T09:01:34.610+0000] {logging_mixin.py:190} INFO - [2025-02-04T09:01:34.610+0000] {dagbag.py:588} INFO - Filling up the DagBag from /home/airflow/.local/lib/python3.12/site-packages/airflow/example_dags/example_sensor_decorator.py
[2025-02-04T09:01:34.615+0000] {processor.py:925} INFO - DAG(s) 'example_sensor_decorator' retrieved from /home/airflow/.local/lib/python3.12/site-packages/airflow/example_dags/example_sensor_decorator.py
[2025-02-04T09:01:34.625+0000] {logging_mixin.py:190} INFO - [2025-02-04T09:01:34.625+0000] {dag.py:3239} INFO - Sync 1 DAGs
[2025-02-04T09:01:34.633+0000] {logging_mixin.py:190} INFO - [2025-02-04T09:01:34.633+0000] {dag.py:4180} INFO - Setting next_dagrun for example_sensor_decorator to None, run_after=None
[2025-02-04T09:01:34.644+0000] {processor.py:208} INFO - Processing /home/airflow/.local/lib/python3.12/site-packages/airflow/example_dags/example_sensor_decorator.py took 0.040 seconds
[2025-02-04T09:02:04.798+0000] {processor.py:186} INFO - Started process (PID=22765) to work on /home/airflow/.local/lib/python3.12/site-packages/airflow/example_dags/example_sensor_decorator.py
[2025-02-04T09:02:04.799+0000] {processor.py:914} INFO - Processing file /home/airflow/.local/lib/python3.12/site-packages/airflow/example_dags/example_sensor_decorator.py for tasks to queue
[2025-02-04T09:02:04.801+0000] {logging_mixin.py:190} INFO - [2025-02-04T09:02:04.800+0000] {dagbag.py:588} INFO - Filling up the DagBag from /home/airflow/.local/lib/python3.12/site-packages/airflow/example_dags/example_sensor_decorator.py
[2025-02-04T09:02:04.805+0000] {processor.py:925} INFO - DAG(s) 'example_sensor_decorator' retrieved from /home/airflow/.local/lib/python3.12/site-packages/airflow/example_dags/example_sensor_decorator.py
[2025-02-04T09:02:04.816+0000] {logging_mixin.py:190} INFO - [2025-02-04T09:02:04.816+0000] {dag.py:3239} INFO - Sync 1 DAGs
[2025-02-04T09:02:04.824+0000] {logging_mixin.py:190} INFO - [2025-02-04T09:02:04.824+0000] {dag.py:4180} INFO - Setting next_dagrun for example_sensor_decorator to None, run_after=None
[2025-02-04T09:02:04.834+0000] {processor.py:208} INFO - Processing /home/airflow/.local/lib/python3.12/site-packages/airflow/example_dags/example_sensor_decorator.py took 0.039 seconds
[2025-02-04T09:02:34.923+0000] {processor.py:186} INFO - Started process (PID=22829) to work on /home/airflow/.local/lib/python3.12/site-packages/airflow/example_dags/example_sensor_decorator.py
[2025-02-04T09:02:34.924+0000] {processor.py:914} INFO - Processing file /home/airflow/.local/lib/python3.12/site-packages/airflow/example_dags/example_sensor_decorator.py for tasks to queue
[2025-02-04T09:02:34.925+0000] {logging_mixin.py:190} INFO - [2025-02-04T09:02:34.925+0000] {dagbag.py:588} INFO - Filling up the DagBag from /home/airflow/.local/lib/python3.12/site-packages/airflow/example_dags/example_sensor_decorator.py
[2025-02-04T09:02:34.930+0000] {processor.py:925} INFO - DAG(s) 'example_sensor_decorator' retrieved from /home/airflow/.local/lib/python3.12/site-packages/airflow/example_dags/example_sensor_decorator.py
[2025-02-04T09:02:34.941+0000] {logging_mixin.py:190} INFO - [2025-02-04T09:02:34.941+0000] {dag.py:3239} INFO - Sync 1 DAGs
[2025-02-04T09:02:34.949+0000] {logging_mixin.py:190} INFO - [2025-02-04T09:02:34.949+0000] {dag.py:4180} INFO - Setting next_dagrun for example_sensor_decorator to None, run_after=None
[2025-02-04T09:02:34.959+0000] {processor.py:208} INFO - Processing /home/airflow/.local/lib/python3.12/site-packages/airflow/example_dags/example_sensor_decorator.py took 0.040 seconds
