[2025-02-04T09:00:02.364+0000] {processor.py:186} INFO - Started process (PID=22493) to work on /home/airflow/.local/lib/python3.12/site-packages/airflow/example_dags/example_short_circuit_decorator.py
[2025-02-04T09:00:02.364+0000] {processor.py:914} INFO - Processing file /home/airflow/.local/lib/python3.12/site-packages/airflow/example_dags/example_short_circuit_decorator.py for tasks to queue
[2025-02-04T09:00:02.366+0000] {logging_mixin.py:190} INFO - [2025-02-04T09:00:02.365+0000] {dagbag.py:588} INFO - Filling up the DagBag from /home/airflow/.local/lib/python3.12/site-packages/airflow/example_dags/example_short_circuit_decorator.py
[2025-02-04T09:00:02.374+0000] {processor.py:925} INFO - DAG(s) 'example_short_circuit_decorator' retrieved from /home/airflow/.local/lib/python3.12/site-packages/airflow/example_dags/example_short_circuit_decorator.py
[2025-02-04T09:00:02.388+0000] {logging_mixin.py:190} INFO - [2025-02-04T09:00:02.388+0000] {dag.py:3239} INFO - Sync 1 DAGs
[2025-02-04T09:00:02.397+0000] {logging_mixin.py:190} INFO - [2025-02-04T09:00:02.397+0000] {dag.py:4180} INFO - Setting next_dagrun for example_short_circuit_decorator to None, run_after=None
[2025-02-04T09:00:02.410+0000] {processor.py:208} INFO - Processing /home/airflow/.local/lib/python3.12/site-packages/airflow/example_dags/example_short_circuit_decorator.py took 0.050 seconds
[2025-02-04T09:00:32.575+0000] {processor.py:186} INFO - Started process (PID=22557) to work on /home/airflow/.local/lib/python3.12/site-packages/airflow/example_dags/example_short_circuit_decorator.py
[2025-02-04T09:00:32.576+0000] {processor.py:914} INFO - Processing file /home/airflow/.local/lib/python3.12/site-packages/airflow/example_dags/example_short_circuit_decorator.py for tasks to queue
[2025-02-04T09:00:32.577+0000] {logging_mixin.py:190} INFO - [2025-02-04T09:00:32.577+0000] {dagbag.py:588} INFO - Filling up the DagBag from /home/airflow/.local/lib/python3.12/site-packages/airflow/example_dags/example_short_circuit_decorator.py
[2025-02-04T09:00:32.583+0000] {processor.py:925} INFO - DAG(s) 'example_short_circuit_decorator' retrieved from /home/airflow/.local/lib/python3.12/site-packages/airflow/example_dags/example_short_circuit_decorator.py
[2025-02-04T09:00:32.598+0000] {logging_mixin.py:190} INFO - [2025-02-04T09:00:32.597+0000] {dag.py:3239} INFO - Sync 1 DAGs
[2025-02-04T09:00:32.607+0000] {logging_mixin.py:190} INFO - [2025-02-04T09:00:32.607+0000] {dag.py:4180} INFO - Setting next_dagrun for example_short_circuit_decorator to None, run_after=None
[2025-02-04T09:00:32.619+0000] {processor.py:208} INFO - Processing /home/airflow/.local/lib/python3.12/site-packages/airflow/example_dags/example_short_circuit_decorator.py took 0.048 seconds
[2025-02-04T09:01:02.703+0000] {processor.py:186} INFO - Started process (PID=22621) to work on /home/airflow/.local/lib/python3.12/site-packages/airflow/example_dags/example_short_circuit_decorator.py
[2025-02-04T09:01:02.704+0000] {processor.py:914} INFO - Processing file /home/airflow/.local/lib/python3.12/site-packages/airflow/example_dags/example_short_circuit_decorator.py for tasks to queue
[2025-02-04T09:01:02.705+0000] {logging_mixin.py:190} INFO - [2025-02-04T09:01:02.705+0000] {dagbag.py:588} INFO - Filling up the DagBag from /home/airflow/.local/lib/python3.12/site-packages/airflow/example_dags/example_short_circuit_decorator.py
[2025-02-04T09:01:02.711+0000] {processor.py:925} INFO - DAG(s) 'example_short_circuit_decorator' retrieved from /home/airflow/.local/lib/python3.12/site-packages/airflow/example_dags/example_short_circuit_decorator.py
[2025-02-04T09:01:02.725+0000] {logging_mixin.py:190} INFO - [2025-02-04T09:01:02.725+0000] {dag.py:3239} INFO - Sync 1 DAGs
[2025-02-04T09:01:02.734+0000] {logging_mixin.py:190} INFO - [2025-02-04T09:01:02.734+0000] {dag.py:4180} INFO - Setting next_dagrun for example_short_circuit_decorator to None, run_after=None
[2025-02-04T09:01:02.744+0000] {processor.py:208} INFO - Processing /home/airflow/.local/lib/python3.12/site-packages/airflow/example_dags/example_short_circuit_decorator.py took 0.045 seconds
[2025-02-04T09:01:33.272+0000] {processor.py:186} INFO - Started process (PID=22691) to work on /home/airflow/.local/lib/python3.12/site-packages/airflow/example_dags/example_short_circuit_decorator.py
[2025-02-04T09:01:33.273+0000] {processor.py:914} INFO - Processing file /home/airflow/.local/lib/python3.12/site-packages/airflow/example_dags/example_short_circuit_decorator.py for tasks to queue
[2025-02-04T09:01:33.274+0000] {logging_mixin.py:190} INFO - [2025-02-04T09:01:33.274+0000] {dagbag.py:588} INFO - Filling up the DagBag from /home/airflow/.local/lib/python3.12/site-packages/airflow/example_dags/example_short_circuit_decorator.py
[2025-02-04T09:01:33.281+0000] {processor.py:925} INFO - DAG(s) 'example_short_circuit_decorator' retrieved from /home/airflow/.local/lib/python3.12/site-packages/airflow/example_dags/example_short_circuit_decorator.py
[2025-02-04T09:01:33.295+0000] {logging_mixin.py:190} INFO - [2025-02-04T09:01:33.294+0000] {dag.py:3239} INFO - Sync 1 DAGs
[2025-02-04T09:01:33.304+0000] {logging_mixin.py:190} INFO - [2025-02-04T09:01:33.304+0000] {dag.py:4180} INFO - Setting next_dagrun for example_short_circuit_decorator to None, run_after=None
[2025-02-04T09:01:33.319+0000] {processor.py:208} INFO - Processing /home/airflow/.local/lib/python3.12/site-packages/airflow/example_dags/example_short_circuit_decorator.py took 0.050 seconds
[2025-02-04T09:02:03.435+0000] {processor.py:186} INFO - Started process (PID=22755) to work on /home/airflow/.local/lib/python3.12/site-packages/airflow/example_dags/example_short_circuit_decorator.py
[2025-02-04T09:02:03.436+0000] {processor.py:914} INFO - Processing file /home/airflow/.local/lib/python3.12/site-packages/airflow/example_dags/example_short_circuit_decorator.py for tasks to queue
[2025-02-04T09:02:03.437+0000] {logging_mixin.py:190} INFO - [2025-02-04T09:02:03.437+0000] {dagbag.py:588} INFO - Filling up the DagBag from /home/airflow/.local/lib/python3.12/site-packages/airflow/example_dags/example_short_circuit_decorator.py
[2025-02-04T09:02:03.444+0000] {processor.py:925} INFO - DAG(s) 'example_short_circuit_decorator' retrieved from /home/airflow/.local/lib/python3.12/site-packages/airflow/example_dags/example_short_circuit_decorator.py
[2025-02-04T09:02:03.458+0000] {logging_mixin.py:190} INFO - [2025-02-04T09:02:03.457+0000] {dag.py:3239} INFO - Sync 1 DAGs
[2025-02-04T09:02:03.468+0000] {logging_mixin.py:190} INFO - [2025-02-04T09:02:03.468+0000] {dag.py:4180} INFO - Setting next_dagrun for example_short_circuit_decorator to None, run_after=None
[2025-02-04T09:02:03.479+0000] {processor.py:208} INFO - Processing /home/airflow/.local/lib/python3.12/site-packages/airflow/example_dags/example_short_circuit_decorator.py took 0.048 seconds
[2025-02-04T09:02:33.564+0000] {processor.py:186} INFO - Started process (PID=22819) to work on /home/airflow/.local/lib/python3.12/site-packages/airflow/example_dags/example_short_circuit_decorator.py
[2025-02-04T09:02:33.565+0000] {processor.py:914} INFO - Processing file /home/airflow/.local/lib/python3.12/site-packages/airflow/example_dags/example_short_circuit_decorator.py for tasks to queue
[2025-02-04T09:02:33.566+0000] {logging_mixin.py:190} INFO - [2025-02-04T09:02:33.566+0000] {dagbag.py:588} INFO - Filling up the DagBag from /home/airflow/.local/lib/python3.12/site-packages/airflow/example_dags/example_short_circuit_decorator.py
[2025-02-04T09:02:33.573+0000] {processor.py:925} INFO - DAG(s) 'example_short_circuit_decorator' retrieved from /home/airflow/.local/lib/python3.12/site-packages/airflow/example_dags/example_short_circuit_decorator.py
[2025-02-04T09:02:33.587+0000] {logging_mixin.py:190} INFO - [2025-02-04T09:02:33.587+0000] {dag.py:3239} INFO - Sync 1 DAGs
[2025-02-04T09:02:33.596+0000] {logging_mixin.py:190} INFO - [2025-02-04T09:02:33.596+0000] {dag.py:4180} INFO - Setting next_dagrun for example_short_circuit_decorator to None, run_after=None
[2025-02-04T09:02:33.606+0000] {processor.py:208} INFO - Processing /home/airflow/.local/lib/python3.12/site-packages/airflow/example_dags/example_short_circuit_decorator.py took 0.046 seconds
