[2025-02-04T08:59:44.548+0000] {processor.py:186} INFO - Started process (PID=22473) to work on /home/airflow/.local/lib/python3.12/site-packages/airflow/example_dags/example_python_decorator.py
[2025-02-04T08:59:44.548+0000] {processor.py:914} INFO - Processing file /home/airflow/.local/lib/python3.12/site-packages/airflow/example_dags/example_python_decorator.py for tasks to queue
[2025-02-04T08:59:44.549+0000] {logging_mixin.py:190} INFO - [2025-02-04T08:59:44.549+0000] {dagbag.py:588} INFO - Filling up the DagBag from /home/airflow/.local/lib/python3.12/site-packages/airflow/example_dags/example_python_decorator.py
[2025-02-04T08:59:44.558+0000] {processor.py:925} INFO - DAG(s) 'example_python_decorator' retrieved from /home/airflow/.local/lib/python3.12/site-packages/airflow/example_dags/example_python_decorator.py
[2025-02-04T08:59:44.574+0000] {logging_mixin.py:190} INFO - [2025-02-04T08:59:44.574+0000] {dag.py:3239} INFO - Sync 1 DAGs
[2025-02-04T08:59:44.583+0000] {logging_mixin.py:190} INFO - [2025-02-04T08:59:44.583+0000] {dag.py:4180} INFO - Setting next_dagrun for example_python_decorator to None, run_after=None
[2025-02-04T08:59:44.594+0000] {processor.py:208} INFO - Processing /home/airflow/.local/lib/python3.12/site-packages/airflow/example_dags/example_python_decorator.py took 0.050 seconds
[2025-02-04T09:00:15.500+0000] {processor.py:186} INFO - Started process (PID=22537) to work on /home/airflow/.local/lib/python3.12/site-packages/airflow/example_dags/example_python_decorator.py
[2025-02-04T09:00:15.501+0000] {processor.py:914} INFO - Processing file /home/airflow/.local/lib/python3.12/site-packages/airflow/example_dags/example_python_decorator.py for tasks to queue
[2025-02-04T09:00:15.503+0000] {logging_mixin.py:190} INFO - [2025-02-04T09:00:15.502+0000] {dagbag.py:588} INFO - Filling up the DagBag from /home/airflow/.local/lib/python3.12/site-packages/airflow/example_dags/example_python_decorator.py
[2025-02-04T09:00:15.512+0000] {processor.py:925} INFO - DAG(s) 'example_python_decorator' retrieved from /home/airflow/.local/lib/python3.12/site-packages/airflow/example_dags/example_python_decorator.py
[2025-02-04T09:00:15.529+0000] {logging_mixin.py:190} INFO - [2025-02-04T09:00:15.528+0000] {dag.py:3239} INFO - Sync 1 DAGs
[2025-02-04T09:00:15.541+0000] {logging_mixin.py:190} INFO - [2025-02-04T09:00:15.540+0000] {dag.py:4180} INFO - Setting next_dagrun for example_python_decorator to None, run_after=None
[2025-02-04T09:00:15.555+0000] {processor.py:208} INFO - Processing /home/airflow/.local/lib/python3.12/site-packages/airflow/example_dags/example_python_decorator.py took 0.060 seconds
[2025-02-04T09:00:46.585+0000] {processor.py:186} INFO - Started process (PID=22601) to work on /home/airflow/.local/lib/python3.12/site-packages/airflow/example_dags/example_python_decorator.py
[2025-02-04T09:00:46.586+0000] {processor.py:914} INFO - Processing file /home/airflow/.local/lib/python3.12/site-packages/airflow/example_dags/example_python_decorator.py for tasks to queue
[2025-02-04T09:00:46.587+0000] {logging_mixin.py:190} INFO - [2025-02-04T09:00:46.587+0000] {dagbag.py:588} INFO - Filling up the DagBag from /home/airflow/.local/lib/python3.12/site-packages/airflow/example_dags/example_python_decorator.py
[2025-02-04T09:00:46.596+0000] {processor.py:925} INFO - DAG(s) 'example_python_decorator' retrieved from /home/airflow/.local/lib/python3.12/site-packages/airflow/example_dags/example_python_decorator.py
[2025-02-04T09:00:46.611+0000] {logging_mixin.py:190} INFO - [2025-02-04T09:00:46.610+0000] {dag.py:3239} INFO - Sync 1 DAGs
[2025-02-04T09:00:46.619+0000] {logging_mixin.py:190} INFO - [2025-02-04T09:00:46.619+0000] {dag.py:4180} INFO - Setting next_dagrun for example_python_decorator to None, run_after=None
[2025-02-04T09:00:46.630+0000] {processor.py:208} INFO - Processing /home/airflow/.local/lib/python3.12/site-packages/airflow/example_dags/example_python_decorator.py took 0.048 seconds
[2025-02-04T09:01:17.667+0000] {processor.py:186} INFO - Started process (PID=22666) to work on /home/airflow/.local/lib/python3.12/site-packages/airflow/example_dags/example_python_decorator.py
[2025-02-04T09:01:17.668+0000] {processor.py:914} INFO - Processing file /home/airflow/.local/lib/python3.12/site-packages/airflow/example_dags/example_python_decorator.py for tasks to queue
[2025-02-04T09:01:17.669+0000] {logging_mixin.py:190} INFO - [2025-02-04T09:01:17.669+0000] {dagbag.py:588} INFO - Filling up the DagBag from /home/airflow/.local/lib/python3.12/site-packages/airflow/example_dags/example_python_decorator.py
[2025-02-04T09:01:17.678+0000] {processor.py:925} INFO - DAG(s) 'example_python_decorator' retrieved from /home/airflow/.local/lib/python3.12/site-packages/airflow/example_dags/example_python_decorator.py
[2025-02-04T09:01:17.691+0000] {logging_mixin.py:190} INFO - [2025-02-04T09:01:17.690+0000] {dag.py:3239} INFO - Sync 1 DAGs
[2025-02-04T09:01:17.699+0000] {logging_mixin.py:190} INFO - [2025-02-04T09:01:17.699+0000] {dag.py:4180} INFO - Setting next_dagrun for example_python_decorator to None, run_after=None
[2025-02-04T09:01:17.711+0000] {processor.py:208} INFO - Processing /home/airflow/.local/lib/python3.12/site-packages/airflow/example_dags/example_python_decorator.py took 0.048 seconds
[2025-02-04T09:01:48.483+0000] {processor.py:186} INFO - Started process (PID=22730) to work on /home/airflow/.local/lib/python3.12/site-packages/airflow/example_dags/example_python_decorator.py
[2025-02-04T09:01:48.485+0000] {processor.py:914} INFO - Processing file /home/airflow/.local/lib/python3.12/site-packages/airflow/example_dags/example_python_decorator.py for tasks to queue
[2025-02-04T09:01:48.486+0000] {logging_mixin.py:190} INFO - [2025-02-04T09:01:48.486+0000] {dagbag.py:588} INFO - Filling up the DagBag from /home/airflow/.local/lib/python3.12/site-packages/airflow/example_dags/example_python_decorator.py
[2025-02-04T09:01:48.496+0000] {processor.py:925} INFO - DAG(s) 'example_python_decorator' retrieved from /home/airflow/.local/lib/python3.12/site-packages/airflow/example_dags/example_python_decorator.py
[2025-02-04T09:01:48.508+0000] {logging_mixin.py:190} INFO - [2025-02-04T09:01:48.508+0000] {dag.py:3239} INFO - Sync 1 DAGs
[2025-02-04T09:01:48.518+0000] {logging_mixin.py:190} INFO - [2025-02-04T09:01:48.517+0000] {dag.py:4180} INFO - Setting next_dagrun for example_python_decorator to None, run_after=None
[2025-02-04T09:01:48.531+0000] {processor.py:208} INFO - Processing /home/airflow/.local/lib/python3.12/site-packages/airflow/example_dags/example_python_decorator.py took 0.052 seconds
[2025-02-04T09:02:19.608+0000] {processor.py:186} INFO - Started process (PID=22794) to work on /home/airflow/.local/lib/python3.12/site-packages/airflow/example_dags/example_python_decorator.py
[2025-02-04T09:02:19.609+0000] {processor.py:914} INFO - Processing file /home/airflow/.local/lib/python3.12/site-packages/airflow/example_dags/example_python_decorator.py for tasks to queue
[2025-02-04T09:02:19.610+0000] {logging_mixin.py:190} INFO - [2025-02-04T09:02:19.610+0000] {dagbag.py:588} INFO - Filling up the DagBag from /home/airflow/.local/lib/python3.12/site-packages/airflow/example_dags/example_python_decorator.py
[2025-02-04T09:02:19.620+0000] {processor.py:925} INFO - DAG(s) 'example_python_decorator' retrieved from /home/airflow/.local/lib/python3.12/site-packages/airflow/example_dags/example_python_decorator.py
[2025-02-04T09:02:19.632+0000] {logging_mixin.py:190} INFO - [2025-02-04T09:02:19.632+0000] {dag.py:3239} INFO - Sync 1 DAGs
[2025-02-04T09:02:19.642+0000] {logging_mixin.py:190} INFO - [2025-02-04T09:02:19.641+0000] {dag.py:4180} INFO - Setting next_dagrun for example_python_decorator to None, run_after=None
[2025-02-04T09:02:19.653+0000] {processor.py:208} INFO - Processing /home/airflow/.local/lib/python3.12/site-packages/airflow/example_dags/example_python_decorator.py took 0.048 seconds
