[2025-02-04T08:59:35.075+0000] {processor.py:186} INFO - Started process (PID=22448) to work on /home/airflow/.local/lib/python3.12/site-packages/airflow/example_dags/example_complex.py
[2025-02-04T08:59:35.076+0000] {processor.py:914} INFO - Processing file /home/airflow/.local/lib/python3.12/site-packages/airflow/example_dags/example_complex.py for tasks to queue
[2025-02-04T08:59:35.077+0000] {logging_mixin.py:190} INFO - [2025-02-04T08:59:35.077+0000] {dagbag.py:588} INFO - Filling up the DagBag from /home/airflow/.local/lib/python3.12/site-packages/airflow/example_dags/example_complex.py
[2025-02-04T08:59:35.085+0000] {processor.py:925} INFO - DAG(s) 'example_complex' retrieved from /home/airflow/.local/lib/python3.12/site-packages/airflow/example_dags/example_complex.py
[2025-02-04T08:59:35.104+0000] {logging_mixin.py:190} INFO - [2025-02-04T08:59:35.104+0000] {dag.py:3239} INFO - Sync 1 DAGs
[2025-02-04T08:59:35.114+0000] {logging_mixin.py:190} INFO - [2025-02-04T08:59:35.114+0000] {dag.py:4180} INFO - Setting next_dagrun for example_complex to None, run_after=None
[2025-02-04T08:59:35.129+0000] {processor.py:208} INFO - Processing /home/airflow/.local/lib/python3.12/site-packages/airflow/example_dags/example_complex.py took 0.058 seconds
[2025-02-04T09:00:05.927+0000] {processor.py:186} INFO - Started process (PID=22512) to work on /home/airflow/.local/lib/python3.12/site-packages/airflow/example_dags/example_complex.py
[2025-02-04T09:00:05.930+0000] {processor.py:914} INFO - Processing file /home/airflow/.local/lib/python3.12/site-packages/airflow/example_dags/example_complex.py for tasks to queue
[2025-02-04T09:00:05.932+0000] {logging_mixin.py:190} INFO - [2025-02-04T09:00:05.932+0000] {dagbag.py:588} INFO - Filling up the DagBag from /home/airflow/.local/lib/python3.12/site-packages/airflow/example_dags/example_complex.py
[2025-02-04T09:00:05.942+0000] {processor.py:925} INFO - DAG(s) 'example_complex' retrieved from /home/airflow/.local/lib/python3.12/site-packages/airflow/example_dags/example_complex.py
[2025-02-04T09:00:05.958+0000] {logging_mixin.py:190} INFO - [2025-02-04T09:00:05.958+0000] {dag.py:3239} INFO - Sync 1 DAGs
[2025-02-04T09:00:05.967+0000] {logging_mixin.py:190} INFO - [2025-02-04T09:00:05.967+0000] {dag.py:4180} INFO - Setting next_dagrun for example_complex to None, run_after=None
[2025-02-04T09:00:05.978+0000] {processor.py:208} INFO - Processing /home/airflow/.local/lib/python3.12/site-packages/airflow/example_dags/example_complex.py took 0.054 seconds
[2025-02-04T09:00:36.024+0000] {processor.py:186} INFO - Started process (PID=22576) to work on /home/airflow/.local/lib/python3.12/site-packages/airflow/example_dags/example_complex.py
[2025-02-04T09:00:36.027+0000] {processor.py:914} INFO - Processing file /home/airflow/.local/lib/python3.12/site-packages/airflow/example_dags/example_complex.py for tasks to queue
[2025-02-04T09:00:36.028+0000] {logging_mixin.py:190} INFO - [2025-02-04T09:00:36.028+0000] {dagbag.py:588} INFO - Filling up the DagBag from /home/airflow/.local/lib/python3.12/site-packages/airflow/example_dags/example_complex.py
[2025-02-04T09:00:36.035+0000] {processor.py:925} INFO - DAG(s) 'example_complex' retrieved from /home/airflow/.local/lib/python3.12/site-packages/airflow/example_dags/example_complex.py
[2025-02-04T09:00:36.053+0000] {logging_mixin.py:190} INFO - [2025-02-04T09:00:36.053+0000] {dag.py:3239} INFO - Sync 1 DAGs
[2025-02-04T09:00:36.062+0000] {logging_mixin.py:190} INFO - [2025-02-04T09:00:36.062+0000] {dag.py:4180} INFO - Setting next_dagrun for example_complex to None, run_after=None
[2025-02-04T09:00:36.072+0000] {processor.py:208} INFO - Processing /home/airflow/.local/lib/python3.12/site-packages/airflow/example_dags/example_complex.py took 0.052 seconds
[2025-02-04T09:01:06.114+0000] {processor.py:186} INFO - Started process (PID=22640) to work on /home/airflow/.local/lib/python3.12/site-packages/airflow/example_dags/example_complex.py
[2025-02-04T09:01:06.117+0000] {processor.py:914} INFO - Processing file /home/airflow/.local/lib/python3.12/site-packages/airflow/example_dags/example_complex.py for tasks to queue
[2025-02-04T09:01:06.118+0000] {logging_mixin.py:190} INFO - [2025-02-04T09:01:06.118+0000] {dagbag.py:588} INFO - Filling up the DagBag from /home/airflow/.local/lib/python3.12/site-packages/airflow/example_dags/example_complex.py
[2025-02-04T09:01:06.126+0000] {processor.py:925} INFO - DAG(s) 'example_complex' retrieved from /home/airflow/.local/lib/python3.12/site-packages/airflow/example_dags/example_complex.py
[2025-02-04T09:01:06.148+0000] {logging_mixin.py:190} INFO - [2025-02-04T09:01:06.148+0000] {dag.py:3239} INFO - Sync 1 DAGs
[2025-02-04T09:01:06.158+0000] {logging_mixin.py:190} INFO - [2025-02-04T09:01:06.158+0000] {dag.py:4180} INFO - Setting next_dagrun for example_complex to None, run_after=None
[2025-02-04T09:01:06.172+0000] {processor.py:208} INFO - Processing /home/airflow/.local/lib/python3.12/site-packages/airflow/example_dags/example_complex.py took 0.062 seconds
[2025-02-04T09:01:36.671+0000] {processor.py:186} INFO - Started process (PID=22704) to work on /home/airflow/.local/lib/python3.12/site-packages/airflow/example_dags/example_complex.py
[2025-02-04T09:01:36.672+0000] {processor.py:914} INFO - Processing file /home/airflow/.local/lib/python3.12/site-packages/airflow/example_dags/example_complex.py for tasks to queue
[2025-02-04T09:01:36.674+0000] {logging_mixin.py:190} INFO - [2025-02-04T09:01:36.673+0000] {dagbag.py:588} INFO - Filling up the DagBag from /home/airflow/.local/lib/python3.12/site-packages/airflow/example_dags/example_complex.py
[2025-02-04T09:01:36.681+0000] {processor.py:925} INFO - DAG(s) 'example_complex' retrieved from /home/airflow/.local/lib/python3.12/site-packages/airflow/example_dags/example_complex.py
[2025-02-04T09:01:36.699+0000] {logging_mixin.py:190} INFO - [2025-02-04T09:01:36.699+0000] {dag.py:3239} INFO - Sync 1 DAGs
[2025-02-04T09:01:36.708+0000] {logging_mixin.py:190} INFO - [2025-02-04T09:01:36.707+0000] {dag.py:4180} INFO - Setting next_dagrun for example_complex to None, run_after=None
[2025-02-04T09:01:36.719+0000] {processor.py:208} INFO - Processing /home/airflow/.local/lib/python3.12/site-packages/airflow/example_dags/example_complex.py took 0.052 seconds
[2025-02-04T09:02:06.861+0000] {processor.py:186} INFO - Started process (PID=22768) to work on /home/airflow/.local/lib/python3.12/site-packages/airflow/example_dags/example_complex.py
[2025-02-04T09:02:06.862+0000] {processor.py:914} INFO - Processing file /home/airflow/.local/lib/python3.12/site-packages/airflow/example_dags/example_complex.py for tasks to queue
[2025-02-04T09:02:06.863+0000] {logging_mixin.py:190} INFO - [2025-02-04T09:02:06.863+0000] {dagbag.py:588} INFO - Filling up the DagBag from /home/airflow/.local/lib/python3.12/site-packages/airflow/example_dags/example_complex.py
[2025-02-04T09:02:06.870+0000] {processor.py:925} INFO - DAG(s) 'example_complex' retrieved from /home/airflow/.local/lib/python3.12/site-packages/airflow/example_dags/example_complex.py
[2025-02-04T09:02:06.888+0000] {logging_mixin.py:190} INFO - [2025-02-04T09:02:06.888+0000] {dag.py:3239} INFO - Sync 1 DAGs
[2025-02-04T09:02:06.897+0000] {logging_mixin.py:190} INFO - [2025-02-04T09:02:06.896+0000] {dag.py:4180} INFO - Setting next_dagrun for example_complex to None, run_after=None
[2025-02-04T09:02:06.907+0000] {processor.py:208} INFO - Processing /home/airflow/.local/lib/python3.12/site-packages/airflow/example_dags/example_complex.py took 0.049 seconds
