[2025-02-04T09:00:02.241+0000] {processor.py:186} INFO - Started process (PID=22491) to work on /home/airflow/.local/lib/python3.12/site-packages/airflow/example_dags/example_branch_labels.py
[2025-02-04T09:00:02.242+0000] {processor.py:914} INFO - Processing file /home/airflow/.local/lib/python3.12/site-packages/airflow/example_dags/example_branch_labels.py for tasks to queue
[2025-02-04T09:00:02.243+0000] {logging_mixin.py:190} INFO - [2025-02-04T09:00:02.243+0000] {dagbag.py:588} INFO - Filling up the DagBag from /home/airflow/.local/lib/python3.12/site-packages/airflow/example_dags/example_branch_labels.py
[2025-02-04T09:00:02.251+0000] {processor.py:925} INFO - DAG(s) 'example_branch_labels' retrieved from /home/airflow/.local/lib/python3.12/site-packages/airflow/example_dags/example_branch_labels.py
[2025-02-04T09:00:02.267+0000] {logging_mixin.py:190} INFO - [2025-02-04T09:00:02.267+0000] {dag.py:3239} INFO - Sync 1 DAGs
[2025-02-04T09:00:02.289+0000] {logging_mixin.py:190} INFO - [2025-02-04T09:00:02.289+0000] {dag.py:4180} INFO - Setting next_dagrun for example_branch_labels to 2025-02-03 00:00:00+00:00, run_after=2025-02-04 00:00:00+00:00
[2025-02-04T09:00:02.305+0000] {processor.py:208} INFO - Processing /home/airflow/.local/lib/python3.12/site-packages/airflow/example_dags/example_branch_labels.py took 0.068 seconds
[2025-02-04T09:00:32.455+0000] {processor.py:186} INFO - Started process (PID=22555) to work on /home/airflow/.local/lib/python3.12/site-packages/airflow/example_dags/example_branch_labels.py
[2025-02-04T09:00:32.456+0000] {processor.py:914} INFO - Processing file /home/airflow/.local/lib/python3.12/site-packages/airflow/example_dags/example_branch_labels.py for tasks to queue
[2025-02-04T09:00:32.457+0000] {logging_mixin.py:190} INFO - [2025-02-04T09:00:32.457+0000] {dagbag.py:588} INFO - Filling up the DagBag from /home/airflow/.local/lib/python3.12/site-packages/airflow/example_dags/example_branch_labels.py
[2025-02-04T09:00:32.464+0000] {processor.py:925} INFO - DAG(s) 'example_branch_labels' retrieved from /home/airflow/.local/lib/python3.12/site-packages/airflow/example_dags/example_branch_labels.py
[2025-02-04T09:00:32.476+0000] {logging_mixin.py:190} INFO - [2025-02-04T09:00:32.476+0000] {dag.py:3239} INFO - Sync 1 DAGs
[2025-02-04T09:00:32.491+0000] {logging_mixin.py:190} INFO - [2025-02-04T09:00:32.490+0000] {dag.py:4180} INFO - Setting next_dagrun for example_branch_labels to 2025-02-03 00:00:00+00:00, run_after=2025-02-04 00:00:00+00:00
[2025-02-04T09:00:32.501+0000] {processor.py:208} INFO - Processing /home/airflow/.local/lib/python3.12/site-packages/airflow/example_dags/example_branch_labels.py took 0.051 seconds
[2025-02-04T09:01:02.551+0000] {processor.py:186} INFO - Started process (PID=22618) to work on /home/airflow/.local/lib/python3.12/site-packages/airflow/example_dags/example_branch_labels.py
[2025-02-04T09:01:02.552+0000] {processor.py:914} INFO - Processing file /home/airflow/.local/lib/python3.12/site-packages/airflow/example_dags/example_branch_labels.py for tasks to queue
[2025-02-04T09:01:02.553+0000] {logging_mixin.py:190} INFO - [2025-02-04T09:01:02.553+0000] {dagbag.py:588} INFO - Filling up the DagBag from /home/airflow/.local/lib/python3.12/site-packages/airflow/example_dags/example_branch_labels.py
[2025-02-04T09:01:02.559+0000] {processor.py:925} INFO - DAG(s) 'example_branch_labels' retrieved from /home/airflow/.local/lib/python3.12/site-packages/airflow/example_dags/example_branch_labels.py
[2025-02-04T09:01:02.571+0000] {logging_mixin.py:190} INFO - [2025-02-04T09:01:02.570+0000] {dag.py:3239} INFO - Sync 1 DAGs
[2025-02-04T09:01:02.584+0000] {logging_mixin.py:190} INFO - [2025-02-04T09:01:02.583+0000] {dag.py:4180} INFO - Setting next_dagrun for example_branch_labels to 2025-02-03 00:00:00+00:00, run_after=2025-02-04 00:00:00+00:00
[2025-02-04T09:01:02.593+0000] {processor.py:208} INFO - Processing /home/airflow/.local/lib/python3.12/site-packages/airflow/example_dags/example_branch_labels.py took 0.045 seconds
[2025-02-04T09:01:33.151+0000] {processor.py:186} INFO - Started process (PID=22683) to work on /home/airflow/.local/lib/python3.12/site-packages/airflow/example_dags/example_branch_labels.py
[2025-02-04T09:01:33.152+0000] {processor.py:914} INFO - Processing file /home/airflow/.local/lib/python3.12/site-packages/airflow/example_dags/example_branch_labels.py for tasks to queue
[2025-02-04T09:01:33.154+0000] {logging_mixin.py:190} INFO - [2025-02-04T09:01:33.153+0000] {dagbag.py:588} INFO - Filling up the DagBag from /home/airflow/.local/lib/python3.12/site-packages/airflow/example_dags/example_branch_labels.py
[2025-02-04T09:01:33.162+0000] {processor.py:925} INFO - DAG(s) 'example_branch_labels' retrieved from /home/airflow/.local/lib/python3.12/site-packages/airflow/example_dags/example_branch_labels.py
[2025-02-04T09:01:33.173+0000] {logging_mixin.py:190} INFO - [2025-02-04T09:01:33.173+0000] {dag.py:3239} INFO - Sync 1 DAGs
[2025-02-04T09:01:33.192+0000] {logging_mixin.py:190} INFO - [2025-02-04T09:01:33.192+0000] {dag.py:4180} INFO - Setting next_dagrun for example_branch_labels to 2025-02-03 00:00:00+00:00, run_after=2025-02-04 00:00:00+00:00
[2025-02-04T09:01:33.204+0000] {processor.py:208} INFO - Processing /home/airflow/.local/lib/python3.12/site-packages/airflow/example_dags/example_branch_labels.py took 0.057 seconds
[2025-02-04T09:02:03.324+0000] {processor.py:186} INFO - Started process (PID=22753) to work on /home/airflow/.local/lib/python3.12/site-packages/airflow/example_dags/example_branch_labels.py
[2025-02-04T09:02:03.324+0000] {processor.py:914} INFO - Processing file /home/airflow/.local/lib/python3.12/site-packages/airflow/example_dags/example_branch_labels.py for tasks to queue
[2025-02-04T09:02:03.326+0000] {logging_mixin.py:190} INFO - [2025-02-04T09:02:03.326+0000] {dagbag.py:588} INFO - Filling up the DagBag from /home/airflow/.local/lib/python3.12/site-packages/airflow/example_dags/example_branch_labels.py
[2025-02-04T09:02:03.332+0000] {processor.py:925} INFO - DAG(s) 'example_branch_labels' retrieved from /home/airflow/.local/lib/python3.12/site-packages/airflow/example_dags/example_branch_labels.py
[2025-02-04T09:02:03.343+0000] {logging_mixin.py:190} INFO - [2025-02-04T09:02:03.343+0000] {dag.py:3239} INFO - Sync 1 DAGs
[2025-02-04T09:02:03.357+0000] {logging_mixin.py:190} INFO - [2025-02-04T09:02:03.357+0000] {dag.py:4180} INFO - Setting next_dagrun for example_branch_labels to 2025-02-03 00:00:00+00:00, run_after=2025-02-04 00:00:00+00:00
[2025-02-04T09:02:03.373+0000] {processor.py:208} INFO - Processing /home/airflow/.local/lib/python3.12/site-packages/airflow/example_dags/example_branch_labels.py took 0.053 seconds
[2025-02-04T09:02:33.402+0000] {processor.py:186} INFO - Started process (PID=22816) to work on /home/airflow/.local/lib/python3.12/site-packages/airflow/example_dags/example_branch_labels.py
[2025-02-04T09:02:33.403+0000] {processor.py:914} INFO - Processing file /home/airflow/.local/lib/python3.12/site-packages/airflow/example_dags/example_branch_labels.py for tasks to queue
[2025-02-04T09:02:33.405+0000] {logging_mixin.py:190} INFO - [2025-02-04T09:02:33.405+0000] {dagbag.py:588} INFO - Filling up the DagBag from /home/airflow/.local/lib/python3.12/site-packages/airflow/example_dags/example_branch_labels.py
[2025-02-04T09:02:33.411+0000] {processor.py:925} INFO - DAG(s) 'example_branch_labels' retrieved from /home/airflow/.local/lib/python3.12/site-packages/airflow/example_dags/example_branch_labels.py
[2025-02-04T09:02:33.423+0000] {logging_mixin.py:190} INFO - [2025-02-04T09:02:33.423+0000] {dag.py:3239} INFO - Sync 1 DAGs
[2025-02-04T09:02:33.436+0000] {logging_mixin.py:190} INFO - [2025-02-04T09:02:33.436+0000] {dag.py:4180} INFO - Setting next_dagrun for example_branch_labels to 2025-02-03 00:00:00+00:00, run_after=2025-02-04 00:00:00+00:00
[2025-02-04T09:02:33.446+0000] {processor.py:208} INFO - Processing /home/airflow/.local/lib/python3.12/site-packages/airflow/example_dags/example_branch_labels.py took 0.047 seconds
