[2025-02-04T08:59:34.005+0000] {processor.py:186} INFO - Started process (PID=22446) to work on /home/airflow/.local/lib/python3.12/site-packages/airflow/example_dags/example_latest_only.py
[2025-02-04T08:59:34.006+0000] {processor.py:914} INFO - Processing file /home/airflow/.local/lib/python3.12/site-packages/airflow/example_dags/example_latest_only.py for tasks to queue
[2025-02-04T08:59:34.007+0000] {logging_mixin.py:190} INFO - [2025-02-04T08:59:34.007+0000] {dagbag.py:588} INFO - Filling up the DagBag from /home/airflow/.local/lib/python3.12/site-packages/airflow/example_dags/example_latest_only.py
[2025-02-04T08:59:34.012+0000] {processor.py:925} INFO - DAG(s) 'latest_only' retrieved from /home/airflow/.local/lib/python3.12/site-packages/airflow/example_dags/example_latest_only.py
[2025-02-04T08:59:34.026+0000] {logging_mixin.py:190} INFO - [2025-02-04T08:59:34.026+0000] {dag.py:3239} INFO - Sync 1 DAGs
[2025-02-04T08:59:34.041+0000] {logging_mixin.py:190} INFO - [2025-02-04T08:59:34.041+0000] {dag.py:4180} INFO - Setting next_dagrun for latest_only to 2025-02-04 04:00:00+00:00, run_after=2025-02-04 08:00:00+00:00
[2025-02-04T08:59:34.077+0000] {processor.py:208} INFO - Processing /home/airflow/.local/lib/python3.12/site-packages/airflow/example_dags/example_latest_only.py took 0.075 seconds
[2025-02-04T09:00:04.854+0000] {processor.py:186} INFO - Started process (PID=22510) to work on /home/airflow/.local/lib/python3.12/site-packages/airflow/example_dags/example_latest_only.py
[2025-02-04T09:00:04.858+0000] {processor.py:914} INFO - Processing file /home/airflow/.local/lib/python3.12/site-packages/airflow/example_dags/example_latest_only.py for tasks to queue
[2025-02-04T09:00:04.859+0000] {logging_mixin.py:190} INFO - [2025-02-04T09:00:04.859+0000] {dagbag.py:588} INFO - Filling up the DagBag from /home/airflow/.local/lib/python3.12/site-packages/airflow/example_dags/example_latest_only.py
[2025-02-04T09:00:04.864+0000] {processor.py:925} INFO - DAG(s) 'latest_only' retrieved from /home/airflow/.local/lib/python3.12/site-packages/airflow/example_dags/example_latest_only.py
[2025-02-04T09:00:04.875+0000] {logging_mixin.py:190} INFO - [2025-02-04T09:00:04.875+0000] {dag.py:3239} INFO - Sync 1 DAGs
[2025-02-04T09:00:04.889+0000] {logging_mixin.py:190} INFO - [2025-02-04T09:00:04.889+0000] {dag.py:4180} INFO - Setting next_dagrun for latest_only to 2025-02-04 04:00:00+00:00, run_after=2025-02-04 08:00:00+00:00
[2025-02-04T09:00:04.900+0000] {processor.py:208} INFO - Processing /home/airflow/.local/lib/python3.12/site-packages/airflow/example_dags/example_latest_only.py took 0.051 seconds
[2025-02-04T09:00:34.958+0000] {processor.py:186} INFO - Started process (PID=22574) to work on /home/airflow/.local/lib/python3.12/site-packages/airflow/example_dags/example_latest_only.py
[2025-02-04T09:00:34.959+0000] {processor.py:914} INFO - Processing file /home/airflow/.local/lib/python3.12/site-packages/airflow/example_dags/example_latest_only.py for tasks to queue
[2025-02-04T09:00:34.960+0000] {logging_mixin.py:190} INFO - [2025-02-04T09:00:34.960+0000] {dagbag.py:588} INFO - Filling up the DagBag from /home/airflow/.local/lib/python3.12/site-packages/airflow/example_dags/example_latest_only.py
[2025-02-04T09:00:34.965+0000] {processor.py:925} INFO - DAG(s) 'latest_only' retrieved from /home/airflow/.local/lib/python3.12/site-packages/airflow/example_dags/example_latest_only.py
[2025-02-04T09:00:34.977+0000] {logging_mixin.py:190} INFO - [2025-02-04T09:00:34.976+0000] {dag.py:3239} INFO - Sync 1 DAGs
[2025-02-04T09:00:34.991+0000] {logging_mixin.py:190} INFO - [2025-02-04T09:00:34.991+0000] {dag.py:4180} INFO - Setting next_dagrun for latest_only to 2025-02-04 04:00:00+00:00, run_after=2025-02-04 08:00:00+00:00
[2025-02-04T09:00:35.003+0000] {processor.py:208} INFO - Processing /home/airflow/.local/lib/python3.12/site-packages/airflow/example_dags/example_latest_only.py took 0.050 seconds
[2025-02-04T09:01:05.046+0000] {processor.py:186} INFO - Started process (PID=22638) to work on /home/airflow/.local/lib/python3.12/site-packages/airflow/example_dags/example_latest_only.py
[2025-02-04T09:01:05.047+0000] {processor.py:914} INFO - Processing file /home/airflow/.local/lib/python3.12/site-packages/airflow/example_dags/example_latest_only.py for tasks to queue
[2025-02-04T09:01:05.049+0000] {logging_mixin.py:190} INFO - [2025-02-04T09:01:05.049+0000] {dagbag.py:588} INFO - Filling up the DagBag from /home/airflow/.local/lib/python3.12/site-packages/airflow/example_dags/example_latest_only.py
[2025-02-04T09:01:05.055+0000] {processor.py:925} INFO - DAG(s) 'latest_only' retrieved from /home/airflow/.local/lib/python3.12/site-packages/airflow/example_dags/example_latest_only.py
[2025-02-04T09:01:05.066+0000] {logging_mixin.py:190} INFO - [2025-02-04T09:01:05.066+0000] {dag.py:3239} INFO - Sync 1 DAGs
[2025-02-04T09:01:05.081+0000] {logging_mixin.py:190} INFO - [2025-02-04T09:01:05.081+0000] {dag.py:4180} INFO - Setting next_dagrun for latest_only to 2025-02-04 04:00:00+00:00, run_after=2025-02-04 08:00:00+00:00
[2025-02-04T09:01:05.092+0000] {processor.py:208} INFO - Processing /home/airflow/.local/lib/python3.12/site-packages/airflow/example_dags/example_latest_only.py took 0.050 seconds
[2025-02-04T09:01:35.629+0000] {processor.py:186} INFO - Started process (PID=22702) to work on /home/airflow/.local/lib/python3.12/site-packages/airflow/example_dags/example_latest_only.py
[2025-02-04T09:01:35.631+0000] {processor.py:914} INFO - Processing file /home/airflow/.local/lib/python3.12/site-packages/airflow/example_dags/example_latest_only.py for tasks to queue
[2025-02-04T09:01:35.632+0000] {logging_mixin.py:190} INFO - [2025-02-04T09:01:35.632+0000] {dagbag.py:588} INFO - Filling up the DagBag from /home/airflow/.local/lib/python3.12/site-packages/airflow/example_dags/example_latest_only.py
[2025-02-04T09:01:35.638+0000] {processor.py:925} INFO - DAG(s) 'latest_only' retrieved from /home/airflow/.local/lib/python3.12/site-packages/airflow/example_dags/example_latest_only.py
[2025-02-04T09:01:35.650+0000] {logging_mixin.py:190} INFO - [2025-02-04T09:01:35.650+0000] {dag.py:3239} INFO - Sync 1 DAGs
[2025-02-04T09:01:35.665+0000] {logging_mixin.py:190} INFO - [2025-02-04T09:01:35.665+0000] {dag.py:4180} INFO - Setting next_dagrun for latest_only to 2025-02-04 04:00:00+00:00, run_after=2025-02-04 08:00:00+00:00
[2025-02-04T09:01:35.675+0000] {processor.py:208} INFO - Processing /home/airflow/.local/lib/python3.12/site-packages/airflow/example_dags/example_latest_only.py took 0.050 seconds
[2025-02-04T09:02:05.823+0000] {processor.py:186} INFO - Started process (PID=22766) to work on /home/airflow/.local/lib/python3.12/site-packages/airflow/example_dags/example_latest_only.py
[2025-02-04T09:02:05.824+0000] {processor.py:914} INFO - Processing file /home/airflow/.local/lib/python3.12/site-packages/airflow/example_dags/example_latest_only.py for tasks to queue
[2025-02-04T09:02:05.826+0000] {logging_mixin.py:190} INFO - [2025-02-04T09:02:05.826+0000] {dagbag.py:588} INFO - Filling up the DagBag from /home/airflow/.local/lib/python3.12/site-packages/airflow/example_dags/example_latest_only.py
[2025-02-04T09:02:05.831+0000] {processor.py:925} INFO - DAG(s) 'latest_only' retrieved from /home/airflow/.local/lib/python3.12/site-packages/airflow/example_dags/example_latest_only.py
[2025-02-04T09:02:05.843+0000] {logging_mixin.py:190} INFO - [2025-02-04T09:02:05.843+0000] {dag.py:3239} INFO - Sync 1 DAGs
[2025-02-04T09:02:05.857+0000] {logging_mixin.py:190} INFO - [2025-02-04T09:02:05.857+0000] {dag.py:4180} INFO - Setting next_dagrun for latest_only to 2025-02-04 04:00:00+00:00, run_after=2025-02-04 08:00:00+00:00
[2025-02-04T09:02:05.868+0000] {processor.py:208} INFO - Processing /home/airflow/.local/lib/python3.12/site-packages/airflow/example_dags/example_latest_only.py took 0.049 seconds
