[2025-02-04T09:00:03.776+0000] {processor.py:186} INFO - Started process (PID=22508) to work on /home/airflow/.local/lib/python3.12/site-packages/airflow/example_dags/example_local_kubernetes_executor.py
[2025-02-04T09:00:03.777+0000] {processor.py:914} INFO - Processing file /home/airflow/.local/lib/python3.12/site-packages/airflow/example_dags/example_local_kubernetes_executor.py for tasks to queue
[2025-02-04T09:00:03.779+0000] {logging_mixin.py:190} INFO - [2025-02-04T09:00:03.778+0000] {dagbag.py:588} INFO - Filling up the DagBag from /home/airflow/.local/lib/python3.12/site-packages/airflow/example_dags/example_local_kubernetes_executor.py
[2025-02-04T09:00:03.785+0000] {processor.py:925} INFO - DAG(s) 'example_local_kubernetes_executor' retrieved from /home/airflow/.local/lib/python3.12/site-packages/airflow/example_dags/example_local_kubernetes_executor.py
[2025-02-04T09:00:03.796+0000] {logging_mixin.py:190} INFO - [2025-02-04T09:00:03.796+0000] {dag.py:3239} INFO - Sync 1 DAGs
[2025-02-04T09:00:03.805+0000] {logging_mixin.py:190} INFO - [2025-02-04T09:00:03.805+0000] {dag.py:4180} INFO - Setting next_dagrun for example_local_kubernetes_executor to None, run_after=None
[2025-02-04T09:00:03.818+0000] {processor.py:208} INFO - Processing /home/airflow/.local/lib/python3.12/site-packages/airflow/example_dags/example_local_kubernetes_executor.py took 0.045 seconds
[2025-02-04T09:00:33.872+0000] {processor.py:186} INFO - Started process (PID=22572) to work on /home/airflow/.local/lib/python3.12/site-packages/airflow/example_dags/example_local_kubernetes_executor.py
[2025-02-04T09:00:33.873+0000] {processor.py:914} INFO - Processing file /home/airflow/.local/lib/python3.12/site-packages/airflow/example_dags/example_local_kubernetes_executor.py for tasks to queue
[2025-02-04T09:00:33.874+0000] {logging_mixin.py:190} INFO - [2025-02-04T09:00:33.874+0000] {dagbag.py:588} INFO - Filling up the DagBag from /home/airflow/.local/lib/python3.12/site-packages/airflow/example_dags/example_local_kubernetes_executor.py
[2025-02-04T09:00:33.882+0000] {processor.py:925} INFO - DAG(s) 'example_local_kubernetes_executor' retrieved from /home/airflow/.local/lib/python3.12/site-packages/airflow/example_dags/example_local_kubernetes_executor.py
[2025-02-04T09:00:33.898+0000] {logging_mixin.py:190} INFO - [2025-02-04T09:00:33.898+0000] {dag.py:3239} INFO - Sync 1 DAGs
[2025-02-04T09:00:33.908+0000] {logging_mixin.py:190} INFO - [2025-02-04T09:00:33.907+0000] {dag.py:4180} INFO - Setting next_dagrun for example_local_kubernetes_executor to None, run_after=None
[2025-02-04T09:00:33.920+0000] {processor.py:208} INFO - Processing /home/airflow/.local/lib/python3.12/site-packages/airflow/example_dags/example_local_kubernetes_executor.py took 0.052 seconds
[2025-02-04T09:01:03.985+0000] {processor.py:186} INFO - Started process (PID=22636) to work on /home/airflow/.local/lib/python3.12/site-packages/airflow/example_dags/example_local_kubernetes_executor.py
[2025-02-04T09:01:03.986+0000] {processor.py:914} INFO - Processing file /home/airflow/.local/lib/python3.12/site-packages/airflow/example_dags/example_local_kubernetes_executor.py for tasks to queue
[2025-02-04T09:01:03.987+0000] {logging_mixin.py:190} INFO - [2025-02-04T09:01:03.987+0000] {dagbag.py:588} INFO - Filling up the DagBag from /home/airflow/.local/lib/python3.12/site-packages/airflow/example_dags/example_local_kubernetes_executor.py
[2025-02-04T09:01:03.993+0000] {processor.py:925} INFO - DAG(s) 'example_local_kubernetes_executor' retrieved from /home/airflow/.local/lib/python3.12/site-packages/airflow/example_dags/example_local_kubernetes_executor.py
[2025-02-04T09:01:04.005+0000] {logging_mixin.py:190} INFO - [2025-02-04T09:01:04.004+0000] {dag.py:3239} INFO - Sync 1 DAGs
[2025-02-04T09:01:04.013+0000] {logging_mixin.py:190} INFO - [2025-02-04T09:01:04.013+0000] {dag.py:4180} INFO - Setting next_dagrun for example_local_kubernetes_executor to None, run_after=None
[2025-02-04T09:01:04.024+0000] {processor.py:208} INFO - Processing /home/airflow/.local/lib/python3.12/site-packages/airflow/example_dags/example_local_kubernetes_executor.py took 0.043 seconds
[2025-02-04T09:01:34.555+0000] {processor.py:186} INFO - Started process (PID=22700) to work on /home/airflow/.local/lib/python3.12/site-packages/airflow/example_dags/example_local_kubernetes_executor.py
[2025-02-04T09:01:34.556+0000] {processor.py:914} INFO - Processing file /home/airflow/.local/lib/python3.12/site-packages/airflow/example_dags/example_local_kubernetes_executor.py for tasks to queue
[2025-02-04T09:01:34.557+0000] {logging_mixin.py:190} INFO - [2025-02-04T09:01:34.557+0000] {dagbag.py:588} INFO - Filling up the DagBag from /home/airflow/.local/lib/python3.12/site-packages/airflow/example_dags/example_local_kubernetes_executor.py
[2025-02-04T09:01:34.563+0000] {processor.py:925} INFO - DAG(s) 'example_local_kubernetes_executor' retrieved from /home/airflow/.local/lib/python3.12/site-packages/airflow/example_dags/example_local_kubernetes_executor.py
[2025-02-04T09:01:34.575+0000] {logging_mixin.py:190} INFO - [2025-02-04T09:01:34.574+0000] {dag.py:3239} INFO - Sync 1 DAGs
[2025-02-04T09:01:34.583+0000] {logging_mixin.py:190} INFO - [2025-02-04T09:01:34.583+0000] {dag.py:4180} INFO - Setting next_dagrun for example_local_kubernetes_executor to None, run_after=None
[2025-02-04T09:01:34.594+0000] {processor.py:208} INFO - Processing /home/airflow/.local/lib/python3.12/site-packages/airflow/example_dags/example_local_kubernetes_executor.py took 0.042 seconds
[2025-02-04T09:02:04.734+0000] {processor.py:186} INFO - Started process (PID=22764) to work on /home/airflow/.local/lib/python3.12/site-packages/airflow/example_dags/example_local_kubernetes_executor.py
[2025-02-04T09:02:04.742+0000] {processor.py:914} INFO - Processing file /home/airflow/.local/lib/python3.12/site-packages/airflow/example_dags/example_local_kubernetes_executor.py for tasks to queue
[2025-02-04T09:02:04.744+0000] {logging_mixin.py:190} INFO - [2025-02-04T09:02:04.743+0000] {dagbag.py:588} INFO - Filling up the DagBag from /home/airflow/.local/lib/python3.12/site-packages/airflow/example_dags/example_local_kubernetes_executor.py
[2025-02-04T09:02:04.751+0000] {processor.py:925} INFO - DAG(s) 'example_local_kubernetes_executor' retrieved from /home/airflow/.local/lib/python3.12/site-packages/airflow/example_dags/example_local_kubernetes_executor.py
[2025-02-04T09:02:04.762+0000] {logging_mixin.py:190} INFO - [2025-02-04T09:02:04.762+0000] {dag.py:3239} INFO - Sync 1 DAGs
[2025-02-04T09:02:04.771+0000] {logging_mixin.py:190} INFO - [2025-02-04T09:02:04.770+0000] {dag.py:4180} INFO - Setting next_dagrun for example_local_kubernetes_executor to None, run_after=None
[2025-02-04T09:02:04.783+0000] {processor.py:208} INFO - Processing /home/airflow/.local/lib/python3.12/site-packages/airflow/example_dags/example_local_kubernetes_executor.py took 0.052 seconds
[2025-02-04T09:02:34.868+0000] {processor.py:186} INFO - Started process (PID=22828) to work on /home/airflow/.local/lib/python3.12/site-packages/airflow/example_dags/example_local_kubernetes_executor.py
[2025-02-04T09:02:34.868+0000] {processor.py:914} INFO - Processing file /home/airflow/.local/lib/python3.12/site-packages/airflow/example_dags/example_local_kubernetes_executor.py for tasks to queue
[2025-02-04T09:02:34.870+0000] {logging_mixin.py:190} INFO - [2025-02-04T09:02:34.869+0000] {dagbag.py:588} INFO - Filling up the DagBag from /home/airflow/.local/lib/python3.12/site-packages/airflow/example_dags/example_local_kubernetes_executor.py
[2025-02-04T09:02:34.876+0000] {processor.py:925} INFO - DAG(s) 'example_local_kubernetes_executor' retrieved from /home/airflow/.local/lib/python3.12/site-packages/airflow/example_dags/example_local_kubernetes_executor.py
[2025-02-04T09:02:34.887+0000] {logging_mixin.py:190} INFO - [2025-02-04T09:02:34.887+0000] {dag.py:3239} INFO - Sync 1 DAGs
[2025-02-04T09:02:34.895+0000] {logging_mixin.py:190} INFO - [2025-02-04T09:02:34.895+0000] {dag.py:4180} INFO - Setting next_dagrun for example_local_kubernetes_executor to None, run_after=None
[2025-02-04T09:02:34.906+0000] {processor.py:208} INFO - Processing /home/airflow/.local/lib/python3.12/site-packages/airflow/example_dags/example_local_kubernetes_executor.py took 0.042 seconds
