[2025-02-04T08:59:53.880+0000] {processor.py:186} INFO - Started process (PID=22481) to work on /home/airflow/.local/lib/python3.12/site-packages/airflow/example_dags/example_bash_decorator.py
[2025-02-04T08:59:53.881+0000] {processor.py:914} INFO - Processing file /home/airflow/.local/lib/python3.12/site-packages/airflow/example_dags/example_bash_decorator.py for tasks to queue
[2025-02-04T08:59:53.882+0000] {logging_mixin.py:190} INFO - [2025-02-04T08:59:53.882+0000] {dagbag.py:588} INFO - Filling up the DagBag from /home/airflow/.local/lib/python3.12/site-packages/airflow/example_dags/example_bash_decorator.py
[2025-02-04T08:59:53.892+0000] {processor.py:925} INFO - DAG(s) 'example_bash_decorator' retrieved from /home/airflow/.local/lib/python3.12/site-packages/airflow/example_dags/example_bash_decorator.py
[2025-02-04T08:59:53.905+0000] {logging_mixin.py:190} INFO - [2025-02-04T08:59:53.905+0000] {dag.py:3239} INFO - Sync 1 DAGs
[2025-02-04T08:59:53.913+0000] {logging_mixin.py:190} INFO - [2025-02-04T08:59:53.913+0000] {dag.py:4180} INFO - Setting next_dagrun for example_bash_decorator to None, run_after=None
[2025-02-04T08:59:53.923+0000] {processor.py:208} INFO - Processing /home/airflow/.local/lib/python3.12/site-packages/airflow/example_dags/example_bash_decorator.py took 0.047 seconds
[2025-02-04T09:00:24.128+0000] {processor.py:186} INFO - Started process (PID=22545) to work on /home/airflow/.local/lib/python3.12/site-packages/airflow/example_dags/example_bash_decorator.py
[2025-02-04T09:00:24.133+0000] {processor.py:914} INFO - Processing file /home/airflow/.local/lib/python3.12/site-packages/airflow/example_dags/example_bash_decorator.py for tasks to queue
[2025-02-04T09:00:24.135+0000] {logging_mixin.py:190} INFO - [2025-02-04T09:00:24.135+0000] {dagbag.py:588} INFO - Filling up the DagBag from /home/airflow/.local/lib/python3.12/site-packages/airflow/example_dags/example_bash_decorator.py
[2025-02-04T09:00:24.145+0000] {processor.py:925} INFO - DAG(s) 'example_bash_decorator' retrieved from /home/airflow/.local/lib/python3.12/site-packages/airflow/example_dags/example_bash_decorator.py
[2025-02-04T09:00:24.159+0000] {logging_mixin.py:190} INFO - [2025-02-04T09:00:24.159+0000] {dag.py:3239} INFO - Sync 1 DAGs
[2025-02-04T09:00:24.167+0000] {logging_mixin.py:190} INFO - [2025-02-04T09:00:24.167+0000] {dag.py:4180} INFO - Setting next_dagrun for example_bash_decorator to None, run_after=None
[2025-02-04T09:00:24.177+0000] {processor.py:208} INFO - Processing /home/airflow/.local/lib/python3.12/site-packages/airflow/example_dags/example_bash_decorator.py took 0.053 seconds
[2025-02-04T09:00:54.289+0000] {processor.py:186} INFO - Started process (PID=22609) to work on /home/airflow/.local/lib/python3.12/site-packages/airflow/example_dags/example_bash_decorator.py
[2025-02-04T09:00:54.292+0000] {processor.py:914} INFO - Processing file /home/airflow/.local/lib/python3.12/site-packages/airflow/example_dags/example_bash_decorator.py for tasks to queue
[2025-02-04T09:00:54.294+0000] {logging_mixin.py:190} INFO - [2025-02-04T09:00:54.294+0000] {dagbag.py:588} INFO - Filling up the DagBag from /home/airflow/.local/lib/python3.12/site-packages/airflow/example_dags/example_bash_decorator.py
[2025-02-04T09:00:54.304+0000] {processor.py:925} INFO - DAG(s) 'example_bash_decorator' retrieved from /home/airflow/.local/lib/python3.12/site-packages/airflow/example_dags/example_bash_decorator.py
[2025-02-04T09:00:54.317+0000] {logging_mixin.py:190} INFO - [2025-02-04T09:00:54.317+0000] {dag.py:3239} INFO - Sync 1 DAGs
[2025-02-04T09:00:54.325+0000] {logging_mixin.py:190} INFO - [2025-02-04T09:00:54.325+0000] {dag.py:4180} INFO - Setting next_dagrun for example_bash_decorator to None, run_after=None
[2025-02-04T09:00:54.336+0000] {processor.py:208} INFO - Processing /home/airflow/.local/lib/python3.12/site-packages/airflow/example_dags/example_bash_decorator.py took 0.051 seconds
[2025-02-04T09:01:24.858+0000] {processor.py:186} INFO - Started process (PID=22673) to work on /home/airflow/.local/lib/python3.12/site-packages/airflow/example_dags/example_bash_decorator.py
[2025-02-04T09:01:24.859+0000] {processor.py:914} INFO - Processing file /home/airflow/.local/lib/python3.12/site-packages/airflow/example_dags/example_bash_decorator.py for tasks to queue
[2025-02-04T09:01:24.861+0000] {logging_mixin.py:190} INFO - [2025-02-04T09:01:24.860+0000] {dagbag.py:588} INFO - Filling up the DagBag from /home/airflow/.local/lib/python3.12/site-packages/airflow/example_dags/example_bash_decorator.py
[2025-02-04T09:01:24.870+0000] {processor.py:925} INFO - DAG(s) 'example_bash_decorator' retrieved from /home/airflow/.local/lib/python3.12/site-packages/airflow/example_dags/example_bash_decorator.py
[2025-02-04T09:01:24.883+0000] {logging_mixin.py:190} INFO - [2025-02-04T09:01:24.883+0000] {dag.py:3239} INFO - Sync 1 DAGs
[2025-02-04T09:01:24.891+0000] {logging_mixin.py:190} INFO - [2025-02-04T09:01:24.891+0000] {dag.py:4180} INFO - Setting next_dagrun for example_bash_decorator to None, run_after=None
[2025-02-04T09:01:24.901+0000] {processor.py:208} INFO - Processing /home/airflow/.local/lib/python3.12/site-packages/airflow/example_dags/example_bash_decorator.py took 0.047 seconds
[2025-02-04T09:01:55.100+0000] {processor.py:186} INFO - Started process (PID=22737) to work on /home/airflow/.local/lib/python3.12/site-packages/airflow/example_dags/example_bash_decorator.py
[2025-02-04T09:01:55.101+0000] {processor.py:914} INFO - Processing file /home/airflow/.local/lib/python3.12/site-packages/airflow/example_dags/example_bash_decorator.py for tasks to queue
[2025-02-04T09:01:55.102+0000] {logging_mixin.py:190} INFO - [2025-02-04T09:01:55.102+0000] {dagbag.py:588} INFO - Filling up the DagBag from /home/airflow/.local/lib/python3.12/site-packages/airflow/example_dags/example_bash_decorator.py
[2025-02-04T09:01:55.112+0000] {processor.py:925} INFO - DAG(s) 'example_bash_decorator' retrieved from /home/airflow/.local/lib/python3.12/site-packages/airflow/example_dags/example_bash_decorator.py
[2025-02-04T09:01:55.126+0000] {logging_mixin.py:190} INFO - [2025-02-04T09:01:55.126+0000] {dag.py:3239} INFO - Sync 1 DAGs
[2025-02-04T09:01:55.137+0000] {logging_mixin.py:190} INFO - [2025-02-04T09:01:55.137+0000] {dag.py:4180} INFO - Setting next_dagrun for example_bash_decorator to None, run_after=None
[2025-02-04T09:01:55.149+0000] {processor.py:208} INFO - Processing /home/airflow/.local/lib/python3.12/site-packages/airflow/example_dags/example_bash_decorator.py took 0.053 seconds
[2025-02-04T09:02:25.188+0000] {processor.py:186} INFO - Started process (PID=22801) to work on /home/airflow/.local/lib/python3.12/site-packages/airflow/example_dags/example_bash_decorator.py
[2025-02-04T09:02:25.189+0000] {processor.py:914} INFO - Processing file /home/airflow/.local/lib/python3.12/site-packages/airflow/example_dags/example_bash_decorator.py for tasks to queue
[2025-02-04T09:02:25.190+0000] {logging_mixin.py:190} INFO - [2025-02-04T09:02:25.190+0000] {dagbag.py:588} INFO - Filling up the DagBag from /home/airflow/.local/lib/python3.12/site-packages/airflow/example_dags/example_bash_decorator.py
[2025-02-04T09:02:25.203+0000] {processor.py:925} INFO - DAG(s) 'example_bash_decorator' retrieved from /home/airflow/.local/lib/python3.12/site-packages/airflow/example_dags/example_bash_decorator.py
[2025-02-04T09:02:25.220+0000] {logging_mixin.py:190} INFO - [2025-02-04T09:02:25.220+0000] {dag.py:3239} INFO - Sync 1 DAGs
[2025-02-04T09:02:25.232+0000] {logging_mixin.py:190} INFO - [2025-02-04T09:02:25.232+0000] {dag.py:4180} INFO - Setting next_dagrun for example_bash_decorator to None, run_after=None
[2025-02-04T09:02:25.243+0000] {processor.py:208} INFO - Processing /home/airflow/.local/lib/python3.12/site-packages/airflow/example_dags/example_bash_decorator.py took 0.059 seconds
