[2025-02-04T08:59:43.833+0000] {processor.py:186} INFO - Started process (PID=22461) to work on /home/airflow/.local/lib/python3.12/site-packages/airflow/example_dags/example_dataset_alias_with_no_taskflow.py
[2025-02-04T08:59:43.834+0000] {processor.py:914} INFO - Processing file /home/airflow/.local/lib/python3.12/site-packages/airflow/example_dags/example_dataset_alias_with_no_taskflow.py for tasks to queue
[2025-02-04T08:59:43.836+0000] {logging_mixin.py:190} INFO - [2025-02-04T08:59:43.835+0000] {dagbag.py:588} INFO - Filling up the DagBag from /home/airflow/.local/lib/python3.12/site-packages/airflow/example_dags/example_dataset_alias_with_no_taskflow.py
[2025-02-04T08:59:44.118+0000] {processor.py:925} INFO - DAG(s) 'dataset_s3_bucket_consumer_with_no_taskflow', 'dataset_alias_example_alias_consumer_with_no_taskflow', 'dataset_s3_bucket_producer_with_no_taskflow', 'dataset_alias_example_alias_producer_with_no_taskflow' retrieved from /home/airflow/.local/lib/python3.12/site-packages/airflow/example_dags/example_dataset_alias_with_no_taskflow.py
[2025-02-04T08:59:44.137+0000] {logging_mixin.py:190} INFO - [2025-02-04T08:59:44.137+0000] {dag.py:3239} INFO - Sync 4 DAGs
[2025-02-04T08:59:44.155+0000] {logging_mixin.py:190} INFO - [2025-02-04T08:59:44.155+0000] {dag.py:4180} INFO - Setting next_dagrun for dataset_alias_example_alias_consumer_with_no_taskflow to None, run_after=None
[2025-02-04T08:59:44.157+0000] {logging_mixin.py:190} INFO - [2025-02-04T08:59:44.157+0000] {dag.py:4180} INFO - Setting next_dagrun for dataset_alias_example_alias_producer_with_no_taskflow to None, run_after=None
[2025-02-04T08:59:44.158+0000] {logging_mixin.py:190} INFO - [2025-02-04T08:59:44.158+0000] {dag.py:4180} INFO - Setting next_dagrun for dataset_s3_bucket_consumer_with_no_taskflow to None, run_after=None
[2025-02-04T08:59:44.159+0000] {logging_mixin.py:190} INFO - [2025-02-04T08:59:44.158+0000] {dag.py:4180} INFO - Setting next_dagrun for dataset_s3_bucket_producer_with_no_taskflow to None, run_after=None
[2025-02-04T08:59:44.173+0000] {processor.py:208} INFO - Processing /home/airflow/.local/lib/python3.12/site-packages/airflow/example_dags/example_dataset_alias_with_no_taskflow.py took 0.343 seconds
[2025-02-04T09:00:14.773+0000] {processor.py:186} INFO - Started process (PID=22525) to work on /home/airflow/.local/lib/python3.12/site-packages/airflow/example_dags/example_dataset_alias_with_no_taskflow.py
[2025-02-04T09:00:14.775+0000] {processor.py:914} INFO - Processing file /home/airflow/.local/lib/python3.12/site-packages/airflow/example_dags/example_dataset_alias_with_no_taskflow.py for tasks to queue
[2025-02-04T09:00:14.776+0000] {logging_mixin.py:190} INFO - [2025-02-04T09:00:14.776+0000] {dagbag.py:588} INFO - Filling up the DagBag from /home/airflow/.local/lib/python3.12/site-packages/airflow/example_dags/example_dataset_alias_with_no_taskflow.py
[2025-02-04T09:00:15.014+0000] {processor.py:925} INFO - DAG(s) 'dataset_s3_bucket_consumer_with_no_taskflow', 'dataset_s3_bucket_producer_with_no_taskflow', 'dataset_alias_example_alias_consumer_with_no_taskflow', 'dataset_alias_example_alias_producer_with_no_taskflow' retrieved from /home/airflow/.local/lib/python3.12/site-packages/airflow/example_dags/example_dataset_alias_with_no_taskflow.py
[2025-02-04T09:00:15.028+0000] {logging_mixin.py:190} INFO - [2025-02-04T09:00:15.027+0000] {dag.py:3239} INFO - Sync 4 DAGs
[2025-02-04T09:00:15.184+0000] {logging_mixin.py:190} INFO - [2025-02-04T09:00:15.184+0000] {dag.py:4180} INFO - Setting next_dagrun for dataset_alias_example_alias_consumer_with_no_taskflow to None, run_after=None
[2025-02-04T09:00:15.187+0000] {logging_mixin.py:190} INFO - [2025-02-04T09:00:15.187+0000] {dag.py:4180} INFO - Setting next_dagrun for dataset_alias_example_alias_producer_with_no_taskflow to None, run_after=None
[2025-02-04T09:00:15.188+0000] {logging_mixin.py:190} INFO - [2025-02-04T09:00:15.188+0000] {dag.py:4180} INFO - Setting next_dagrun for dataset_s3_bucket_consumer_with_no_taskflow to None, run_after=None
[2025-02-04T09:00:15.189+0000] {logging_mixin.py:190} INFO - [2025-02-04T09:00:15.189+0000] {dag.py:4180} INFO - Setting next_dagrun for dataset_s3_bucket_producer_with_no_taskflow to None, run_after=None
[2025-02-04T09:00:15.204+0000] {processor.py:208} INFO - Processing /home/airflow/.local/lib/python3.12/site-packages/airflow/example_dags/example_dataset_alias_with_no_taskflow.py took 0.435 seconds
[2025-02-04T09:00:45.787+0000] {processor.py:186} INFO - Started process (PID=22589) to work on /home/airflow/.local/lib/python3.12/site-packages/airflow/example_dags/example_dataset_alias_with_no_taskflow.py
[2025-02-04T09:00:45.788+0000] {processor.py:914} INFO - Processing file /home/airflow/.local/lib/python3.12/site-packages/airflow/example_dags/example_dataset_alias_with_no_taskflow.py for tasks to queue
[2025-02-04T09:00:45.790+0000] {logging_mixin.py:190} INFO - [2025-02-04T09:00:45.790+0000] {dagbag.py:588} INFO - Filling up the DagBag from /home/airflow/.local/lib/python3.12/site-packages/airflow/example_dags/example_dataset_alias_with_no_taskflow.py
[2025-02-04T09:00:46.023+0000] {processor.py:925} INFO - DAG(s) 'dataset_alias_example_alias_consumer_with_no_taskflow', 'dataset_alias_example_alias_producer_with_no_taskflow', 'dataset_s3_bucket_producer_with_no_taskflow', 'dataset_s3_bucket_consumer_with_no_taskflow' retrieved from /home/airflow/.local/lib/python3.12/site-packages/airflow/example_dags/example_dataset_alias_with_no_taskflow.py
[2025-02-04T09:00:46.037+0000] {logging_mixin.py:190} INFO - [2025-02-04T09:00:46.036+0000] {dag.py:3239} INFO - Sync 4 DAGs
[2025-02-04T09:00:46.052+0000] {logging_mixin.py:190} INFO - [2025-02-04T09:00:46.052+0000] {dag.py:4180} INFO - Setting next_dagrun for dataset_alias_example_alias_consumer_with_no_taskflow to None, run_after=None
[2025-02-04T09:00:46.054+0000] {logging_mixin.py:190} INFO - [2025-02-04T09:00:46.054+0000] {dag.py:4180} INFO - Setting next_dagrun for dataset_alias_example_alias_producer_with_no_taskflow to None, run_after=None
[2025-02-04T09:00:46.201+0000] {logging_mixin.py:190} INFO - [2025-02-04T09:00:46.200+0000] {dag.py:4180} INFO - Setting next_dagrun for dataset_s3_bucket_consumer_with_no_taskflow to None, run_after=None
[2025-02-04T09:00:46.202+0000] {logging_mixin.py:190} INFO - [2025-02-04T09:00:46.201+0000] {dag.py:4180} INFO - Setting next_dagrun for dataset_s3_bucket_producer_with_no_taskflow to None, run_after=None
[2025-02-04T09:00:46.218+0000] {processor.py:208} INFO - Processing /home/airflow/.local/lib/python3.12/site-packages/airflow/example_dags/example_dataset_alias_with_no_taskflow.py took 0.434 seconds
[2025-02-04T09:01:16.842+0000] {processor.py:186} INFO - Started process (PID=22654) to work on /home/airflow/.local/lib/python3.12/site-packages/airflow/example_dags/example_dataset_alias_with_no_taskflow.py
[2025-02-04T09:01:16.843+0000] {processor.py:914} INFO - Processing file /home/airflow/.local/lib/python3.12/site-packages/airflow/example_dags/example_dataset_alias_with_no_taskflow.py for tasks to queue
[2025-02-04T09:01:16.844+0000] {logging_mixin.py:190} INFO - [2025-02-04T09:01:16.844+0000] {dagbag.py:588} INFO - Filling up the DagBag from /home/airflow/.local/lib/python3.12/site-packages/airflow/example_dags/example_dataset_alias_with_no_taskflow.py
[2025-02-04T09:01:17.085+0000] {processor.py:925} INFO - DAG(s) 'dataset_alias_example_alias_producer_with_no_taskflow', 'dataset_alias_example_alias_consumer_with_no_taskflow', 'dataset_s3_bucket_consumer_with_no_taskflow', 'dataset_s3_bucket_producer_with_no_taskflow' retrieved from /home/airflow/.local/lib/python3.12/site-packages/airflow/example_dags/example_dataset_alias_with_no_taskflow.py
[2025-02-04T09:01:17.103+0000] {logging_mixin.py:190} INFO - [2025-02-04T09:01:17.102+0000] {dag.py:3239} INFO - Sync 4 DAGs
[2025-02-04T09:01:17.118+0000] {logging_mixin.py:190} INFO - [2025-02-04T09:01:17.118+0000] {dag.py:4180} INFO - Setting next_dagrun for dataset_alias_example_alias_consumer_with_no_taskflow to None, run_after=None
[2025-02-04T09:01:17.120+0000] {logging_mixin.py:190} INFO - [2025-02-04T09:01:17.120+0000] {dag.py:4180} INFO - Setting next_dagrun for dataset_alias_example_alias_producer_with_no_taskflow to None, run_after=None
[2025-02-04T09:01:17.122+0000] {logging_mixin.py:190} INFO - [2025-02-04T09:01:17.122+0000] {dag.py:4180} INFO - Setting next_dagrun for dataset_s3_bucket_consumer_with_no_taskflow to None, run_after=None
[2025-02-04T09:01:17.123+0000] {logging_mixin.py:190} INFO - [2025-02-04T09:01:17.123+0000] {dag.py:4180} INFO - Setting next_dagrun for dataset_s3_bucket_producer_with_no_taskflow to None, run_after=None
[2025-02-04T09:01:17.277+0000] {processor.py:208} INFO - Processing /home/airflow/.local/lib/python3.12/site-packages/airflow/example_dags/example_dataset_alias_with_no_taskflow.py took 0.438 seconds
