[2025-02-04T08:59:42.515+0000] {processor.py:186} INFO - Started process (PID=22453) to work on /home/airflow/.local/lib/python3.12/site-packages/airflow/example_dags/example_latest_only_with_trigger.py
[2025-02-04T08:59:42.516+0000] {processor.py:914} INFO - Processing file /home/airflow/.local/lib/python3.12/site-packages/airflow/example_dags/example_latest_only_with_trigger.py for tasks to queue
[2025-02-04T08:59:42.517+0000] {logging_mixin.py:190} INFO - [2025-02-04T08:59:42.517+0000] {dagbag.py:588} INFO - Filling up the DagBag from /home/airflow/.local/lib/python3.12/site-packages/airflow/example_dags/example_latest_only_with_trigger.py
[2025-02-04T08:59:42.522+0000] {processor.py:925} INFO - DAG(s) 'latest_only_with_trigger' retrieved from /home/airflow/.local/lib/python3.12/site-packages/airflow/example_dags/example_latest_only_with_trigger.py
[2025-02-04T08:59:42.534+0000] {logging_mixin.py:190} INFO - [2025-02-04T08:59:42.534+0000] {dag.py:3239} INFO - Sync 1 DAGs
[2025-02-04T08:59:42.550+0000] {logging_mixin.py:190} INFO - [2025-02-04T08:59:42.550+0000] {dag.py:4180} INFO - Setting next_dagrun for latest_only_with_trigger to 2025-02-04 04:00:00+00:00, run_after=2025-02-04 08:00:00+00:00
[2025-02-04T08:59:42.565+0000] {processor.py:208} INFO - Processing /home/airflow/.local/lib/python3.12/site-packages/airflow/example_dags/example_latest_only_with_trigger.py took 0.054 seconds
[2025-02-04T09:00:13.487+0000] {processor.py:186} INFO - Started process (PID=22517) to work on /home/airflow/.local/lib/python3.12/site-packages/airflow/example_dags/example_latest_only_with_trigger.py
[2025-02-04T09:00:13.488+0000] {processor.py:914} INFO - Processing file /home/airflow/.local/lib/python3.12/site-packages/airflow/example_dags/example_latest_only_with_trigger.py for tasks to queue
[2025-02-04T09:00:13.489+0000] {logging_mixin.py:190} INFO - [2025-02-04T09:00:13.489+0000] {dagbag.py:588} INFO - Filling up the DagBag from /home/airflow/.local/lib/python3.12/site-packages/airflow/example_dags/example_latest_only_with_trigger.py
[2025-02-04T09:00:13.494+0000] {processor.py:925} INFO - DAG(s) 'latest_only_with_trigger' retrieved from /home/airflow/.local/lib/python3.12/site-packages/airflow/example_dags/example_latest_only_with_trigger.py
[2025-02-04T09:00:13.507+0000] {logging_mixin.py:190} INFO - [2025-02-04T09:00:13.506+0000] {dag.py:3239} INFO - Sync 1 DAGs
[2025-02-04T09:00:13.521+0000] {logging_mixin.py:190} INFO - [2025-02-04T09:00:13.521+0000] {dag.py:4180} INFO - Setting next_dagrun for latest_only_with_trigger to 2025-02-04 04:00:00+00:00, run_after=2025-02-04 08:00:00+00:00
[2025-02-04T09:00:13.532+0000] {processor.py:208} INFO - Processing /home/airflow/.local/lib/python3.12/site-packages/airflow/example_dags/example_latest_only_with_trigger.py took 0.048 seconds
[2025-02-04T09:00:44.500+0000] {processor.py:186} INFO - Started process (PID=22581) to work on /home/airflow/.local/lib/python3.12/site-packages/airflow/example_dags/example_latest_only_with_trigger.py
[2025-02-04T09:00:44.501+0000] {processor.py:914} INFO - Processing file /home/airflow/.local/lib/python3.12/site-packages/airflow/example_dags/example_latest_only_with_trigger.py for tasks to queue
[2025-02-04T09:00:44.502+0000] {logging_mixin.py:190} INFO - [2025-02-04T09:00:44.502+0000] {dagbag.py:588} INFO - Filling up the DagBag from /home/airflow/.local/lib/python3.12/site-packages/airflow/example_dags/example_latest_only_with_trigger.py
[2025-02-04T09:00:44.507+0000] {processor.py:925} INFO - DAG(s) 'latest_only_with_trigger' retrieved from /home/airflow/.local/lib/python3.12/site-packages/airflow/example_dags/example_latest_only_with_trigger.py
[2025-02-04T09:00:44.520+0000] {logging_mixin.py:190} INFO - [2025-02-04T09:00:44.520+0000] {dag.py:3239} INFO - Sync 1 DAGs
[2025-02-04T09:00:44.538+0000] {logging_mixin.py:190} INFO - [2025-02-04T09:00:44.538+0000] {dag.py:4180} INFO - Setting next_dagrun for latest_only_with_trigger to 2025-02-04 04:00:00+00:00, run_after=2025-02-04 08:00:00+00:00
[2025-02-04T09:00:44.550+0000] {processor.py:208} INFO - Processing /home/airflow/.local/lib/python3.12/site-packages/airflow/example_dags/example_latest_only_with_trigger.py took 0.054 seconds
[2025-02-04T09:01:15.549+0000] {processor.py:186} INFO - Started process (PID=22645) to work on /home/airflow/.local/lib/python3.12/site-packages/airflow/example_dags/example_latest_only_with_trigger.py
[2025-02-04T09:01:15.550+0000] {processor.py:914} INFO - Processing file /home/airflow/.local/lib/python3.12/site-packages/airflow/example_dags/example_latest_only_with_trigger.py for tasks to queue
[2025-02-04T09:01:15.551+0000] {logging_mixin.py:190} INFO - [2025-02-04T09:01:15.551+0000] {dagbag.py:588} INFO - Filling up the DagBag from /home/airflow/.local/lib/python3.12/site-packages/airflow/example_dags/example_latest_only_with_trigger.py
[2025-02-04T09:01:15.556+0000] {processor.py:925} INFO - DAG(s) 'latest_only_with_trigger' retrieved from /home/airflow/.local/lib/python3.12/site-packages/airflow/example_dags/example_latest_only_with_trigger.py
[2025-02-04T09:01:15.568+0000] {logging_mixin.py:190} INFO - [2025-02-04T09:01:15.567+0000] {dag.py:3239} INFO - Sync 1 DAGs
[2025-02-04T09:01:15.582+0000] {logging_mixin.py:190} INFO - [2025-02-04T09:01:15.582+0000] {dag.py:4180} INFO - Setting next_dagrun for latest_only_with_trigger to 2025-02-04 04:00:00+00:00, run_after=2025-02-04 08:00:00+00:00
[2025-02-04T09:01:15.593+0000] {processor.py:208} INFO - Processing /home/airflow/.local/lib/python3.12/site-packages/airflow/example_dags/example_latest_only_with_trigger.py took 0.048 seconds
[2025-02-04T09:01:46.366+0000] {processor.py:186} INFO - Started process (PID=22709) to work on /home/airflow/.local/lib/python3.12/site-packages/airflow/example_dags/example_latest_only_with_trigger.py
[2025-02-04T09:01:46.367+0000] {processor.py:914} INFO - Processing file /home/airflow/.local/lib/python3.12/site-packages/airflow/example_dags/example_latest_only_with_trigger.py for tasks to queue
[2025-02-04T09:01:46.369+0000] {logging_mixin.py:190} INFO - [2025-02-04T09:01:46.368+0000] {dagbag.py:588} INFO - Filling up the DagBag from /home/airflow/.local/lib/python3.12/site-packages/airflow/example_dags/example_latest_only_with_trigger.py
[2025-02-04T09:01:46.374+0000] {processor.py:925} INFO - DAG(s) 'latest_only_with_trigger' retrieved from /home/airflow/.local/lib/python3.12/site-packages/airflow/example_dags/example_latest_only_with_trigger.py
[2025-02-04T09:01:46.387+0000] {logging_mixin.py:190} INFO - [2025-02-04T09:01:46.387+0000] {dag.py:3239} INFO - Sync 1 DAGs
[2025-02-04T09:01:46.402+0000] {logging_mixin.py:190} INFO - [2025-02-04T09:01:46.402+0000] {dag.py:4180} INFO - Setting next_dagrun for latest_only_with_trigger to 2025-02-04 04:00:00+00:00, run_after=2025-02-04 08:00:00+00:00
[2025-02-04T09:01:46.415+0000] {processor.py:208} INFO - Processing /home/airflow/.local/lib/python3.12/site-packages/airflow/example_dags/example_latest_only_with_trigger.py took 0.053 seconds
[2025-02-04T09:02:17.491+0000] {processor.py:186} INFO - Started process (PID=22773) to work on /home/airflow/.local/lib/python3.12/site-packages/airflow/example_dags/example_latest_only_with_trigger.py
[2025-02-04T09:02:17.492+0000] {processor.py:914} INFO - Processing file /home/airflow/.local/lib/python3.12/site-packages/airflow/example_dags/example_latest_only_with_trigger.py for tasks to queue
[2025-02-04T09:02:17.493+0000] {logging_mixin.py:190} INFO - [2025-02-04T09:02:17.493+0000] {dagbag.py:588} INFO - Filling up the DagBag from /home/airflow/.local/lib/python3.12/site-packages/airflow/example_dags/example_latest_only_with_trigger.py
[2025-02-04T09:02:17.500+0000] {processor.py:925} INFO - DAG(s) 'latest_only_with_trigger' retrieved from /home/airflow/.local/lib/python3.12/site-packages/airflow/example_dags/example_latest_only_with_trigger.py
[2025-02-04T09:02:17.514+0000] {logging_mixin.py:190} INFO - [2025-02-04T09:02:17.513+0000] {dag.py:3239} INFO - Sync 1 DAGs
[2025-02-04T09:02:17.530+0000] {logging_mixin.py:190} INFO - [2025-02-04T09:02:17.529+0000] {dag.py:4180} INFO - Setting next_dagrun for latest_only_with_trigger to 2025-02-04 04:00:00+00:00, run_after=2025-02-04 08:00:00+00:00
[2025-02-04T09:02:17.542+0000] {processor.py:208} INFO - Processing /home/airflow/.local/lib/python3.12/site-packages/airflow/example_dags/example_latest_only_with_trigger.py took 0.055 seconds
[2025-02-04T09:02:48.627+0000] {processor.py:186} INFO - Started process (PID=22838) to work on /home/airflow/.local/lib/python3.12/site-packages/airflow/example_dags/example_latest_only_with_trigger.py
[2025-02-04T09:02:48.628+0000] {processor.py:914} INFO - Processing file /home/airflow/.local/lib/python3.12/site-packages/airflow/example_dags/example_latest_only_with_trigger.py for tasks to queue
[2025-02-04T09:02:48.630+0000] {logging_mixin.py:190} INFO - [2025-02-04T09:02:48.629+0000] {dagbag.py:588} INFO - Filling up the DagBag from /home/airflow/.local/lib/python3.12/site-packages/airflow/example_dags/example_latest_only_with_trigger.py
[2025-02-04T09:02:48.635+0000] {processor.py:925} INFO - DAG(s) 'latest_only_with_trigger' retrieved from /home/airflow/.local/lib/python3.12/site-packages/airflow/example_dags/example_latest_only_with_trigger.py
[2025-02-04T09:02:48.648+0000] {logging_mixin.py:190} INFO - [2025-02-04T09:02:48.648+0000] {dag.py:3239} INFO - Sync 1 DAGs
[2025-02-04T09:02:48.663+0000] {logging_mixin.py:190} INFO - [2025-02-04T09:02:48.663+0000] {dag.py:4180} INFO - Setting next_dagrun for latest_only_with_trigger to 2025-02-04 04:00:00+00:00, run_after=2025-02-04 08:00:00+00:00
[2025-02-04T09:02:48.674+0000] {processor.py:208} INFO - Processing /home/airflow/.local/lib/python3.12/site-packages/airflow/example_dags/example_latest_only_with_trigger.py took 0.050 seconds
