[2025-02-04T08:59:42.612+0000] {processor.py:186} INFO - Started process (PID=22456) to work on /home/airflow/.local/lib/python3.12/site-packages/airflow/example_dags/example_xcomargs.py
[2025-02-04T08:59:42.612+0000] {processor.py:914} INFO - Processing file /home/airflow/.local/lib/python3.12/site-packages/airflow/example_dags/example_xcomargs.py for tasks to queue
[2025-02-04T08:59:42.614+0000] {logging_mixin.py:190} INFO - [2025-02-04T08:59:42.614+0000] {dagbag.py:588} INFO - Filling up the DagBag from /home/airflow/.local/lib/python3.12/site-packages/airflow/example_dags/example_xcomargs.py
[2025-02-04T08:59:42.622+0000] {processor.py:925} INFO - DAG(s) 'example_xcom_args_with_operators', 'example_xcom_args' retrieved from /home/airflow/.local/lib/python3.12/site-packages/airflow/example_dags/example_xcomargs.py
[2025-02-04T08:59:42.642+0000] {logging_mixin.py:190} INFO - [2025-02-04T08:59:42.641+0000] {dag.py:3239} INFO - Sync 2 DAGs
[2025-02-04T08:59:42.656+0000] {logging_mixin.py:190} INFO - [2025-02-04T08:59:42.656+0000] {dag.py:4180} INFO - Setting next_dagrun for example_xcom_args to None, run_after=None
[2025-02-04T08:59:42.659+0000] {logging_mixin.py:190} INFO - [2025-02-04T08:59:42.659+0000] {dag.py:4180} INFO - Setting next_dagrun for example_xcom_args_with_operators to None, run_after=None
[2025-02-04T08:59:42.672+0000] {processor.py:208} INFO - Processing /home/airflow/.local/lib/python3.12/site-packages/airflow/example_dags/example_xcomargs.py took 0.064 seconds
[2025-02-04T09:00:13.589+0000] {processor.py:186} INFO - Started process (PID=22520) to work on /home/airflow/.local/lib/python3.12/site-packages/airflow/example_dags/example_xcomargs.py
[2025-02-04T09:00:13.590+0000] {processor.py:914} INFO - Processing file /home/airflow/.local/lib/python3.12/site-packages/airflow/example_dags/example_xcomargs.py for tasks to queue
[2025-02-04T09:00:13.592+0000] {logging_mixin.py:190} INFO - [2025-02-04T09:00:13.591+0000] {dagbag.py:588} INFO - Filling up the DagBag from /home/airflow/.local/lib/python3.12/site-packages/airflow/example_dags/example_xcomargs.py
[2025-02-04T09:00:13.598+0000] {processor.py:925} INFO - DAG(s) 'example_xcom_args_with_operators', 'example_xcom_args' retrieved from /home/airflow/.local/lib/python3.12/site-packages/airflow/example_dags/example_xcomargs.py
[2025-02-04T09:00:13.611+0000] {logging_mixin.py:190} INFO - [2025-02-04T09:00:13.611+0000] {dag.py:3239} INFO - Sync 2 DAGs
[2025-02-04T09:00:13.620+0000] {logging_mixin.py:190} INFO - [2025-02-04T09:00:13.620+0000] {dag.py:4180} INFO - Setting next_dagrun for example_xcom_args to None, run_after=None
[2025-02-04T09:00:13.623+0000] {logging_mixin.py:190} INFO - [2025-02-04T09:00:13.622+0000] {dag.py:4180} INFO - Setting next_dagrun for example_xcom_args_with_operators to None, run_after=None
[2025-02-04T09:00:13.633+0000] {processor.py:208} INFO - Processing /home/airflow/.local/lib/python3.12/site-packages/airflow/example_dags/example_xcomargs.py took 0.048 seconds
[2025-02-04T09:00:44.604+0000] {processor.py:186} INFO - Started process (PID=22584) to work on /home/airflow/.local/lib/python3.12/site-packages/airflow/example_dags/example_xcomargs.py
[2025-02-04T09:00:44.605+0000] {processor.py:914} INFO - Processing file /home/airflow/.local/lib/python3.12/site-packages/airflow/example_dags/example_xcomargs.py for tasks to queue
[2025-02-04T09:00:44.606+0000] {logging_mixin.py:190} INFO - [2025-02-04T09:00:44.606+0000] {dagbag.py:588} INFO - Filling up the DagBag from /home/airflow/.local/lib/python3.12/site-packages/airflow/example_dags/example_xcomargs.py
[2025-02-04T09:00:44.613+0000] {processor.py:925} INFO - DAG(s) 'example_xcom_args_with_operators', 'example_xcom_args' retrieved from /home/airflow/.local/lib/python3.12/site-packages/airflow/example_dags/example_xcomargs.py
[2025-02-04T09:00:44.628+0000] {logging_mixin.py:190} INFO - [2025-02-04T09:00:44.628+0000] {dag.py:3239} INFO - Sync 2 DAGs
[2025-02-04T09:00:44.638+0000] {logging_mixin.py:190} INFO - [2025-02-04T09:00:44.638+0000] {dag.py:4180} INFO - Setting next_dagrun for example_xcom_args to None, run_after=None
[2025-02-04T09:00:44.640+0000] {logging_mixin.py:190} INFO - [2025-02-04T09:00:44.640+0000] {dag.py:4180} INFO - Setting next_dagrun for example_xcom_args_with_operators to None, run_after=None
[2025-02-04T09:00:44.650+0000] {processor.py:208} INFO - Processing /home/airflow/.local/lib/python3.12/site-packages/airflow/example_dags/example_xcomargs.py took 0.050 seconds
[2025-02-04T09:01:15.627+0000] {processor.py:186} INFO - Started process (PID=22648) to work on /home/airflow/.local/lib/python3.12/site-packages/airflow/example_dags/example_xcomargs.py
[2025-02-04T09:01:15.627+0000] {processor.py:914} INFO - Processing file /home/airflow/.local/lib/python3.12/site-packages/airflow/example_dags/example_xcomargs.py for tasks to queue
[2025-02-04T09:01:15.629+0000] {logging_mixin.py:190} INFO - [2025-02-04T09:01:15.628+0000] {dagbag.py:588} INFO - Filling up the DagBag from /home/airflow/.local/lib/python3.12/site-packages/airflow/example_dags/example_xcomargs.py
[2025-02-04T09:01:15.635+0000] {processor.py:925} INFO - DAG(s) 'example_xcom_args_with_operators', 'example_xcom_args' retrieved from /home/airflow/.local/lib/python3.12/site-packages/airflow/example_dags/example_xcomargs.py
[2025-02-04T09:01:15.651+0000] {logging_mixin.py:190} INFO - [2025-02-04T09:01:15.651+0000] {dag.py:3239} INFO - Sync 2 DAGs
[2025-02-04T09:01:15.660+0000] {logging_mixin.py:190} INFO - [2025-02-04T09:01:15.660+0000] {dag.py:4180} INFO - Setting next_dagrun for example_xcom_args to None, run_after=None
[2025-02-04T09:01:15.663+0000] {logging_mixin.py:190} INFO - [2025-02-04T09:01:15.663+0000] {dag.py:4180} INFO - Setting next_dagrun for example_xcom_args_with_operators to None, run_after=None
[2025-02-04T09:01:15.673+0000] {processor.py:208} INFO - Processing /home/airflow/.local/lib/python3.12/site-packages/airflow/example_dags/example_xcomargs.py took 0.050 seconds
[2025-02-04T09:01:46.465+0000] {processor.py:186} INFO - Started process (PID=22712) to work on /home/airflow/.local/lib/python3.12/site-packages/airflow/example_dags/example_xcomargs.py
[2025-02-04T09:01:46.467+0000] {processor.py:914} INFO - Processing file /home/airflow/.local/lib/python3.12/site-packages/airflow/example_dags/example_xcomargs.py for tasks to queue
[2025-02-04T09:01:46.468+0000] {logging_mixin.py:190} INFO - [2025-02-04T09:01:46.468+0000] {dagbag.py:588} INFO - Filling up the DagBag from /home/airflow/.local/lib/python3.12/site-packages/airflow/example_dags/example_xcomargs.py
[2025-02-04T09:01:46.475+0000] {processor.py:925} INFO - DAG(s) 'example_xcom_args', 'example_xcom_args_with_operators' retrieved from /home/airflow/.local/lib/python3.12/site-packages/airflow/example_dags/example_xcomargs.py
[2025-02-04T09:01:46.489+0000] {logging_mixin.py:190} INFO - [2025-02-04T09:01:46.489+0000] {dag.py:3239} INFO - Sync 2 DAGs
[2025-02-04T09:01:46.499+0000] {logging_mixin.py:190} INFO - [2025-02-04T09:01:46.499+0000] {dag.py:4180} INFO - Setting next_dagrun for example_xcom_args to None, run_after=None
[2025-02-04T09:01:46.502+0000] {logging_mixin.py:190} INFO - [2025-02-04T09:01:46.502+0000] {dag.py:4180} INFO - Setting next_dagrun for example_xcom_args_with_operators to None, run_after=None
[2025-02-04T09:01:46.512+0000] {processor.py:208} INFO - Processing /home/airflow/.local/lib/python3.12/site-packages/airflow/example_dags/example_xcomargs.py took 0.051 seconds
[2025-02-04T09:02:17.595+0000] {processor.py:186} INFO - Started process (PID=22776) to work on /home/airflow/.local/lib/python3.12/site-packages/airflow/example_dags/example_xcomargs.py
[2025-02-04T09:02:17.595+0000] {processor.py:914} INFO - Processing file /home/airflow/.local/lib/python3.12/site-packages/airflow/example_dags/example_xcomargs.py for tasks to queue
[2025-02-04T09:02:17.597+0000] {logging_mixin.py:190} INFO - [2025-02-04T09:02:17.597+0000] {dagbag.py:588} INFO - Filling up the DagBag from /home/airflow/.local/lib/python3.12/site-packages/airflow/example_dags/example_xcomargs.py
[2025-02-04T09:02:17.603+0000] {processor.py:925} INFO - DAG(s) 'example_xcom_args_with_operators', 'example_xcom_args' retrieved from /home/airflow/.local/lib/python3.12/site-packages/airflow/example_dags/example_xcomargs.py
[2025-02-04T09:02:17.619+0000] {logging_mixin.py:190} INFO - [2025-02-04T09:02:17.619+0000] {dag.py:3239} INFO - Sync 2 DAGs
[2025-02-04T09:02:17.628+0000] {logging_mixin.py:190} INFO - [2025-02-04T09:02:17.628+0000] {dag.py:4180} INFO - Setting next_dagrun for example_xcom_args to None, run_after=None
[2025-02-04T09:02:17.631+0000] {logging_mixin.py:190} INFO - [2025-02-04T09:02:17.631+0000] {dag.py:4180} INFO - Setting next_dagrun for example_xcom_args_with_operators to None, run_after=None
[2025-02-04T09:02:17.640+0000] {processor.py:208} INFO - Processing /home/airflow/.local/lib/python3.12/site-packages/airflow/example_dags/example_xcomargs.py took 0.050 seconds
[2025-02-04T09:02:48.727+0000] {processor.py:186} INFO - Started process (PID=22841) to work on /home/airflow/.local/lib/python3.12/site-packages/airflow/example_dags/example_xcomargs.py
[2025-02-04T09:02:48.727+0000] {processor.py:914} INFO - Processing file /home/airflow/.local/lib/python3.12/site-packages/airflow/example_dags/example_xcomargs.py for tasks to queue
[2025-02-04T09:02:48.729+0000] {logging_mixin.py:190} INFO - [2025-02-04T09:02:48.728+0000] {dagbag.py:588} INFO - Filling up the DagBag from /home/airflow/.local/lib/python3.12/site-packages/airflow/example_dags/example_xcomargs.py
[2025-02-04T09:02:48.735+0000] {processor.py:925} INFO - DAG(s) 'example_xcom_args', 'example_xcom_args_with_operators' retrieved from /home/airflow/.local/lib/python3.12/site-packages/airflow/example_dags/example_xcomargs.py
[2025-02-04T09:02:48.749+0000] {logging_mixin.py:190} INFO - [2025-02-04T09:02:48.749+0000] {dag.py:3239} INFO - Sync 2 DAGs
[2025-02-04T09:02:48.759+0000] {logging_mixin.py:190} INFO - [2025-02-04T09:02:48.759+0000] {dag.py:4180} INFO - Setting next_dagrun for example_xcom_args to None, run_after=None
[2025-02-04T09:02:48.762+0000] {logging_mixin.py:190} INFO - [2025-02-04T09:02:48.762+0000] {dag.py:4180} INFO - Setting next_dagrun for example_xcom_args_with_operators to None, run_after=None
[2025-02-04T09:02:48.772+0000] {processor.py:208} INFO - Processing /home/airflow/.local/lib/python3.12/site-packages/airflow/example_dags/example_xcomargs.py took 0.049 seconds
