[2025-02-04T09:00:02.234+0000] {processor.py:186} INFO - Started process (PID=22490) to work on /home/airflow/.local/lib/python3.12/site-packages/airflow/example_dags/example_dag_decorator.py
[2025-02-04T09:00:02.235+0000] {processor.py:914} INFO - Processing file /home/airflow/.local/lib/python3.12/site-packages/airflow/example_dags/example_dag_decorator.py for tasks to queue
[2025-02-04T09:00:02.236+0000] {logging_mixin.py:190} INFO - [2025-02-04T09:00:02.236+0000] {dagbag.py:588} INFO - Filling up the DagBag from /home/airflow/.local/lib/python3.12/site-packages/airflow/example_dags/example_dag_decorator.py
[2025-02-04T09:00:02.244+0000] {processor.py:925} INFO - DAG(s) 'example_dag_decorator' retrieved from /home/airflow/.local/lib/python3.12/site-packages/airflow/example_dags/example_dag_decorator.py
[2025-02-04T09:00:02.315+0000] {logging_mixin.py:190} INFO - [2025-02-04T09:00:02.315+0000] {dag.py:3239} INFO - Sync 1 DAGs
[2025-02-04T09:00:02.324+0000] {logging_mixin.py:190} INFO - [2025-02-04T09:00:02.324+0000] {dag.py:4180} INFO - Setting next_dagrun for example_dag_decorator to None, run_after=None
[2025-02-04T09:00:02.340+0000] {processor.py:208} INFO - Processing /home/airflow/.local/lib/python3.12/site-packages/airflow/example_dags/example_dag_decorator.py took 0.110 seconds
[2025-02-04T09:00:32.448+0000] {processor.py:186} INFO - Started process (PID=22554) to work on /home/airflow/.local/lib/python3.12/site-packages/airflow/example_dags/example_dag_decorator.py
[2025-02-04T09:00:32.449+0000] {processor.py:914} INFO - Processing file /home/airflow/.local/lib/python3.12/site-packages/airflow/example_dags/example_dag_decorator.py for tasks to queue
[2025-02-04T09:00:32.450+0000] {logging_mixin.py:190} INFO - [2025-02-04T09:00:32.450+0000] {dagbag.py:588} INFO - Filling up the DagBag from /home/airflow/.local/lib/python3.12/site-packages/airflow/example_dags/example_dag_decorator.py
[2025-02-04T09:00:32.459+0000] {processor.py:925} INFO - DAG(s) 'example_dag_decorator' retrieved from /home/airflow/.local/lib/python3.12/site-packages/airflow/example_dags/example_dag_decorator.py
[2025-02-04T09:00:32.531+0000] {logging_mixin.py:190} INFO - [2025-02-04T09:00:32.530+0000] {dag.py:3239} INFO - Sync 1 DAGs
[2025-02-04T09:00:32.541+0000] {logging_mixin.py:190} INFO - [2025-02-04T09:00:32.541+0000] {dag.py:4180} INFO - Setting next_dagrun for example_dag_decorator to None, run_after=None
[2025-02-04T09:00:32.554+0000] {processor.py:208} INFO - Processing /home/airflow/.local/lib/python3.12/site-packages/airflow/example_dags/example_dag_decorator.py took 0.110 seconds
[2025-02-04T09:01:02.611+0000] {processor.py:186} INFO - Started process (PID=22619) to work on /home/airflow/.local/lib/python3.12/site-packages/airflow/example_dags/example_dag_decorator.py
[2025-02-04T09:01:02.612+0000] {processor.py:914} INFO - Processing file /home/airflow/.local/lib/python3.12/site-packages/airflow/example_dags/example_dag_decorator.py for tasks to queue
[2025-02-04T09:01:02.614+0000] {logging_mixin.py:190} INFO - [2025-02-04T09:01:02.613+0000] {dagbag.py:588} INFO - Filling up the DagBag from /home/airflow/.local/lib/python3.12/site-packages/airflow/example_dags/example_dag_decorator.py
[2025-02-04T09:01:02.621+0000] {processor.py:925} INFO - DAG(s) 'example_dag_decorator' retrieved from /home/airflow/.local/lib/python3.12/site-packages/airflow/example_dags/example_dag_decorator.py
[2025-02-04T09:01:02.690+0000] {logging_mixin.py:190} INFO - [2025-02-04T09:01:02.690+0000] {dag.py:3239} INFO - Sync 1 DAGs
[2025-02-04T09:01:02.698+0000] {logging_mixin.py:190} INFO - [2025-02-04T09:01:02.698+0000] {dag.py:4180} INFO - Setting next_dagrun for example_dag_decorator to None, run_after=None
[2025-02-04T09:01:02.708+0000] {processor.py:208} INFO - Processing /home/airflow/.local/lib/python3.12/site-packages/airflow/example_dags/example_dag_decorator.py took 0.100 seconds
