[2025-02-04T09:00:01.172+0000] {processor.py:186} INFO - Started process (PID=22489) to work on /home/airflow/.local/lib/python3.12/site-packages/airflow/example_dags/example_setup_teardown.py
[2025-02-04T09:00:01.173+0000] {processor.py:914} INFO - Processing file /home/airflow/.local/lib/python3.12/site-packages/airflow/example_dags/example_setup_teardown.py for tasks to queue
[2025-02-04T09:00:01.174+0000] {logging_mixin.py:190} INFO - [2025-02-04T09:00:01.174+0000] {dagbag.py:588} INFO - Filling up the DagBag from /home/airflow/.local/lib/python3.12/site-packages/airflow/example_dags/example_setup_teardown.py
[2025-02-04T09:00:01.180+0000] {processor.py:925} INFO - DAG(s) 'example_setup_teardown' retrieved from /home/airflow/.local/lib/python3.12/site-packages/airflow/example_dags/example_setup_teardown.py
[2025-02-04T09:00:01.199+0000] {logging_mixin.py:190} INFO - [2025-02-04T09:00:01.198+0000] {dag.py:3239} INFO - Sync 1 DAGs
[2025-02-04T09:00:01.209+0000] {logging_mixin.py:190} INFO - [2025-02-04T09:00:01.209+0000] {dag.py:4180} INFO - Setting next_dagrun for example_setup_teardown to None, run_after=None
[2025-02-04T09:00:01.221+0000] {processor.py:208} INFO - Processing /home/airflow/.local/lib/python3.12/site-packages/airflow/example_dags/example_setup_teardown.py took 0.053 seconds
[2025-02-04T09:00:31.389+0000] {processor.py:186} INFO - Started process (PID=22553) to work on /home/airflow/.local/lib/python3.12/site-packages/airflow/example_dags/example_setup_teardown.py
[2025-02-04T09:00:31.390+0000] {processor.py:914} INFO - Processing file /home/airflow/.local/lib/python3.12/site-packages/airflow/example_dags/example_setup_teardown.py for tasks to queue
[2025-02-04T09:00:31.391+0000] {logging_mixin.py:190} INFO - [2025-02-04T09:00:31.391+0000] {dagbag.py:588} INFO - Filling up the DagBag from /home/airflow/.local/lib/python3.12/site-packages/airflow/example_dags/example_setup_teardown.py
[2025-02-04T09:00:31.397+0000] {processor.py:925} INFO - DAG(s) 'example_setup_teardown' retrieved from /home/airflow/.local/lib/python3.12/site-packages/airflow/example_dags/example_setup_teardown.py
[2025-02-04T09:00:31.410+0000] {logging_mixin.py:190} INFO - [2025-02-04T09:00:31.409+0000] {dag.py:3239} INFO - Sync 1 DAGs
[2025-02-04T09:00:31.418+0000] {logging_mixin.py:190} INFO - [2025-02-04T09:00:31.418+0000] {dag.py:4180} INFO - Setting next_dagrun for example_setup_teardown to None, run_after=None
[2025-02-04T09:00:31.428+0000] {processor.py:208} INFO - Processing /home/airflow/.local/lib/python3.12/site-packages/airflow/example_dags/example_setup_teardown.py took 0.043 seconds
[2025-02-04T09:01:01.494+0000] {processor.py:186} INFO - Started process (PID=22617) to work on /home/airflow/.local/lib/python3.12/site-packages/airflow/example_dags/example_setup_teardown.py
[2025-02-04T09:01:01.495+0000] {processor.py:914} INFO - Processing file /home/airflow/.local/lib/python3.12/site-packages/airflow/example_dags/example_setup_teardown.py for tasks to queue
[2025-02-04T09:01:01.496+0000] {logging_mixin.py:190} INFO - [2025-02-04T09:01:01.496+0000] {dagbag.py:588} INFO - Filling up the DagBag from /home/airflow/.local/lib/python3.12/site-packages/airflow/example_dags/example_setup_teardown.py
[2025-02-04T09:01:01.502+0000] {processor.py:925} INFO - DAG(s) 'example_setup_teardown' retrieved from /home/airflow/.local/lib/python3.12/site-packages/airflow/example_dags/example_setup_teardown.py
[2025-02-04T09:01:01.514+0000] {logging_mixin.py:190} INFO - [2025-02-04T09:01:01.514+0000] {dag.py:3239} INFO - Sync 1 DAGs
[2025-02-04T09:01:01.522+0000] {logging_mixin.py:190} INFO - [2025-02-04T09:01:01.522+0000] {dag.py:4180} INFO - Setting next_dagrun for example_setup_teardown to None, run_after=None
[2025-02-04T09:01:01.533+0000] {processor.py:208} INFO - Processing /home/airflow/.local/lib/python3.12/site-packages/airflow/example_dags/example_setup_teardown.py took 0.042 seconds
