[2025-02-04T08:59:44.385+0000] {processor.py:186} INFO - Started process (PID=22468) to work on /home/airflow/.local/lib/python3.12/site-packages/airflow/example_dags/example_branch_python_dop_operator_3.py
[2025-02-04T08:59:44.385+0000] {processor.py:914} INFO - Processing file /home/airflow/.local/lib/python3.12/site-packages/airflow/example_dags/example_branch_python_dop_operator_3.py for tasks to queue
[2025-02-04T08:59:44.387+0000] {logging_mixin.py:190} INFO - [2025-02-04T08:59:44.387+0000] {dagbag.py:588} INFO - Filling up the DagBag from /home/airflow/.local/lib/python3.12/site-packages/airflow/example_dags/example_branch_python_dop_operator_3.py
[2025-02-04T08:59:44.394+0000] {processor.py:925} INFO - DAG(s) 'example_branch_dop_operator_v3' retrieved from /home/airflow/.local/lib/python3.12/site-packages/airflow/example_dags/example_branch_python_dop_operator_3.py
[2025-02-04T08:59:44.408+0000] {logging_mixin.py:190} INFO - [2025-02-04T08:59:44.408+0000] {dag.py:3239} INFO - Sync 1 DAGs
[2025-02-04T08:59:44.426+0000] {logging_mixin.py:190} INFO - [2025-02-04T08:59:44.426+0000] {dag.py:4180} INFO - Setting next_dagrun for example_branch_dop_operator_v3 to 2025-02-04 08:58:00+00:00, run_after=2025-02-04 08:59:00+00:00
[2025-02-04T08:59:44.437+0000] {processor.py:208} INFO - Processing /home/airflow/.local/lib/python3.12/site-packages/airflow/example_dags/example_branch_python_dop_operator_3.py took 0.057 seconds
[2025-02-04T09:00:15.346+0000] {processor.py:186} INFO - Started process (PID=22532) to work on /home/airflow/.local/lib/python3.12/site-packages/airflow/example_dags/example_branch_python_dop_operator_3.py
[2025-02-04T09:00:15.347+0000] {processor.py:914} INFO - Processing file /home/airflow/.local/lib/python3.12/site-packages/airflow/example_dags/example_branch_python_dop_operator_3.py for tasks to queue
[2025-02-04T09:00:15.349+0000] {logging_mixin.py:190} INFO - [2025-02-04T09:00:15.349+0000] {dagbag.py:588} INFO - Filling up the DagBag from /home/airflow/.local/lib/python3.12/site-packages/airflow/example_dags/example_branch_python_dop_operator_3.py
[2025-02-04T09:00:15.356+0000] {processor.py:925} INFO - DAG(s) 'example_branch_dop_operator_v3' retrieved from /home/airflow/.local/lib/python3.12/site-packages/airflow/example_dags/example_branch_python_dop_operator_3.py
[2025-02-04T09:00:15.370+0000] {logging_mixin.py:190} INFO - [2025-02-04T09:00:15.370+0000] {dag.py:3239} INFO - Sync 1 DAGs
[2025-02-04T09:00:15.389+0000] {logging_mixin.py:190} INFO - [2025-02-04T09:00:15.389+0000] {dag.py:4180} INFO - Setting next_dagrun for example_branch_dop_operator_v3 to 2025-02-04 08:59:00+00:00, run_after=2025-02-04 09:00:00+00:00
[2025-02-04T09:00:15.401+0000] {processor.py:208} INFO - Processing /home/airflow/.local/lib/python3.12/site-packages/airflow/example_dags/example_branch_python_dop_operator_3.py took 0.059 seconds
[2025-02-04T09:00:46.420+0000] {processor.py:186} INFO - Started process (PID=22596) to work on /home/airflow/.local/lib/python3.12/site-packages/airflow/example_dags/example_branch_python_dop_operator_3.py
[2025-02-04T09:00:46.420+0000] {processor.py:914} INFO - Processing file /home/airflow/.local/lib/python3.12/site-packages/airflow/example_dags/example_branch_python_dop_operator_3.py for tasks to queue
[2025-02-04T09:00:46.421+0000] {logging_mixin.py:190} INFO - [2025-02-04T09:00:46.421+0000] {dagbag.py:588} INFO - Filling up the DagBag from /home/airflow/.local/lib/python3.12/site-packages/airflow/example_dags/example_branch_python_dop_operator_3.py
[2025-02-04T09:00:46.428+0000] {processor.py:925} INFO - DAG(s) 'example_branch_dop_operator_v3' retrieved from /home/airflow/.local/lib/python3.12/site-packages/airflow/example_dags/example_branch_python_dop_operator_3.py
[2025-02-04T09:00:46.440+0000] {logging_mixin.py:190} INFO - [2025-02-04T09:00:46.439+0000] {dag.py:3239} INFO - Sync 1 DAGs
[2025-02-04T09:00:46.457+0000] {logging_mixin.py:190} INFO - [2025-02-04T09:00:46.457+0000] {dag.py:4180} INFO - Setting next_dagrun for example_branch_dop_operator_v3 to 2025-02-04 08:59:00+00:00, run_after=2025-02-04 09:00:00+00:00
[2025-02-04T09:00:46.468+0000] {processor.py:208} INFO - Processing /home/airflow/.local/lib/python3.12/site-packages/airflow/example_dags/example_branch_python_dop_operator_3.py took 0.052 seconds
[2025-02-04T09:01:17.515+0000] {processor.py:186} INFO - Started process (PID=22661) to work on /home/airflow/.local/lib/python3.12/site-packages/airflow/example_dags/example_branch_python_dop_operator_3.py
[2025-02-04T09:01:17.516+0000] {processor.py:914} INFO - Processing file /home/airflow/.local/lib/python3.12/site-packages/airflow/example_dags/example_branch_python_dop_operator_3.py for tasks to queue
[2025-02-04T09:01:17.517+0000] {logging_mixin.py:190} INFO - [2025-02-04T09:01:17.517+0000] {dagbag.py:588} INFO - Filling up the DagBag from /home/airflow/.local/lib/python3.12/site-packages/airflow/example_dags/example_branch_python_dop_operator_3.py
[2025-02-04T09:01:17.523+0000] {processor.py:925} INFO - DAG(s) 'example_branch_dop_operator_v3' retrieved from /home/airflow/.local/lib/python3.12/site-packages/airflow/example_dags/example_branch_python_dop_operator_3.py
[2025-02-04T09:01:17.535+0000] {logging_mixin.py:190} INFO - [2025-02-04T09:01:17.535+0000] {dag.py:3239} INFO - Sync 1 DAGs
[2025-02-04T09:01:17.552+0000] {logging_mixin.py:190} INFO - [2025-02-04T09:01:17.551+0000] {dag.py:4180} INFO - Setting next_dagrun for example_branch_dop_operator_v3 to 2025-02-04 09:00:00+00:00, run_after=2025-02-04 09:01:00+00:00
[2025-02-04T09:01:17.565+0000] {processor.py:208} INFO - Processing /home/airflow/.local/lib/python3.12/site-packages/airflow/example_dags/example_branch_python_dop_operator_3.py took 0.054 seconds
[2025-02-04T09:01:48.310+0000] {processor.py:186} INFO - Started process (PID=22725) to work on /home/airflow/.local/lib/python3.12/site-packages/airflow/example_dags/example_branch_python_dop_operator_3.py
[2025-02-04T09:01:48.314+0000] {processor.py:914} INFO - Processing file /home/airflow/.local/lib/python3.12/site-packages/airflow/example_dags/example_branch_python_dop_operator_3.py for tasks to queue
[2025-02-04T09:01:48.316+0000] {logging_mixin.py:190} INFO - [2025-02-04T09:01:48.316+0000] {dagbag.py:588} INFO - Filling up the DagBag from /home/airflow/.local/lib/python3.12/site-packages/airflow/example_dags/example_branch_python_dop_operator_3.py
[2025-02-04T09:01:48.327+0000] {processor.py:925} INFO - DAG(s) 'example_branch_dop_operator_v3' retrieved from /home/airflow/.local/lib/python3.12/site-packages/airflow/example_dags/example_branch_python_dop_operator_3.py
[2025-02-04T09:01:48.341+0000] {logging_mixin.py:190} INFO - [2025-02-04T09:01:48.341+0000] {dag.py:3239} INFO - Sync 1 DAGs
[2025-02-04T09:01:48.360+0000] {logging_mixin.py:190} INFO - [2025-02-04T09:01:48.359+0000] {dag.py:4180} INFO - Setting next_dagrun for example_branch_dop_operator_v3 to 2025-02-04 09:00:00+00:00, run_after=2025-02-04 09:01:00+00:00
[2025-02-04T09:01:48.371+0000] {processor.py:208} INFO - Processing /home/airflow/.local/lib/python3.12/site-packages/airflow/example_dags/example_branch_python_dop_operator_3.py took 0.067 seconds
[2025-02-04T09:02:19.451+0000] {processor.py:186} INFO - Started process (PID=22789) to work on /home/airflow/.local/lib/python3.12/site-packages/airflow/example_dags/example_branch_python_dop_operator_3.py
[2025-02-04T09:02:19.454+0000] {processor.py:914} INFO - Processing file /home/airflow/.local/lib/python3.12/site-packages/airflow/example_dags/example_branch_python_dop_operator_3.py for tasks to queue
[2025-02-04T09:02:19.455+0000] {logging_mixin.py:190} INFO - [2025-02-04T09:02:19.455+0000] {dagbag.py:588} INFO - Filling up the DagBag from /home/airflow/.local/lib/python3.12/site-packages/airflow/example_dags/example_branch_python_dop_operator_3.py
[2025-02-04T09:02:19.462+0000] {processor.py:925} INFO - DAG(s) 'example_branch_dop_operator_v3' retrieved from /home/airflow/.local/lib/python3.12/site-packages/airflow/example_dags/example_branch_python_dop_operator_3.py
[2025-02-04T09:02:19.473+0000] {logging_mixin.py:190} INFO - [2025-02-04T09:02:19.473+0000] {dag.py:3239} INFO - Sync 1 DAGs
[2025-02-04T09:02:19.489+0000] {logging_mixin.py:190} INFO - [2025-02-04T09:02:19.489+0000] {dag.py:4180} INFO - Setting next_dagrun for example_branch_dop_operator_v3 to 2025-02-04 09:01:00+00:00, run_after=2025-02-04 09:02:00+00:00
[2025-02-04T09:02:19.501+0000] {processor.py:208} INFO - Processing /home/airflow/.local/lib/python3.12/site-packages/airflow/example_dags/example_branch_python_dop_operator_3.py took 0.054 seconds
