[2025-02-04T08:59:34.011+0000] {processor.py:186} INFO - Started process (PID=22447) to work on /home/airflow/.local/lib/python3.12/site-packages/airflow/example_dags/example_time_delta_sensor_async.py
[2025-02-04T08:59:34.011+0000] {processor.py:914} INFO - Processing file /home/airflow/.local/lib/python3.12/site-packages/airflow/example_dags/example_time_delta_sensor_async.py for tasks to queue
[2025-02-04T08:59:34.013+0000] {logging_mixin.py:190} INFO - [2025-02-04T08:59:34.013+0000] {dagbag.py:588} INFO - Filling up the DagBag from /home/airflow/.local/lib/python3.12/site-packages/airflow/example_dags/example_time_delta_sensor_async.py
[2025-02-04T08:59:34.018+0000] {processor.py:925} INFO - DAG(s) 'example_time_delta_sensor_async' retrieved from /home/airflow/.local/lib/python3.12/site-packages/airflow/example_dags/example_time_delta_sensor_async.py
[2025-02-04T08:59:34.031+0000] {logging_mixin.py:190} INFO - [2025-02-04T08:59:34.030+0000] {dag.py:3239} INFO - Sync 1 DAGs
[2025-02-04T08:59:34.039+0000] {logging_mixin.py:190} INFO - [2025-02-04T08:59:34.039+0000] {dag.py:4180} INFO - Setting next_dagrun for example_time_delta_sensor_async to None, run_after=None
[2025-02-04T08:59:34.051+0000] {processor.py:208} INFO - Processing /home/airflow/.local/lib/python3.12/site-packages/airflow/example_dags/example_time_delta_sensor_async.py took 0.044 seconds
[2025-02-04T09:00:04.859+0000] {processor.py:186} INFO - Started process (PID=22511) to work on /home/airflow/.local/lib/python3.12/site-packages/airflow/example_dags/example_time_delta_sensor_async.py
[2025-02-04T09:00:04.860+0000] {processor.py:914} INFO - Processing file /home/airflow/.local/lib/python3.12/site-packages/airflow/example_dags/example_time_delta_sensor_async.py for tasks to queue
[2025-02-04T09:00:04.861+0000] {logging_mixin.py:190} INFO - [2025-02-04T09:00:04.861+0000] {dagbag.py:588} INFO - Filling up the DagBag from /home/airflow/.local/lib/python3.12/site-packages/airflow/example_dags/example_time_delta_sensor_async.py
[2025-02-04T09:00:04.866+0000] {processor.py:925} INFO - DAG(s) 'example_time_delta_sensor_async' retrieved from /home/airflow/.local/lib/python3.12/site-packages/airflow/example_dags/example_time_delta_sensor_async.py
[2025-02-04T09:00:04.876+0000] {logging_mixin.py:190} INFO - [2025-02-04T09:00:04.876+0000] {dag.py:3239} INFO - Sync 1 DAGs
[2025-02-04T09:00:04.884+0000] {logging_mixin.py:190} INFO - [2025-02-04T09:00:04.884+0000] {dag.py:4180} INFO - Setting next_dagrun for example_time_delta_sensor_async to None, run_after=None
[2025-02-04T09:00:04.896+0000] {processor.py:208} INFO - Processing /home/airflow/.local/lib/python3.12/site-packages/airflow/example_dags/example_time_delta_sensor_async.py took 0.040 seconds
[2025-02-04T09:00:34.963+0000] {processor.py:186} INFO - Started process (PID=22575) to work on /home/airflow/.local/lib/python3.12/site-packages/airflow/example_dags/example_time_delta_sensor_async.py
[2025-02-04T09:00:34.963+0000] {processor.py:914} INFO - Processing file /home/airflow/.local/lib/python3.12/site-packages/airflow/example_dags/example_time_delta_sensor_async.py for tasks to queue
[2025-02-04T09:00:34.965+0000] {logging_mixin.py:190} INFO - [2025-02-04T09:00:34.965+0000] {dagbag.py:588} INFO - Filling up the DagBag from /home/airflow/.local/lib/python3.12/site-packages/airflow/example_dags/example_time_delta_sensor_async.py
[2025-02-04T09:00:34.969+0000] {processor.py:925} INFO - DAG(s) 'example_time_delta_sensor_async' retrieved from /home/airflow/.local/lib/python3.12/site-packages/airflow/example_dags/example_time_delta_sensor_async.py
[2025-02-04T09:00:34.980+0000] {logging_mixin.py:190} INFO - [2025-02-04T09:00:34.980+0000] {dag.py:3239} INFO - Sync 1 DAGs
[2025-02-04T09:00:34.988+0000] {logging_mixin.py:190} INFO - [2025-02-04T09:00:34.988+0000] {dag.py:4180} INFO - Setting next_dagrun for example_time_delta_sensor_async to None, run_after=None
[2025-02-04T09:00:34.999+0000] {processor.py:208} INFO - Processing /home/airflow/.local/lib/python3.12/site-packages/airflow/example_dags/example_time_delta_sensor_async.py took 0.040 seconds
[2025-02-04T09:01:05.052+0000] {processor.py:186} INFO - Started process (PID=22639) to work on /home/airflow/.local/lib/python3.12/site-packages/airflow/example_dags/example_time_delta_sensor_async.py
[2025-02-04T09:01:05.052+0000] {processor.py:914} INFO - Processing file /home/airflow/.local/lib/python3.12/site-packages/airflow/example_dags/example_time_delta_sensor_async.py for tasks to queue
[2025-02-04T09:01:05.054+0000] {logging_mixin.py:190} INFO - [2025-02-04T09:01:05.054+0000] {dagbag.py:588} INFO - Filling up the DagBag from /home/airflow/.local/lib/python3.12/site-packages/airflow/example_dags/example_time_delta_sensor_async.py
[2025-02-04T09:01:05.058+0000] {processor.py:925} INFO - DAG(s) 'example_time_delta_sensor_async' retrieved from /home/airflow/.local/lib/python3.12/site-packages/airflow/example_dags/example_time_delta_sensor_async.py
[2025-02-04T09:01:05.069+0000] {logging_mixin.py:190} INFO - [2025-02-04T09:01:05.069+0000] {dag.py:3239} INFO - Sync 1 DAGs
[2025-02-04T09:01:05.078+0000] {logging_mixin.py:190} INFO - [2025-02-04T09:01:05.078+0000] {dag.py:4180} INFO - Setting next_dagrun for example_time_delta_sensor_async to None, run_after=None
[2025-02-04T09:01:05.089+0000] {processor.py:208} INFO - Processing /home/airflow/.local/lib/python3.12/site-packages/airflow/example_dags/example_time_delta_sensor_async.py took 0.041 seconds
[2025-02-04T09:01:35.634+0000] {processor.py:186} INFO - Started process (PID=22703) to work on /home/airflow/.local/lib/python3.12/site-packages/airflow/example_dags/example_time_delta_sensor_async.py
[2025-02-04T09:01:35.635+0000] {processor.py:914} INFO - Processing file /home/airflow/.local/lib/python3.12/site-packages/airflow/example_dags/example_time_delta_sensor_async.py for tasks to queue
[2025-02-04T09:01:35.636+0000] {logging_mixin.py:190} INFO - [2025-02-04T09:01:35.636+0000] {dagbag.py:588} INFO - Filling up the DagBag from /home/airflow/.local/lib/python3.12/site-packages/airflow/example_dags/example_time_delta_sensor_async.py
[2025-02-04T09:01:35.641+0000] {processor.py:925} INFO - DAG(s) 'example_time_delta_sensor_async' retrieved from /home/airflow/.local/lib/python3.12/site-packages/airflow/example_dags/example_time_delta_sensor_async.py
[2025-02-04T09:01:35.652+0000] {logging_mixin.py:190} INFO - [2025-02-04T09:01:35.652+0000] {dag.py:3239} INFO - Sync 1 DAGs
[2025-02-04T09:01:35.661+0000] {logging_mixin.py:190} INFO - [2025-02-04T09:01:35.660+0000] {dag.py:4180} INFO - Setting next_dagrun for example_time_delta_sensor_async to None, run_after=None
[2025-02-04T09:01:35.671+0000] {processor.py:208} INFO - Processing /home/airflow/.local/lib/python3.12/site-packages/airflow/example_dags/example_time_delta_sensor_async.py took 0.041 seconds
[2025-02-04T09:02:05.828+0000] {processor.py:186} INFO - Started process (PID=22767) to work on /home/airflow/.local/lib/python3.12/site-packages/airflow/example_dags/example_time_delta_sensor_async.py
[2025-02-04T09:02:05.829+0000] {processor.py:914} INFO - Processing file /home/airflow/.local/lib/python3.12/site-packages/airflow/example_dags/example_time_delta_sensor_async.py for tasks to queue
[2025-02-04T09:02:05.830+0000] {logging_mixin.py:190} INFO - [2025-02-04T09:02:05.830+0000] {dagbag.py:588} INFO - Filling up the DagBag from /home/airflow/.local/lib/python3.12/site-packages/airflow/example_dags/example_time_delta_sensor_async.py
[2025-02-04T09:02:05.835+0000] {processor.py:925} INFO - DAG(s) 'example_time_delta_sensor_async' retrieved from /home/airflow/.local/lib/python3.12/site-packages/airflow/example_dags/example_time_delta_sensor_async.py
[2025-02-04T09:02:05.845+0000] {logging_mixin.py:190} INFO - [2025-02-04T09:02:05.845+0000] {dag.py:3239} INFO - Sync 1 DAGs
[2025-02-04T09:02:05.853+0000] {logging_mixin.py:190} INFO - [2025-02-04T09:02:05.853+0000] {dag.py:4180} INFO - Setting next_dagrun for example_time_delta_sensor_async to None, run_after=None
[2025-02-04T09:02:05.865+0000] {processor.py:208} INFO - Processing /home/airflow/.local/lib/python3.12/site-packages/airflow/example_dags/example_time_delta_sensor_async.py took 0.041 seconds
