[2025-02-04T08:59:42.816+0000] {processor.py:186} INFO - Started process (PID=22459) to work on /home/airflow/.local/lib/python3.12/site-packages/airflow/example_dags/example_xcom.py
[2025-02-04T08:59:42.816+0000] {processor.py:914} INFO - Processing file /home/airflow/.local/lib/python3.12/site-packages/airflow/example_dags/example_xcom.py for tasks to queue
[2025-02-04T08:59:42.818+0000] {logging_mixin.py:190} INFO - [2025-02-04T08:59:42.817+0000] {dagbag.py:588} INFO - Filling up the DagBag from /home/airflow/.local/lib/python3.12/site-packages/airflow/example_dags/example_xcom.py
[2025-02-04T08:59:42.824+0000] {processor.py:925} INFO - DAG(s) 'example_xcom' retrieved from /home/airflow/.local/lib/python3.12/site-packages/airflow/example_dags/example_xcom.py
[2025-02-04T08:59:42.836+0000] {logging_mixin.py:190} INFO - [2025-02-04T08:59:42.836+0000] {dag.py:3239} INFO - Sync 1 DAGs
[2025-02-04T08:59:42.851+0000] {logging_mixin.py:190} INFO - [2025-02-04T08:59:42.851+0000] {dag.py:4180} INFO - Setting next_dagrun for example_xcom to 2021-01-01 00:00:00+00:00, run_after=2021-01-01 00:00:00+00:00
[2025-02-04T08:59:42.866+0000] {processor.py:208} INFO - Processing /home/airflow/.local/lib/python3.12/site-packages/airflow/example_dags/example_xcom.py took 0.054 seconds
[2025-02-04T09:00:13.690+0000] {processor.py:186} INFO - Started process (PID=22523) to work on /home/airflow/.local/lib/python3.12/site-packages/airflow/example_dags/example_xcom.py
[2025-02-04T09:00:13.691+0000] {processor.py:914} INFO - Processing file /home/airflow/.local/lib/python3.12/site-packages/airflow/example_dags/example_xcom.py for tasks to queue
[2025-02-04T09:00:13.692+0000] {logging_mixin.py:190} INFO - [2025-02-04T09:00:13.692+0000] {dagbag.py:588} INFO - Filling up the DagBag from /home/airflow/.local/lib/python3.12/site-packages/airflow/example_dags/example_xcom.py
[2025-02-04T09:00:13.698+0000] {processor.py:925} INFO - DAG(s) 'example_xcom' retrieved from /home/airflow/.local/lib/python3.12/site-packages/airflow/example_dags/example_xcom.py
[2025-02-04T09:00:13.710+0000] {logging_mixin.py:190} INFO - [2025-02-04T09:00:13.710+0000] {dag.py:3239} INFO - Sync 1 DAGs
[2025-02-04T09:00:13.724+0000] {logging_mixin.py:190} INFO - [2025-02-04T09:00:13.723+0000] {dag.py:4180} INFO - Setting next_dagrun for example_xcom to 2021-01-01 00:00:00+00:00, run_after=2021-01-01 00:00:00+00:00
[2025-02-04T09:00:13.736+0000] {processor.py:208} INFO - Processing /home/airflow/.local/lib/python3.12/site-packages/airflow/example_dags/example_xcom.py took 0.050 seconds
[2025-02-04T09:00:44.708+0000] {processor.py:186} INFO - Started process (PID=22587) to work on /home/airflow/.local/lib/python3.12/site-packages/airflow/example_dags/example_xcom.py
[2025-02-04T09:00:44.708+0000] {processor.py:914} INFO - Processing file /home/airflow/.local/lib/python3.12/site-packages/airflow/example_dags/example_xcom.py for tasks to queue
[2025-02-04T09:00:44.710+0000] {logging_mixin.py:190} INFO - [2025-02-04T09:00:44.710+0000] {dagbag.py:588} INFO - Filling up the DagBag from /home/airflow/.local/lib/python3.12/site-packages/airflow/example_dags/example_xcom.py
[2025-02-04T09:00:44.716+0000] {processor.py:925} INFO - DAG(s) 'example_xcom' retrieved from /home/airflow/.local/lib/python3.12/site-packages/airflow/example_dags/example_xcom.py
[2025-02-04T09:00:44.728+0000] {logging_mixin.py:190} INFO - [2025-02-04T09:00:44.728+0000] {dag.py:3239} INFO - Sync 1 DAGs
[2025-02-04T09:00:44.742+0000] {logging_mixin.py:190} INFO - [2025-02-04T09:00:44.742+0000] {dag.py:4180} INFO - Setting next_dagrun for example_xcom to 2021-01-01 00:00:00+00:00, run_after=2021-01-01 00:00:00+00:00
[2025-02-04T09:00:44.753+0000] {processor.py:208} INFO - Processing /home/airflow/.local/lib/python3.12/site-packages/airflow/example_dags/example_xcom.py took 0.049 seconds
[2025-02-04T09:01:15.748+0000] {processor.py:186} INFO - Started process (PID=22651) to work on /home/airflow/.local/lib/python3.12/site-packages/airflow/example_dags/example_xcom.py
[2025-02-04T09:01:15.748+0000] {processor.py:914} INFO - Processing file /home/airflow/.local/lib/python3.12/site-packages/airflow/example_dags/example_xcom.py for tasks to queue
[2025-02-04T09:01:15.749+0000] {logging_mixin.py:190} INFO - [2025-02-04T09:01:15.749+0000] {dagbag.py:588} INFO - Filling up the DagBag from /home/airflow/.local/lib/python3.12/site-packages/airflow/example_dags/example_xcom.py
[2025-02-04T09:01:15.756+0000] {processor.py:925} INFO - DAG(s) 'example_xcom' retrieved from /home/airflow/.local/lib/python3.12/site-packages/airflow/example_dags/example_xcom.py
[2025-02-04T09:01:15.769+0000] {logging_mixin.py:190} INFO - [2025-02-04T09:01:15.768+0000] {dag.py:3239} INFO - Sync 1 DAGs
[2025-02-04T09:01:15.783+0000] {logging_mixin.py:190} INFO - [2025-02-04T09:01:15.782+0000] {dag.py:4180} INFO - Setting next_dagrun for example_xcom to 2021-01-01 00:00:00+00:00, run_after=2021-01-01 00:00:00+00:00
[2025-02-04T09:01:15.794+0000] {processor.py:208} INFO - Processing /home/airflow/.local/lib/python3.12/site-packages/airflow/example_dags/example_xcom.py took 0.050 seconds
[2025-02-04T09:01:46.578+0000] {processor.py:186} INFO - Started process (PID=22715) to work on /home/airflow/.local/lib/python3.12/site-packages/airflow/example_dags/example_xcom.py
[2025-02-04T09:01:46.579+0000] {processor.py:914} INFO - Processing file /home/airflow/.local/lib/python3.12/site-packages/airflow/example_dags/example_xcom.py for tasks to queue
[2025-02-04T09:01:46.581+0000] {logging_mixin.py:190} INFO - [2025-02-04T09:01:46.581+0000] {dagbag.py:588} INFO - Filling up the DagBag from /home/airflow/.local/lib/python3.12/site-packages/airflow/example_dags/example_xcom.py
[2025-02-04T09:01:46.588+0000] {processor.py:925} INFO - DAG(s) 'example_xcom' retrieved from /home/airflow/.local/lib/python3.12/site-packages/airflow/example_dags/example_xcom.py
[2025-02-04T09:01:46.606+0000] {logging_mixin.py:190} INFO - [2025-02-04T09:01:46.605+0000] {dag.py:3239} INFO - Sync 1 DAGs
[2025-02-04T09:01:46.624+0000] {logging_mixin.py:190} INFO - [2025-02-04T09:01:46.624+0000] {dag.py:4180} INFO - Setting next_dagrun for example_xcom to 2021-01-01 00:00:00+00:00, run_after=2021-01-01 00:00:00+00:00
[2025-02-04T09:01:46.639+0000] {processor.py:208} INFO - Processing /home/airflow/.local/lib/python3.12/site-packages/airflow/example_dags/example_xcom.py took 0.065 seconds
[2025-02-04T09:02:17.713+0000] {processor.py:186} INFO - Started process (PID=22779) to work on /home/airflow/.local/lib/python3.12/site-packages/airflow/example_dags/example_xcom.py
[2025-02-04T09:02:17.715+0000] {processor.py:914} INFO - Processing file /home/airflow/.local/lib/python3.12/site-packages/airflow/example_dags/example_xcom.py for tasks to queue
[2025-02-04T09:02:17.716+0000] {logging_mixin.py:190} INFO - [2025-02-04T09:02:17.716+0000] {dagbag.py:588} INFO - Filling up the DagBag from /home/airflow/.local/lib/python3.12/site-packages/airflow/example_dags/example_xcom.py
[2025-02-04T09:02:17.722+0000] {processor.py:925} INFO - DAG(s) 'example_xcom' retrieved from /home/airflow/.local/lib/python3.12/site-packages/airflow/example_dags/example_xcom.py
[2025-02-04T09:02:17.734+0000] {logging_mixin.py:190} INFO - [2025-02-04T09:02:17.734+0000] {dag.py:3239} INFO - Sync 1 DAGs
[2025-02-04T09:02:17.748+0000] {logging_mixin.py:190} INFO - [2025-02-04T09:02:17.748+0000] {dag.py:4180} INFO - Setting next_dagrun for example_xcom to 2021-01-01 00:00:00+00:00, run_after=2021-01-01 00:00:00+00:00
[2025-02-04T09:02:17.758+0000] {processor.py:208} INFO - Processing /home/airflow/.local/lib/python3.12/site-packages/airflow/example_dags/example_xcom.py took 0.049 seconds
[2025-02-04T09:02:48.827+0000] {processor.py:186} INFO - Started process (PID=22844) to work on /home/airflow/.local/lib/python3.12/site-packages/airflow/example_dags/example_xcom.py
[2025-02-04T09:02:48.828+0000] {processor.py:914} INFO - Processing file /home/airflow/.local/lib/python3.12/site-packages/airflow/example_dags/example_xcom.py for tasks to queue
[2025-02-04T09:02:48.829+0000] {logging_mixin.py:190} INFO - [2025-02-04T09:02:48.829+0000] {dagbag.py:588} INFO - Filling up the DagBag from /home/airflow/.local/lib/python3.12/site-packages/airflow/example_dags/example_xcom.py
[2025-02-04T09:02:48.835+0000] {processor.py:925} INFO - DAG(s) 'example_xcom' retrieved from /home/airflow/.local/lib/python3.12/site-packages/airflow/example_dags/example_xcom.py
[2025-02-04T09:02:48.847+0000] {logging_mixin.py:190} INFO - [2025-02-04T09:02:48.847+0000] {dag.py:3239} INFO - Sync 1 DAGs
[2025-02-04T09:02:48.861+0000] {logging_mixin.py:190} INFO - [2025-02-04T09:02:48.861+0000] {dag.py:4180} INFO - Setting next_dagrun for example_xcom to 2021-01-01 00:00:00+00:00, run_after=2021-01-01 00:00:00+00:00
[2025-02-04T09:02:48.871+0000] {processor.py:208} INFO - Processing /home/airflow/.local/lib/python3.12/site-packages/airflow/example_dags/example_xcom.py took 0.047 seconds
