[2025-02-04T08:59:42.823+0000] {processor.py:186} INFO - Started process (PID=22460) to work on /home/airflow/.local/lib/python3.12/site-packages/airflow/example_dags/tutorial_objectstorage.py
[2025-02-04T08:59:42.823+0000] {processor.py:914} INFO - Processing file /home/airflow/.local/lib/python3.12/site-packages/airflow/example_dags/tutorial_objectstorage.py for tasks to queue
[2025-02-04T08:59:42.825+0000] {logging_mixin.py:190} INFO - [2025-02-04T08:59:42.824+0000] {dagbag.py:588} INFO - Filling up the DagBag from /home/airflow/.local/lib/python3.12/site-packages/airflow/example_dags/tutorial_objectstorage.py
[2025-02-04T08:59:42.831+0000] {processor.py:925} INFO - DAG(s) 'tutorial_objectstorage' retrieved from /home/airflow/.local/lib/python3.12/site-packages/airflow/example_dags/tutorial_objectstorage.py
[2025-02-04T08:59:42.843+0000] {logging_mixin.py:190} INFO - [2025-02-04T08:59:42.842+0000] {dag.py:3239} INFO - Sync 1 DAGs
[2025-02-04T08:59:42.852+0000] {logging_mixin.py:190} INFO - [2025-02-04T08:59:42.852+0000] {dag.py:4180} INFO - Setting next_dagrun for tutorial_objectstorage to None, run_after=None
[2025-02-04T08:59:42.866+0000] {processor.py:208} INFO - Processing /home/airflow/.local/lib/python3.12/site-packages/airflow/example_dags/tutorial_objectstorage.py took 0.047 seconds
[2025-02-04T09:00:13.723+0000] {processor.py:186} INFO - Started process (PID=22524) to work on /home/airflow/.local/lib/python3.12/site-packages/airflow/example_dags/tutorial_objectstorage.py
[2025-02-04T09:00:13.724+0000] {processor.py:914} INFO - Processing file /home/airflow/.local/lib/python3.12/site-packages/airflow/example_dags/tutorial_objectstorage.py for tasks to queue
[2025-02-04T09:00:13.725+0000] {logging_mixin.py:190} INFO - [2025-02-04T09:00:13.725+0000] {dagbag.py:588} INFO - Filling up the DagBag from /home/airflow/.local/lib/python3.12/site-packages/airflow/example_dags/tutorial_objectstorage.py
[2025-02-04T09:00:13.731+0000] {processor.py:925} INFO - DAG(s) 'tutorial_objectstorage' retrieved from /home/airflow/.local/lib/python3.12/site-packages/airflow/example_dags/tutorial_objectstorage.py
[2025-02-04T09:00:13.743+0000] {logging_mixin.py:190} INFO - [2025-02-04T09:00:13.743+0000] {dag.py:3239} INFO - Sync 1 DAGs
[2025-02-04T09:00:13.752+0000] {logging_mixin.py:190} INFO - [2025-02-04T09:00:13.751+0000] {dag.py:4180} INFO - Setting next_dagrun for tutorial_objectstorage to None, run_after=None
[2025-02-04T09:00:13.762+0000] {processor.py:208} INFO - Processing /home/airflow/.local/lib/python3.12/site-packages/airflow/example_dags/tutorial_objectstorage.py took 0.043 seconds
[2025-02-04T09:00:44.740+0000] {processor.py:186} INFO - Started process (PID=22588) to work on /home/airflow/.local/lib/python3.12/site-packages/airflow/example_dags/tutorial_objectstorage.py
[2025-02-04T09:00:44.741+0000] {processor.py:914} INFO - Processing file /home/airflow/.local/lib/python3.12/site-packages/airflow/example_dags/tutorial_objectstorage.py for tasks to queue
[2025-02-04T09:00:44.742+0000] {logging_mixin.py:190} INFO - [2025-02-04T09:00:44.742+0000] {dagbag.py:588} INFO - Filling up the DagBag from /home/airflow/.local/lib/python3.12/site-packages/airflow/example_dags/tutorial_objectstorage.py
[2025-02-04T09:00:44.748+0000] {processor.py:925} INFO - DAG(s) 'tutorial_objectstorage' retrieved from /home/airflow/.local/lib/python3.12/site-packages/airflow/example_dags/tutorial_objectstorage.py
[2025-02-04T09:00:44.759+0000] {logging_mixin.py:190} INFO - [2025-02-04T09:00:44.759+0000] {dag.py:3239} INFO - Sync 1 DAGs
[2025-02-04T09:00:44.768+0000] {logging_mixin.py:190} INFO - [2025-02-04T09:00:44.768+0000] {dag.py:4180} INFO - Setting next_dagrun for tutorial_objectstorage to None, run_after=None
[2025-02-04T09:00:44.780+0000] {processor.py:208} INFO - Processing /home/airflow/.local/lib/python3.12/site-packages/airflow/example_dags/tutorial_objectstorage.py took 0.044 seconds
[2025-02-04T09:01:15.810+0000] {processor.py:186} INFO - Started process (PID=22652) to work on /home/airflow/.local/lib/python3.12/site-packages/airflow/example_dags/tutorial_objectstorage.py
[2025-02-04T09:01:15.812+0000] {processor.py:914} INFO - Processing file /home/airflow/.local/lib/python3.12/site-packages/airflow/example_dags/tutorial_objectstorage.py for tasks to queue
[2025-02-04T09:01:15.813+0000] {logging_mixin.py:190} INFO - [2025-02-04T09:01:15.813+0000] {dagbag.py:588} INFO - Filling up the DagBag from /home/airflow/.local/lib/python3.12/site-packages/airflow/example_dags/tutorial_objectstorage.py
[2025-02-04T09:01:15.818+0000] {processor.py:925} INFO - DAG(s) 'tutorial_objectstorage' retrieved from /home/airflow/.local/lib/python3.12/site-packages/airflow/example_dags/tutorial_objectstorage.py
[2025-02-04T09:01:15.829+0000] {logging_mixin.py:190} INFO - [2025-02-04T09:01:15.829+0000] {dag.py:3239} INFO - Sync 1 DAGs
[2025-02-04T09:01:15.837+0000] {logging_mixin.py:190} INFO - [2025-02-04T09:01:15.837+0000] {dag.py:4180} INFO - Setting next_dagrun for tutorial_objectstorage to None, run_after=None
[2025-02-04T09:01:15.848+0000] {processor.py:208} INFO - Processing /home/airflow/.local/lib/python3.12/site-packages/airflow/example_dags/tutorial_objectstorage.py took 0.041 seconds
