[2025-02-04T09:00:02.708+0000] {processor.py:186} INFO - Started process (PID=22500) to work on /home/airflow/.local/lib/python3.12/site-packages/airflow/example_dags/tutorial_dag.py
[2025-02-04T09:00:02.708+0000] {processor.py:914} INFO - Processing file /home/airflow/.local/lib/python3.12/site-packages/airflow/example_dags/tutorial_dag.py for tasks to queue
[2025-02-04T09:00:02.710+0000] {logging_mixin.py:190} INFO - [2025-02-04T09:00:02.710+0000] {dagbag.py:588} INFO - Filling up the DagBag from /home/airflow/.local/lib/python3.12/site-packages/airflow/example_dags/tutorial_dag.py
[2025-02-04T09:00:02.714+0000] {processor.py:925} INFO - DAG(s) 'tutorial_dag' retrieved from /home/airflow/.local/lib/python3.12/site-packages/airflow/example_dags/tutorial_dag.py
[2025-02-04T09:00:02.726+0000] {logging_mixin.py:190} INFO - [2025-02-04T09:00:02.726+0000] {dag.py:3239} INFO - Sync 1 DAGs
[2025-02-04T09:00:02.736+0000] {logging_mixin.py:190} INFO - [2025-02-04T09:00:02.736+0000] {dag.py:4180} INFO - Setting next_dagrun for tutorial_dag to None, run_after=None
[2025-02-04T09:00:02.747+0000] {processor.py:208} INFO - Processing /home/airflow/.local/lib/python3.12/site-packages/airflow/example_dags/tutorial_dag.py took 0.043 seconds
[2025-02-04T09:00:32.844+0000] {processor.py:186} INFO - Started process (PID=22564) to work on /home/airflow/.local/lib/python3.12/site-packages/airflow/example_dags/tutorial_dag.py
[2025-02-04T09:00:32.845+0000] {processor.py:914} INFO - Processing file /home/airflow/.local/lib/python3.12/site-packages/airflow/example_dags/tutorial_dag.py for tasks to queue
[2025-02-04T09:00:32.846+0000] {logging_mixin.py:190} INFO - [2025-02-04T09:00:32.846+0000] {dagbag.py:588} INFO - Filling up the DagBag from /home/airflow/.local/lib/python3.12/site-packages/airflow/example_dags/tutorial_dag.py
[2025-02-04T09:00:32.851+0000] {processor.py:925} INFO - DAG(s) 'tutorial_dag' retrieved from /home/airflow/.local/lib/python3.12/site-packages/airflow/example_dags/tutorial_dag.py
[2025-02-04T09:00:32.863+0000] {logging_mixin.py:190} INFO - [2025-02-04T09:00:32.863+0000] {dag.py:3239} INFO - Sync 1 DAGs
[2025-02-04T09:00:32.872+0000] {logging_mixin.py:190} INFO - [2025-02-04T09:00:32.871+0000] {dag.py:4180} INFO - Setting next_dagrun for tutorial_dag to None, run_after=None
[2025-02-04T09:00:32.884+0000] {processor.py:208} INFO - Processing /home/airflow/.local/lib/python3.12/site-packages/airflow/example_dags/tutorial_dag.py took 0.044 seconds
[2025-02-04T09:01:02.950+0000] {processor.py:186} INFO - Started process (PID=22628) to work on /home/airflow/.local/lib/python3.12/site-packages/airflow/example_dags/tutorial_dag.py
[2025-02-04T09:01:02.951+0000] {processor.py:914} INFO - Processing file /home/airflow/.local/lib/python3.12/site-packages/airflow/example_dags/tutorial_dag.py for tasks to queue
[2025-02-04T09:01:02.953+0000] {logging_mixin.py:190} INFO - [2025-02-04T09:01:02.952+0000] {dagbag.py:588} INFO - Filling up the DagBag from /home/airflow/.local/lib/python3.12/site-packages/airflow/example_dags/tutorial_dag.py
[2025-02-04T09:01:02.957+0000] {processor.py:925} INFO - DAG(s) 'tutorial_dag' retrieved from /home/airflow/.local/lib/python3.12/site-packages/airflow/example_dags/tutorial_dag.py
[2025-02-04T09:01:02.969+0000] {logging_mixin.py:190} INFO - [2025-02-04T09:01:02.969+0000] {dag.py:3239} INFO - Sync 1 DAGs
[2025-02-04T09:01:02.977+0000] {logging_mixin.py:190} INFO - [2025-02-04T09:01:02.977+0000] {dag.py:4180} INFO - Setting next_dagrun for tutorial_dag to None, run_after=None
[2025-02-04T09:01:02.987+0000] {processor.py:208} INFO - Processing /home/airflow/.local/lib/python3.12/site-packages/airflow/example_dags/tutorial_dag.py took 0.040 seconds
