[2025-02-04T08:59:44.361+0000] {processor.py:186} INFO - Started process (PID=22467) to work on /home/airflow/.local/lib/python3.12/site-packages/airflow/example_dags/tutorial.py
[2025-02-04T08:59:44.361+0000] {processor.py:914} INFO - Processing file /home/airflow/.local/lib/python3.12/site-packages/airflow/example_dags/tutorial.py for tasks to queue
[2025-02-04T08:59:44.363+0000] {logging_mixin.py:190} INFO - [2025-02-04T08:59:44.362+0000] {dagbag.py:588} INFO - Filling up the DagBag from /home/airflow/.local/lib/python3.12/site-packages/airflow/example_dags/tutorial.py
[2025-02-04T08:59:44.368+0000] {processor.py:925} INFO - DAG(s) 'tutorial' retrieved from /home/airflow/.local/lib/python3.12/site-packages/airflow/example_dags/tutorial.py
[2025-02-04T08:59:44.379+0000] {logging_mixin.py:190} INFO - [2025-02-04T08:59:44.379+0000] {dag.py:3239} INFO - Sync 1 DAGs
[2025-02-04T08:59:44.394+0000] {logging_mixin.py:190} INFO - [2025-02-04T08:59:44.394+0000] {dag.py:4180} INFO - Setting next_dagrun for tutorial to 2025-02-03 00:00:00+00:00, run_after=2025-02-04 00:00:00+00:00
[2025-02-04T08:59:44.408+0000] {processor.py:208} INFO - Processing /home/airflow/.local/lib/python3.12/site-packages/airflow/example_dags/tutorial.py took 0.050 seconds
[2025-02-04T09:00:15.311+0000] {processor.py:186} INFO - Started process (PID=22531) to work on /home/airflow/.local/lib/python3.12/site-packages/airflow/example_dags/tutorial.py
[2025-02-04T09:00:15.312+0000] {processor.py:914} INFO - Processing file /home/airflow/.local/lib/python3.12/site-packages/airflow/example_dags/tutorial.py for tasks to queue
[2025-02-04T09:00:15.313+0000] {logging_mixin.py:190} INFO - [2025-02-04T09:00:15.313+0000] {dagbag.py:588} INFO - Filling up the DagBag from /home/airflow/.local/lib/python3.12/site-packages/airflow/example_dags/tutorial.py
[2025-02-04T09:00:15.318+0000] {processor.py:925} INFO - DAG(s) 'tutorial' retrieved from /home/airflow/.local/lib/python3.12/site-packages/airflow/example_dags/tutorial.py
[2025-02-04T09:00:15.331+0000] {logging_mixin.py:190} INFO - [2025-02-04T09:00:15.331+0000] {dag.py:3239} INFO - Sync 1 DAGs
[2025-02-04T09:00:15.346+0000] {logging_mixin.py:190} INFO - [2025-02-04T09:00:15.346+0000] {dag.py:4180} INFO - Setting next_dagrun for tutorial to 2025-02-03 00:00:00+00:00, run_after=2025-02-04 00:00:00+00:00
[2025-02-04T09:00:15.358+0000] {processor.py:208} INFO - Processing /home/airflow/.local/lib/python3.12/site-packages/airflow/example_dags/tutorial.py took 0.051 seconds
[2025-02-04T09:00:46.404+0000] {processor.py:186} INFO - Started process (PID=22595) to work on /home/airflow/.local/lib/python3.12/site-packages/airflow/example_dags/tutorial.py
[2025-02-04T09:00:46.405+0000] {processor.py:914} INFO - Processing file /home/airflow/.local/lib/python3.12/site-packages/airflow/example_dags/tutorial.py for tasks to queue
[2025-02-04T09:00:46.406+0000] {logging_mixin.py:190} INFO - [2025-02-04T09:00:46.406+0000] {dagbag.py:588} INFO - Filling up the DagBag from /home/airflow/.local/lib/python3.12/site-packages/airflow/example_dags/tutorial.py
[2025-02-04T09:00:46.411+0000] {processor.py:925} INFO - DAG(s) 'tutorial' retrieved from /home/airflow/.local/lib/python3.12/site-packages/airflow/example_dags/tutorial.py
[2025-02-04T09:00:46.422+0000] {logging_mixin.py:190} INFO - [2025-02-04T09:00:46.422+0000] {dag.py:3239} INFO - Sync 1 DAGs
[2025-02-04T09:00:46.436+0000] {logging_mixin.py:190} INFO - [2025-02-04T09:00:46.436+0000] {dag.py:4180} INFO - Setting next_dagrun for tutorial to 2025-02-03 00:00:00+00:00, run_after=2025-02-04 00:00:00+00:00
[2025-02-04T09:00:46.447+0000] {processor.py:208} INFO - Processing /home/airflow/.local/lib/python3.12/site-packages/airflow/example_dags/tutorial.py took 0.047 seconds
[2025-02-04T09:01:17.478+0000] {processor.py:186} INFO - Started process (PID=22660) to work on /home/airflow/.local/lib/python3.12/site-packages/airflow/example_dags/tutorial.py
[2025-02-04T09:01:17.479+0000] {processor.py:914} INFO - Processing file /home/airflow/.local/lib/python3.12/site-packages/airflow/example_dags/tutorial.py for tasks to queue
[2025-02-04T09:01:17.480+0000] {logging_mixin.py:190} INFO - [2025-02-04T09:01:17.480+0000] {dagbag.py:588} INFO - Filling up the DagBag from /home/airflow/.local/lib/python3.12/site-packages/airflow/example_dags/tutorial.py
[2025-02-04T09:01:17.485+0000] {processor.py:925} INFO - DAG(s) 'tutorial' retrieved from /home/airflow/.local/lib/python3.12/site-packages/airflow/example_dags/tutorial.py
[2025-02-04T09:01:17.498+0000] {logging_mixin.py:190} INFO - [2025-02-04T09:01:17.498+0000] {dag.py:3239} INFO - Sync 1 DAGs
[2025-02-04T09:01:17.513+0000] {logging_mixin.py:190} INFO - [2025-02-04T09:01:17.513+0000] {dag.py:4180} INFO - Setting next_dagrun for tutorial to 2025-02-03 00:00:00+00:00, run_after=2025-02-04 00:00:00+00:00
[2025-02-04T09:01:17.526+0000] {processor.py:208} INFO - Processing /home/airflow/.local/lib/python3.12/site-packages/airflow/example_dags/tutorial.py took 0.052 seconds
[2025-02-04T09:01:48.267+0000] {processor.py:186} INFO - Started process (PID=22724) to work on /home/airflow/.local/lib/python3.12/site-packages/airflow/example_dags/tutorial.py
[2025-02-04T09:01:48.268+0000] {processor.py:914} INFO - Processing file /home/airflow/.local/lib/python3.12/site-packages/airflow/example_dags/tutorial.py for tasks to queue
[2025-02-04T09:01:48.270+0000] {logging_mixin.py:190} INFO - [2025-02-04T09:01:48.269+0000] {dagbag.py:588} INFO - Filling up the DagBag from /home/airflow/.local/lib/python3.12/site-packages/airflow/example_dags/tutorial.py
[2025-02-04T09:01:48.275+0000] {processor.py:925} INFO - DAG(s) 'tutorial' retrieved from /home/airflow/.local/lib/python3.12/site-packages/airflow/example_dags/tutorial.py
[2025-02-04T09:01:48.288+0000] {logging_mixin.py:190} INFO - [2025-02-04T09:01:48.287+0000] {dag.py:3239} INFO - Sync 1 DAGs
[2025-02-04T09:01:48.303+0000] {logging_mixin.py:190} INFO - [2025-02-04T09:01:48.303+0000] {dag.py:4180} INFO - Setting next_dagrun for tutorial to 2025-02-03 00:00:00+00:00, run_after=2025-02-04 00:00:00+00:00
[2025-02-04T09:01:48.322+0000] {processor.py:208} INFO - Processing /home/airflow/.local/lib/python3.12/site-packages/airflow/example_dags/tutorial.py took 0.059 seconds
[2025-02-04T09:02:19.417+0000] {processor.py:186} INFO - Started process (PID=22788) to work on /home/airflow/.local/lib/python3.12/site-packages/airflow/example_dags/tutorial.py
[2025-02-04T09:02:19.418+0000] {processor.py:914} INFO - Processing file /home/airflow/.local/lib/python3.12/site-packages/airflow/example_dags/tutorial.py for tasks to queue
[2025-02-04T09:02:19.419+0000] {logging_mixin.py:190} INFO - [2025-02-04T09:02:19.419+0000] {dagbag.py:588} INFO - Filling up the DagBag from /home/airflow/.local/lib/python3.12/site-packages/airflow/example_dags/tutorial.py
[2025-02-04T09:02:19.424+0000] {processor.py:925} INFO - DAG(s) 'tutorial' retrieved from /home/airflow/.local/lib/python3.12/site-packages/airflow/example_dags/tutorial.py
[2025-02-04T09:02:19.436+0000] {logging_mixin.py:190} INFO - [2025-02-04T09:02:19.436+0000] {dag.py:3239} INFO - Sync 1 DAGs
[2025-02-04T09:02:19.451+0000] {logging_mixin.py:190} INFO - [2025-02-04T09:02:19.451+0000] {dag.py:4180} INFO - Setting next_dagrun for tutorial to 2025-02-03 00:00:00+00:00, run_after=2025-02-04 00:00:00+00:00
[2025-02-04T09:02:19.463+0000] {processor.py:208} INFO - Processing /home/airflow/.local/lib/python3.12/site-packages/airflow/example_dags/tutorial.py took 0.050 seconds
[2025-02-04T09:02:50.523+0000] {processor.py:186} INFO - Started process (PID=22852) to work on /home/airflow/.local/lib/python3.12/site-packages/airflow/example_dags/tutorial.py
[2025-02-04T09:02:50.524+0000] {processor.py:914} INFO - Processing file /home/airflow/.local/lib/python3.12/site-packages/airflow/example_dags/tutorial.py for tasks to queue
[2025-02-04T09:02:50.525+0000] {logging_mixin.py:190} INFO - [2025-02-04T09:02:50.525+0000] {dagbag.py:588} INFO - Filling up the DagBag from /home/airflow/.local/lib/python3.12/site-packages/airflow/example_dags/tutorial.py
[2025-02-04T09:02:50.531+0000] {processor.py:925} INFO - DAG(s) 'tutorial' retrieved from /home/airflow/.local/lib/python3.12/site-packages/airflow/example_dags/tutorial.py
[2025-02-04T09:02:50.542+0000] {logging_mixin.py:190} INFO - [2025-02-04T09:02:50.542+0000] {dag.py:3239} INFO - Sync 1 DAGs
[2025-02-04T09:02:50.556+0000] {logging_mixin.py:190} INFO - [2025-02-04T09:02:50.556+0000] {dag.py:4180} INFO - Setting next_dagrun for tutorial to 2025-02-03 00:00:00+00:00, run_after=2025-02-04 00:00:00+00:00
[2025-02-04T09:02:50.567+0000] {processor.py:208} INFO - Processing /home/airflow/.local/lib/python3.12/site-packages/airflow/example_dags/tutorial.py took 0.047 seconds
