[2025-02-04T08:59:44.228+0000] {processor.py:186} INFO - Started process (PID=22464) to work on /home/airflow/.local/lib/python3.12/site-packages/airflow/example_dags/tutorial_taskflow_templates.py
[2025-02-04T08:59:44.229+0000] {processor.py:914} INFO - Processing file /home/airflow/.local/lib/python3.12/site-packages/airflow/example_dags/tutorial_taskflow_templates.py for tasks to queue
[2025-02-04T08:59:44.231+0000] {logging_mixin.py:190} INFO - [2025-02-04T08:59:44.230+0000] {dagbag.py:588} INFO - Filling up the DagBag from /home/airflow/.local/lib/python3.12/site-packages/airflow/example_dags/tutorial_taskflow_templates.py
[2025-02-04T08:59:44.241+0000] {processor.py:925} INFO - DAG(s) 'tutorial_taskflow_templates' retrieved from /home/airflow/.local/lib/python3.12/site-packages/airflow/example_dags/tutorial_taskflow_templates.py
[2025-02-04T08:59:44.254+0000] {logging_mixin.py:190} INFO - [2025-02-04T08:59:44.254+0000] {dag.py:3239} INFO - Sync 1 DAGs
[2025-02-04T08:59:44.269+0000] {logging_mixin.py:190} INFO - [2025-02-04T08:59:44.269+0000] {dag.py:4180} INFO - Setting next_dagrun for tutorial_taskflow_templates to 2025-02-03 00:00:00+00:00, run_after=2025-02-04 00:00:00+00:00
[2025-02-04T08:59:44.282+0000] {processor.py:208} INFO - Processing /home/airflow/.local/lib/python3.12/site-packages/airflow/example_dags/tutorial_taskflow_templates.py took 0.057 seconds
[2025-02-04T09:00:15.196+0000] {processor.py:186} INFO - Started process (PID=22528) to work on /home/airflow/.local/lib/python3.12/site-packages/airflow/example_dags/tutorial_taskflow_templates.py
[2025-02-04T09:00:15.197+0000] {processor.py:914} INFO - Processing file /home/airflow/.local/lib/python3.12/site-packages/airflow/example_dags/tutorial_taskflow_templates.py for tasks to queue
[2025-02-04T09:00:15.199+0000] {logging_mixin.py:190} INFO - [2025-02-04T09:00:15.198+0000] {dagbag.py:588} INFO - Filling up the DagBag from /home/airflow/.local/lib/python3.12/site-packages/airflow/example_dags/tutorial_taskflow_templates.py
[2025-02-04T09:00:15.207+0000] {processor.py:925} INFO - DAG(s) 'tutorial_taskflow_templates' retrieved from /home/airflow/.local/lib/python3.12/site-packages/airflow/example_dags/tutorial_taskflow_templates.py
[2025-02-04T09:00:15.220+0000] {logging_mixin.py:190} INFO - [2025-02-04T09:00:15.219+0000] {dag.py:3239} INFO - Sync 1 DAGs
[2025-02-04T09:00:15.235+0000] {logging_mixin.py:190} INFO - [2025-02-04T09:00:15.235+0000] {dag.py:4180} INFO - Setting next_dagrun for tutorial_taskflow_templates to 2025-02-03 00:00:00+00:00, run_after=2025-02-04 00:00:00+00:00
[2025-02-04T09:00:15.248+0000] {processor.py:208} INFO - Processing /home/airflow/.local/lib/python3.12/site-packages/airflow/example_dags/tutorial_taskflow_templates.py took 0.056 seconds
[2025-02-04T09:00:46.274+0000] {processor.py:186} INFO - Started process (PID=22592) to work on /home/airflow/.local/lib/python3.12/site-packages/airflow/example_dags/tutorial_taskflow_templates.py
[2025-02-04T09:00:46.275+0000] {processor.py:914} INFO - Processing file /home/airflow/.local/lib/python3.12/site-packages/airflow/example_dags/tutorial_taskflow_templates.py for tasks to queue
[2025-02-04T09:00:46.277+0000] {logging_mixin.py:190} INFO - [2025-02-04T09:00:46.277+0000] {dagbag.py:588} INFO - Filling up the DagBag from /home/airflow/.local/lib/python3.12/site-packages/airflow/example_dags/tutorial_taskflow_templates.py
[2025-02-04T09:00:46.289+0000] {processor.py:925} INFO - DAG(s) 'tutorial_taskflow_templates' retrieved from /home/airflow/.local/lib/python3.12/site-packages/airflow/example_dags/tutorial_taskflow_templates.py
[2025-02-04T09:00:46.302+0000] {logging_mixin.py:190} INFO - [2025-02-04T09:00:46.302+0000] {dag.py:3239} INFO - Sync 1 DAGs
[2025-02-04T09:00:46.317+0000] {logging_mixin.py:190} INFO - [2025-02-04T09:00:46.317+0000] {dag.py:4180} INFO - Setting next_dagrun for tutorial_taskflow_templates to 2025-02-03 00:00:00+00:00, run_after=2025-02-04 00:00:00+00:00
[2025-02-04T09:00:46.330+0000] {processor.py:208} INFO - Processing /home/airflow/.local/lib/python3.12/site-packages/airflow/example_dags/tutorial_taskflow_templates.py took 0.061 seconds
[2025-02-04T09:01:17.380+0000] {processor.py:186} INFO - Started process (PID=22657) to work on /home/airflow/.local/lib/python3.12/site-packages/airflow/example_dags/tutorial_taskflow_templates.py
[2025-02-04T09:01:17.381+0000] {processor.py:914} INFO - Processing file /home/airflow/.local/lib/python3.12/site-packages/airflow/example_dags/tutorial_taskflow_templates.py for tasks to queue
[2025-02-04T09:01:17.382+0000] {logging_mixin.py:190} INFO - [2025-02-04T09:01:17.382+0000] {dagbag.py:588} INFO - Filling up the DagBag from /home/airflow/.local/lib/python3.12/site-packages/airflow/example_dags/tutorial_taskflow_templates.py
[2025-02-04T09:01:17.390+0000] {processor.py:925} INFO - DAG(s) 'tutorial_taskflow_templates' retrieved from /home/airflow/.local/lib/python3.12/site-packages/airflow/example_dags/tutorial_taskflow_templates.py
[2025-02-04T09:01:17.402+0000] {logging_mixin.py:190} INFO - [2025-02-04T09:01:17.402+0000] {dag.py:3239} INFO - Sync 1 DAGs
[2025-02-04T09:01:17.417+0000] {logging_mixin.py:190} INFO - [2025-02-04T09:01:17.416+0000] {dag.py:4180} INFO - Setting next_dagrun for tutorial_taskflow_templates to 2025-02-03 00:00:00+00:00, run_after=2025-02-04 00:00:00+00:00
[2025-02-04T09:01:17.427+0000] {processor.py:208} INFO - Processing /home/airflow/.local/lib/python3.12/site-packages/airflow/example_dags/tutorial_taskflow_templates.py took 0.050 seconds
[2025-02-04T09:01:48.079+0000] {processor.py:186} INFO - Started process (PID=22721) to work on /home/airflow/.local/lib/python3.12/site-packages/airflow/example_dags/tutorial_taskflow_templates.py
[2025-02-04T09:01:48.079+0000] {processor.py:914} INFO - Processing file /home/airflow/.local/lib/python3.12/site-packages/airflow/example_dags/tutorial_taskflow_templates.py for tasks to queue
[2025-02-04T09:01:48.081+0000] {logging_mixin.py:190} INFO - [2025-02-04T09:01:48.081+0000] {dagbag.py:588} INFO - Filling up the DagBag from /home/airflow/.local/lib/python3.12/site-packages/airflow/example_dags/tutorial_taskflow_templates.py
[2025-02-04T09:01:48.090+0000] {processor.py:925} INFO - DAG(s) 'tutorial_taskflow_templates' retrieved from /home/airflow/.local/lib/python3.12/site-packages/airflow/example_dags/tutorial_taskflow_templates.py
[2025-02-04T09:01:48.105+0000] {logging_mixin.py:190} INFO - [2025-02-04T09:01:48.105+0000] {dag.py:3239} INFO - Sync 1 DAGs
[2025-02-04T09:01:48.122+0000] {logging_mixin.py:190} INFO - [2025-02-04T09:01:48.122+0000] {dag.py:4180} INFO - Setting next_dagrun for tutorial_taskflow_templates to 2025-02-03 00:00:00+00:00, run_after=2025-02-04 00:00:00+00:00
[2025-02-04T09:01:48.137+0000] {processor.py:208} INFO - Processing /home/airflow/.local/lib/python3.12/site-packages/airflow/example_dags/tutorial_taskflow_templates.py took 0.063 seconds
[2025-02-04T09:02:19.312+0000] {processor.py:186} INFO - Started process (PID=22785) to work on /home/airflow/.local/lib/python3.12/site-packages/airflow/example_dags/tutorial_taskflow_templates.py
[2025-02-04T09:02:19.313+0000] {processor.py:914} INFO - Processing file /home/airflow/.local/lib/python3.12/site-packages/airflow/example_dags/tutorial_taskflow_templates.py for tasks to queue
[2025-02-04T09:02:19.314+0000] {logging_mixin.py:190} INFO - [2025-02-04T09:02:19.314+0000] {dagbag.py:588} INFO - Filling up the DagBag from /home/airflow/.local/lib/python3.12/site-packages/airflow/example_dags/tutorial_taskflow_templates.py
[2025-02-04T09:02:19.324+0000] {processor.py:925} INFO - DAG(s) 'tutorial_taskflow_templates' retrieved from /home/airflow/.local/lib/python3.12/site-packages/airflow/example_dags/tutorial_taskflow_templates.py
[2025-02-04T09:02:19.336+0000] {logging_mixin.py:190} INFO - [2025-02-04T09:02:19.336+0000] {dag.py:3239} INFO - Sync 1 DAGs
[2025-02-04T09:02:19.351+0000] {logging_mixin.py:190} INFO - [2025-02-04T09:02:19.351+0000] {dag.py:4180} INFO - Setting next_dagrun for tutorial_taskflow_templates to 2025-02-03 00:00:00+00:00, run_after=2025-02-04 00:00:00+00:00
[2025-02-04T09:02:19.365+0000] {processor.py:208} INFO - Processing /home/airflow/.local/lib/python3.12/site-packages/airflow/example_dags/tutorial_taskflow_templates.py took 0.056 seconds
[2025-02-04T09:02:50.394+0000] {processor.py:186} INFO - Started process (PID=22849) to work on /home/airflow/.local/lib/python3.12/site-packages/airflow/example_dags/tutorial_taskflow_templates.py
[2025-02-04T09:02:50.394+0000] {processor.py:914} INFO - Processing file /home/airflow/.local/lib/python3.12/site-packages/airflow/example_dags/tutorial_taskflow_templates.py for tasks to queue
[2025-02-04T09:02:50.396+0000] {logging_mixin.py:190} INFO - [2025-02-04T09:02:50.396+0000] {dagbag.py:588} INFO - Filling up the DagBag from /home/airflow/.local/lib/python3.12/site-packages/airflow/example_dags/tutorial_taskflow_templates.py
[2025-02-04T09:02:50.405+0000] {processor.py:925} INFO - DAG(s) 'tutorial_taskflow_templates' retrieved from /home/airflow/.local/lib/python3.12/site-packages/airflow/example_dags/tutorial_taskflow_templates.py
[2025-02-04T09:02:50.416+0000] {logging_mixin.py:190} INFO - [2025-02-04T09:02:50.416+0000] {dag.py:3239} INFO - Sync 1 DAGs
[2025-02-04T09:02:50.431+0000] {logging_mixin.py:190} INFO - [2025-02-04T09:02:50.431+0000] {dag.py:4180} INFO - Setting next_dagrun for tutorial_taskflow_templates to 2025-02-03 00:00:00+00:00, run_after=2025-02-04 00:00:00+00:00
[2025-02-04T09:02:50.441+0000] {processor.py:208} INFO - Processing /home/airflow/.local/lib/python3.12/site-packages/airflow/example_dags/tutorial_taskflow_templates.py took 0.051 seconds
