[2025-02-04T09:00:02.592+0000] {processor.py:186} INFO - Started process (PID=22497) to work on /home/airflow/.local/lib/python3.12/site-packages/airflow/example_dags/tutorial_taskflow_api_virtualenv.py
[2025-02-04T09:00:02.593+0000] {processor.py:914} INFO - Processing file /home/airflow/.local/lib/python3.12/site-packages/airflow/example_dags/tutorial_taskflow_api_virtualenv.py for tasks to queue
[2025-02-04T09:00:02.594+0000] {logging_mixin.py:190} INFO - [2025-02-04T09:00:02.594+0000] {dagbag.py:588} INFO - Filling up the DagBag from /home/airflow/.local/lib/python3.12/site-packages/airflow/example_dags/tutorial_taskflow_api_virtualenv.py
[2025-02-04T09:00:02.603+0000] {processor.py:925} INFO - DAG(s) 'tutorial_taskflow_api_virtualenv' retrieved from /home/airflow/.local/lib/python3.12/site-packages/airflow/example_dags/tutorial_taskflow_api_virtualenv.py
[2025-02-04T09:00:02.616+0000] {logging_mixin.py:190} INFO - [2025-02-04T09:00:02.616+0000] {dag.py:3239} INFO - Sync 1 DAGs
[2025-02-04T09:00:02.626+0000] {logging_mixin.py:190} INFO - [2025-02-04T09:00:02.626+0000] {dag.py:4180} INFO - Setting next_dagrun for tutorial_taskflow_api_virtualenv to None, run_after=None
[2025-02-04T09:00:02.639+0000] {processor.py:208} INFO - Processing /home/airflow/.local/lib/python3.12/site-packages/airflow/example_dags/tutorial_taskflow_api_virtualenv.py took 0.051 seconds
[2025-02-04T09:00:32.714+0000] {processor.py:186} INFO - Started process (PID=22561) to work on /home/airflow/.local/lib/python3.12/site-packages/airflow/example_dags/tutorial_taskflow_api_virtualenv.py
[2025-02-04T09:00:32.714+0000] {processor.py:914} INFO - Processing file /home/airflow/.local/lib/python3.12/site-packages/airflow/example_dags/tutorial_taskflow_api_virtualenv.py for tasks to queue
[2025-02-04T09:00:32.716+0000] {logging_mixin.py:190} INFO - [2025-02-04T09:00:32.716+0000] {dagbag.py:588} INFO - Filling up the DagBag from /home/airflow/.local/lib/python3.12/site-packages/airflow/example_dags/tutorial_taskflow_api_virtualenv.py
[2025-02-04T09:00:32.724+0000] {processor.py:925} INFO - DAG(s) 'tutorial_taskflow_api_virtualenv' retrieved from /home/airflow/.local/lib/python3.12/site-packages/airflow/example_dags/tutorial_taskflow_api_virtualenv.py
[2025-02-04T09:00:32.736+0000] {logging_mixin.py:190} INFO - [2025-02-04T09:00:32.736+0000] {dag.py:3239} INFO - Sync 1 DAGs
[2025-02-04T09:00:32.745+0000] {logging_mixin.py:190} INFO - [2025-02-04T09:00:32.744+0000] {dag.py:4180} INFO - Setting next_dagrun for tutorial_taskflow_api_virtualenv to None, run_after=None
[2025-02-04T09:00:32.757+0000] {processor.py:208} INFO - Processing /home/airflow/.local/lib/python3.12/site-packages/airflow/example_dags/tutorial_taskflow_api_virtualenv.py took 0.047 seconds
[2025-02-04T09:01:02.833+0000] {processor.py:186} INFO - Started process (PID=22625) to work on /home/airflow/.local/lib/python3.12/site-packages/airflow/example_dags/tutorial_taskflow_api_virtualenv.py
[2025-02-04T09:01:02.834+0000] {processor.py:914} INFO - Processing file /home/airflow/.local/lib/python3.12/site-packages/airflow/example_dags/tutorial_taskflow_api_virtualenv.py for tasks to queue
[2025-02-04T09:01:02.835+0000] {logging_mixin.py:190} INFO - [2025-02-04T09:01:02.835+0000] {dagbag.py:588} INFO - Filling up the DagBag from /home/airflow/.local/lib/python3.12/site-packages/airflow/example_dags/tutorial_taskflow_api_virtualenv.py
[2025-02-04T09:01:02.842+0000] {processor.py:925} INFO - DAG(s) 'tutorial_taskflow_api_virtualenv' retrieved from /home/airflow/.local/lib/python3.12/site-packages/airflow/example_dags/tutorial_taskflow_api_virtualenv.py
[2025-02-04T09:01:02.854+0000] {logging_mixin.py:190} INFO - [2025-02-04T09:01:02.854+0000] {dag.py:3239} INFO - Sync 1 DAGs
[2025-02-04T09:01:02.862+0000] {logging_mixin.py:190} INFO - [2025-02-04T09:01:02.862+0000] {dag.py:4180} INFO - Setting next_dagrun for tutorial_taskflow_api_virtualenv to None, run_after=None
[2025-02-04T09:01:02.874+0000] {processor.py:208} INFO - Processing /home/airflow/.local/lib/python3.12/site-packages/airflow/example_dags/tutorial_taskflow_api_virtualenv.py took 0.045 seconds
[2025-02-04T09:01:33.408+0000] {processor.py:186} INFO - Started process (PID=22695) to work on /home/airflow/.local/lib/python3.12/site-packages/airflow/example_dags/tutorial_taskflow_api_virtualenv.py
[2025-02-04T09:01:33.408+0000] {processor.py:914} INFO - Processing file /home/airflow/.local/lib/python3.12/site-packages/airflow/example_dags/tutorial_taskflow_api_virtualenv.py for tasks to queue
[2025-02-04T09:01:33.410+0000] {logging_mixin.py:190} INFO - [2025-02-04T09:01:33.409+0000] {dagbag.py:588} INFO - Filling up the DagBag from /home/airflow/.local/lib/python3.12/site-packages/airflow/example_dags/tutorial_taskflow_api_virtualenv.py
[2025-02-04T09:01:33.417+0000] {processor.py:925} INFO - DAG(s) 'tutorial_taskflow_api_virtualenv' retrieved from /home/airflow/.local/lib/python3.12/site-packages/airflow/example_dags/tutorial_taskflow_api_virtualenv.py
[2025-02-04T09:01:33.428+0000] {logging_mixin.py:190} INFO - [2025-02-04T09:01:33.428+0000] {dag.py:3239} INFO - Sync 1 DAGs
[2025-02-04T09:01:33.437+0000] {logging_mixin.py:190} INFO - [2025-02-04T09:01:33.437+0000] {dag.py:4180} INFO - Setting next_dagrun for tutorial_taskflow_api_virtualenv to None, run_after=None
[2025-02-04T09:01:33.448+0000] {processor.py:208} INFO - Processing /home/airflow/.local/lib/python3.12/site-packages/airflow/example_dags/tutorial_taskflow_api_virtualenv.py took 0.044 seconds
[2025-02-04T09:02:03.579+0000] {processor.py:186} INFO - Started process (PID=22759) to work on /home/airflow/.local/lib/python3.12/site-packages/airflow/example_dags/tutorial_taskflow_api_virtualenv.py
[2025-02-04T09:02:03.580+0000] {processor.py:914} INFO - Processing file /home/airflow/.local/lib/python3.12/site-packages/airflow/example_dags/tutorial_taskflow_api_virtualenv.py for tasks to queue
[2025-02-04T09:02:03.582+0000] {logging_mixin.py:190} INFO - [2025-02-04T09:02:03.582+0000] {dagbag.py:588} INFO - Filling up the DagBag from /home/airflow/.local/lib/python3.12/site-packages/airflow/example_dags/tutorial_taskflow_api_virtualenv.py
[2025-02-04T09:02:03.591+0000] {processor.py:925} INFO - DAG(s) 'tutorial_taskflow_api_virtualenv' retrieved from /home/airflow/.local/lib/python3.12/site-packages/airflow/example_dags/tutorial_taskflow_api_virtualenv.py
[2025-02-04T09:02:03.603+0000] {logging_mixin.py:190} INFO - [2025-02-04T09:02:03.603+0000] {dag.py:3239} INFO - Sync 1 DAGs
[2025-02-04T09:02:03.612+0000] {logging_mixin.py:190} INFO - [2025-02-04T09:02:03.612+0000] {dag.py:4180} INFO - Setting next_dagrun for tutorial_taskflow_api_virtualenv to None, run_after=None
[2025-02-04T09:02:03.623+0000] {processor.py:208} INFO - Processing /home/airflow/.local/lib/python3.12/site-packages/airflow/example_dags/tutorial_taskflow_api_virtualenv.py took 0.048 seconds
